#
# A fatal error has been detected by the Java Runtime Environment:
#
#  EXCEPTION_ACCESS_VIOLATION (0xc0000005) at pc=0x00007ffc8a52d6c8, pid=31060, tid=14628
#
# JRE version: OpenJDK Runtime Environment Temurin-23.0.1+11 (23.0.1+11) (build 23.0.1+11)
# Java VM: OpenJDK 64-Bit Server VM Temurin-23.0.1+11 (23.0.1+11, mixed mode, sharing, tiered, compressed oops, compressed class ptrs, g1 gc, windows-amd64)
# Problematic frame:
# C  [nvoglv64.dll+0xdad6c8]
#
# No core dump will be written. Minidumps are not enabled by default on client versions of Windows
#
# If you would like to submit a bug report, please visit:
#   https://github.com/adoptium/adoptium-support/issues
# The crash happened outside the Java Virtual Machine in native code.
# See problematic frame for where to report the bug.
#

---------------  S U M M A R Y ------------

Command Line: -Dfile.encoding=UTF-8 -Dstdout.encoding=UTF-8 -Dstderr.encoding=UTF-8 -XX:+ShowCodeDetailsInExceptionMessages org.drakum.demo.App

Host: AMD Ryzen 9 7950X3D 16-Core Processor          , 32 cores, 31G,  Windows 11 , 64 bit Build 26100 (10.0.26100.3323)
Time: Sat Mar 22 21:30:50 2025 Mitteleuropäische Zeit elapsed time: 0.344683 seconds (0d 0h 0m 0s)

---------------  T H R E A D  ---------------

Current thread (0x00000220d8f5f5d0):  JavaThread "main"             [_thread_in_native, id=14628, stack(0x0000004235b00000,0x0000004235c00000) (1024K)]

Stack: [0x0000004235b00000,0x0000004235c00000],  sp=0x0000004235bff150,  free space=1020k
Native frames: (J=compiled Java code, j=interpreted, Vv=VM code, C=native code)
C  [nvoglv64.dll+0xdad6c8]  (no source info available)
C  [vulkan-1.dll+0x694e2]  (no source info available)
C  [VkLayer_khronos_validation.dll+0xe99def]  DispatchGetPhysicalDeviceSurfaceSupportKHR+0xaf  (layer_chassis_dispatch.cpp:2988)
C  [VkLayer_khronos_validation.dll+0xe095e9]  vulkan_layer_chassis::GetPhysicalDeviceSurfaceSupportKHR+0x219  (chassis.cpp:5734)
C  [vulkan-1.dll+0x6a2a0]  (no source info available)
C  0x00000220e8cfd307  (no source info available)

The last pc belongs to native method entry point (kind = native) (printed below).
Java frames: (J=compiled Java code, j=interpreted, Vv=VM code)
j  org.lwjgl.system.JNI.callPJPI(JIJJJ)I+0
j  org.lwjgl.vulkan.KHRSurface.nvkGetPhysicalDeviceSurfaceSupportKHR(Lorg/lwjgl/vulkan/VkPhysicalDevice;IJJ)I+31
j  org.lwjgl.vulkan.KHRSurface.vkGetPhysicalDeviceSurfaceSupportKHR(Lorg/lwjgl/vulkan/VkPhysicalDevice;IJLjava/nio/IntBuffer;)I+20
j  org.drakum.demo.Utils.getPhysicalDeviceSurfaceSupportKHR(Lorg/lwjgl/vulkan/VkPhysicalDevice;IJLorg/lwjgl/system/MemoryStack;)Z+13
j  org.drakum.demo.App.main([Ljava/lang/String;)V+406
v  ~StubRoutines::call_stub 0x00000220e8cf0fcd

siginfo: EXCEPTION_ACCESS_VIOLATION (0xc0000005), reading address 0x0000000000000000


Registers:
RAX=0x0000000000000000, RBX=0x00000220c7b71660, RCX=0x00000220c7eba940, RDX=0x0000000000000000
RSP=0x0000004235bff150, RBP=0x00000220c13069b4, RSI=0x00000220c7b71660, RDI=0x0000000000000000
R8 =0x0000000000000000, R9 =0x00000220c13069b4, R10=0x00000220c7eba990, R11=0x0000000000000000
R12=0x0000000000000000, R13=0x0000000000000000, R14=0x0000000000000000, R15=0x0000000000000000
RIP=0x00007ffc8a52d6c8, EFLAGS=0x0000000000010206


Register to memory mapping:

RAX=0x0 is null
RBX=0x00000220c7b71660 points into unknown readable memory: 0x00000220c1c64320 | 20 43 c6 c1 20 02 00 00
RCX=0x00000220c7eba940 points into unknown readable memory: 0x00007ffc8b404678 | 78 46 40 8b fc 7f 00 00
RDX=0x0 is null
RSP=0x0000004235bff150 is pointing into the stack for thread: 0x00000220d8f5f5d0
RBP=0x00000220c13069b4 points into unknown readable memory: 00 00 00 00
RSI=0x00000220c7b71660 points into unknown readable memory: 0x00000220c1c64320 | 20 43 c6 c1 20 02 00 00
RDI=0x0 is null
R8 =0x0 is null
R9 =0x00000220c13069b4 points into unknown readable memory: 00 00 00 00
R10=0x00000220c7eba990 points into unknown readable memory: 0x0000000001cdc0de | de c0 cd 01 00 00 00 00
R11=0x0 is null
R12=0x0 is null
R13=0x0 is null
R14=0x0 is null
R15=0x0 is null

Top of Stack: (sp=0x0000004235bff150)
0x0000004235bff150:   000002028c967840 0000000000000002
0x0000004235bff160:   0000758a17fbdcfa 0000004235bff1e0
0x0000004235bff170:   0000000000000000 0000000000000000
0x0000004235bff180:   0000000000000000 00007ffcd92394e2
0x0000004235bff190:   00000220c7b71660 00000220c13069b4
0x0000004235bff1a0:   00000220c7b71660 00007ffc34bbdf55
0x0000004235bff1b0:   0000000000000000 0000004235bff320
0x0000004235bff1c0:   00007ffc3573e6a0 00007ffc34ce9def
0x0000004235bff1d0:   000002028c9e0000 0000004235bff1f0
0x0000004235bff1e0:   000002028c364110 000002028c9e0000
0x0000004235bff1f0:   0000000000000233 ffffffff00000790
0x0000004235bff200:   00000220c7b71660 000002028c9e0000
0x0000004235bff210:   000002028c82e300 00007ffc34c595e9
0x0000004235bff220:   00000220c1c64320 000002028c960000
0x0000004235bff230:   0000004235bff320 000002028c82e300
0x0000004235bff240:   00000220c13069b4 0000004235bff280
0x0000004235bff250:   000002028c961ba0 00007ffc00000000
0x0000004235bff260:   000002028c9e0000 00000220c13069b4
0x0000004235bff270:   000002028c82e300 00000220c1c64320
0x0000004235bff280:   0000000000000233 ffffffff00000000
0x0000004235bff290:   0000004235bff500 0000000000000000
0x0000004235bff2a0:   000000007fffffff 0000000000000000
0x0000004235bff2b0:   0000000000000233 ffffffff00000000
0x0000004235bff2c0:   0000000000000000 0000000000000000
0x0000004235bff2d0:   00000220c7b71660 00007ffc00000004
0x0000004235bff2e0:   0000000400000001 00000220c7b71660
0x0000004235bff2f0:   00007ffc00000004 0000000001777575
0x0000004235bff300:   00000220c24c7b20 00000220d8f5f5d0
0x0000004235bff310:   0000000200000009 00007ffc00000005
0x0000004235bff320:   00000220d69c3d20 0000000000000000
0x0000004235bff330:   0000004235bff2e8 00000220c24c7b20
0x0000004235bff340:   0000758a17fbde6a 00000000000001ee 

Instructions: (pc=0x00007ffc8a52d6c8)
0x00007ffc8a52d5c8:   8d 45 fd 48 83 c4 40 41 5f 41 5c 5e 5d 5b c3 48
0x00007ffc8a52d5d8:   8b 93 f0 0d 00 00 4c 8d 44 24 78 48 8b 4b 58 e8
0x00007ffc8a52d5e8:   e4 89 0e 00 85 c0 0f 85 a9 00 00 00 48 8b 45 00
0x00007ffc8a52d5f8:   48 8d 4c 24 70 4c 8b 44 24 78 4c 8d 4c 24 30 48
0x00007ffc8a52d608:   89 4c 24 20 49 8b d4 48 8b cd ff 50 18 85 c0 0f
0x00007ffc8a52d618:   85 80 00 00 00 33 db 48 89 bc 24 80 00 00 00 8b
0x00007ffc8a52d628:   fb 4c 89 b4 24 88 00 00 00 39 5c 24 70 76 51 48
0x00007ffc8a52d638:   8b 54 24 30 0f 1f 40 00 48 8b 45 00 48 8b cd 4c
0x00007ffc8a52d648:   8b 44 24 78 4c 8b 50 20 8b c7 4c 8d 34 85 00 00
0x00007ffc8a52d658:   00 00 45 8b 0c 16 49 8b d4 41 ff d2 48 8b 54 24
0x00007ffc8a52d668:   30 85 c0 74 13 48 85 f6 74 0c 41 3b 1f 73 32 41
0x00007ffc8a52d678:   8b 04 16 89 04 9e ff c3 ff c7 3b 7c 24 70 72 b8
0x00007ffc8a52d688:   41 89 1f 33 c0 48 8b bc 24 80 00 00 00 4c 8b b4
0x00007ffc8a52d698:   24 88 00 00 00 48 83 c4 40 41 5f 41 5c 5e 5d 5b
0x00007ffc8a52d6a8:   c3 b8 05 00 00 00 eb dd 48 89 5c 24 08 48 89 6c
0x00007ffc8a52d6b8:   24 10 48 89 74 24 18 57 41 56 41 57 48 83 ec 20
0x00007ffc8a52d6c8:   49 8b 00 48 8b f9 49 8b c8 49 8b d9 4d 8b f8 8b
0x00007ffc8a52d6d8:   ea ff 50 10 48 8b 4f 58 48 8b d7 48 8b f0 44 8b
0x00007ffc8a52d6e8:   00 e8 92 89 0e 00 4c 8b f0 48 85 c0 75 06 41 8d
0x00007ffc8a52d6f8:   46 fd eb 4f c7 03 01 00 00 00 48 8b d7 8b 36 44
0x00007ffc8a52d708:   8b c6 48 8b 4f 58 e8 6d 89 0e 00 48 85 c0 74 1a
0x00007ffc8a52d718:   48 8b 08 44 8b ce 44 8b c5 48 8b d7 4c 8b 51 78
0x00007ffc8a52d728:   48 8b c8 41 ff d2 84 c0 75 06 c7 03 00 00 00 00
0x00007ffc8a52d738:   49 8b 06 4d 8b c7 48 8b d7 49 8b ce ff 50 30 21
0x00007ffc8a52d748:   03 33 c0 48 8b 5c 24 40 48 8b 6c 24 48 48 8b 74
0x00007ffc8a52d758:   24 50 48 83 c4 20 41 5f 41 5e 5f c3 cc cc cc cc
0x00007ffc8a52d768:   cc cc cc cc cc cc cc cc 48 89 5c 24 10 57 48 83
0x00007ffc8a52d778:   ec 20 48 8b 01 49 8b f8 4c 8d 44 24 30 48 c7 44
0x00007ffc8a52d788:   24 30 00 00 00 00 49 8b d9 ff 50 10 85 c0 75 64
0x00007ffc8a52d798:   48 8b 87 f0 0d 00 00 8b 88 a0 95 01 00 b8 08 00
0x00007ffc8a52d7a8:   00 00 85 c9 74 05 3b c8 0f 42 c1 8b 4c 24 34 89
0x00007ffc8a52d7b8:   43 04 48 8b 44 24 30 89 43 08 89 43 10 89 43 18 


Stack slot to memory mapping:

stack at sp + 0 slots: 0x000002028c967840 points into unknown readable memory: 0x0000000000100000 | 00 00 10 00 00 00 00 00
stack at sp + 1 slots: 0x0000000000000002 is an unknown value
stack at sp + 2 slots: 0x0000758a17fbdcfa is an unknown value
stack at sp + 3 slots: 0x0000004235bff1e0 is pointing into the stack for thread: 0x00000220d8f5f5d0
stack at sp + 4 slots: 0x0 is null
stack at sp + 5 slots: 0x0 is null
stack at sp + 6 slots: 0x0 is null
stack at sp + 7 slots: 0x00007ffcd92394e2 vulkan-1.dll

Lock stack of current Java thread (top to bottom):

native method entry point (kind = native)  [0x00000220e8cfcee0, 0x00000220e8cfdb38]  3160 bytes
[MachCode]
  0x00000220e8cfcee0: 488b 4b08 | 0fb7 492e | 584c 8d74 | ccf8 6800 | 0000 0068 | 0000 0000 | 5055 488b | ec41 5568 
  0x00000220e8cfcf00: 0000 0000 | 4c8b 6b08 | 4d8d 6d38 | 5348 8b53 | 0848 8b52 | 0848 8b52 | 1848 8b52 | 7048 8b12 
  0x00000220e8cfcf20: 5248 8b53 | 1048 85d2 | 0f84 0700 | 0000 4881 | c210 0100 | 0052 488b | 5308 488b | 5208 488b 
  0x00000220e8cfcf40: 5210 5249 | 8bc6 482b | c548 c1e8 | 0350 6800 | 0000 0068 | f7ff ffff | 41c6 8771 | 0400 0001 
  0x00000220e8cfcf60: 488b 4310 | 4885 c074 | 208b 88cc | 0000 0083 | c102 8988 | cc00 0000 | 2388 e000 | 0000 0f84 
  0x00000220e8cfcf80: 000b 0000 | e9cf 0000 | 0048 8b43 | 1848 85c0 | 0f85 b000 | 0000 e805 | 0000 00e9 | 9900 0000 
  0x00000220e8cfcfa0: 488b d348 | 8d44 2408 | 4c89 6dc0 | 498b cfc5 | f877 4989 | afb0 0300 | 0049 8987 | a003 0000 
  0x00000220e8cfcfc0: 4883 ec20 | 40f6 c40f | 0f84 1900 | 0000 4883 | ec08 48b8 | 608d 524e | fc7f 0000 | ffd0 4883 
  0x00000220e8cfcfe0: c408 e90c | 0000 0048 | b860 8d52 | 4efc 7f00 | 00ff d048 | 83c4 2049 | c787 a003 | 0000 0000 
  0x00000220e8cfd000: 0000 49c7 | 87b0 0300 | 0000 0000 | 0049 c787 | a803 0000 | 0000 0000 | c5f8 7749 | 837f 0800 
  0x00000220e8cfd020: 0f84 0500 | 0000 e995 | 3eff ff4c | 8b6d c04c | 8b75 c84e | 8d74 f500 | c348 8b43 | 1848 85c0 
  0x00000220e8cfd040: 0f84 1200 | 0000 8b48 | 0883 c102 | 8948 0823 | 481c 0f84 | 2c0a 0000 | 493b a7e8 | 0400 000f 
  0x00000220e8cfd060: 8748 0000 | 0089 8424 | 00f0 ffff | 8984 2400 | e0ff ff89 | 8424 00d0 | ffff 8984 | 2400 c0ff 
  0x00000220e8cfd080: ff89 8424 | 00b0 ffff | 8984 2400 | a0ff ff89 | 8424 0090 | ffff 8984 | 2400 80ff | ff49 3ba7 
  0x00000220e8cfd0a0: e004 0000 | 7607 4989 | a7e8 0400 | 0041 c687 | 7104 0000 | 0049 ba91 | 31e1 4efc | 7f00 0041 
  0x00000220e8cfd0c0: 803a 000f | 843e 0000 | 0048 8b55 | e849 8bcf | 4883 ec20 | 40f6 c40f | 0f84 1900 | 0000 4883 
  0x00000220e8cfd0e0: ec08 48b8 | 807e 8a4e | fc7f 0000 | ffd0 4883 | c408 e90c | 0000 0048 | b880 7e8a | 4efc 7f00 
  0x00000220e8cfd100: 00ff d048 | 83c4 2048 | 8b5d e84c | 8b5b 0845 | 0fb7 5b2e | 41c1 e303 | 492b e348 | 83ec 2048 
  0x00000220e8cfd120: 83e4 f04c | 8b5b 604d | 85db 0f85 | ab00 0000 | e805 0000 | 00e9 9900 | 0000 488b | d348 8d44 
  0x00000220e8cfd140: 2408 4c89 | 6dc0 498b | cfc5 f877 | 4989 afb0 | 0300 0049 | 8987 a003 | 0000 4883 | ec20 40f6 
  0x00000220e8cfd160: c40f 0f84 | 1900 0000 | 4883 ec08 | 48b8 c0b4 | 524e fc7f | 0000 ffd0 | 4883 c408 | e90c 0000 
  0x00000220e8cfd180: 0048 b8c0 | b452 4efc | 7f00 00ff | d048 83c4 | 2049 c787 | a003 0000 | 0000 0000 | 49c7 87b0 
  0x00000220e8cfd1a0: 0300 0000 | 0000 0049 | c787 a803 | 0000 0000 | 0000 c5f8 | 7749 837f | 0800 0f84 | 0500 0000 
  0x00000220e8cfd1c0: e9fb 3cff | ff4c 8b6d | c04c 8b75 | c84e 8d74 | f500 c348 | 8b5d e84c | 8b5b 6041 | ffd3 488b 
  0x00000220e8cfd1e0: 5de8 4889 | 4518 448b | 5b28 41f6 | c308 0f84 | 1b00 0000 | 4c8b 5b08 | 4d8b 5b08 | 4d8b 5b18 
  0x00000220e8cfd200: 4d8b 5b70 | 4d8b 1b4c | 895d 1048 | 8d55 1048 | 8b43 5849 | bae0 cb8a | 4efc 7f00 | 0049 3bc2 
  0x00000220e8cfd220: 0f85 ab00 | 0000 e805 | 0000 00e9 | 9900 0000 | 488b d348 | 8d44 2408 | 4c89 6dc0 | 498b cfc5 
  0x00000220e8cfd240: f877 4989 | afb0 0300 | 0049 8987 | a003 0000 | 4883 ec20 | 40f6 c40f | 0f84 1900 | 0000 4883 
  0x00000220e8cfd260: ec08 48b8 | c0b4 524e | fc7f 0000 | ffd0 4883 | c408 e90c | 0000 0048 | b8c0 b452 | 4efc 7f00 
  0x00000220e8cfd280: 00ff d048 | 83c4 2049 | c787 a003 | 0000 0000 | 0000 49c7 | 87b0 0300 | 0000 0000 | 0049 c787 
  0x00000220e8cfd2a0: a803 0000 | 0000 0000 | c5f8 7749 | 837f 0800 | 0f84 0500 | 0000 e905 | 3cff ff4c | 8b6d c04c 
  0x00000220e8cfd2c0: 8b75 c84e | 8d74 f500 | c348 8b5d | e848 8b43 | 5849 8d8f | c003 0000 | c5f8 7749 | 89af b003 
  0x00000220e8cfd2e0: 0000 49ba | d8d2 cfe8 | 2002 0000 | 4d89 97a8 | 0300 0049 | 89a7 a003 | 0000 41c7 | 8744 0400 
  0x00000220e8cfd300: 0004 0000 | 00ff d0c5 | f877 4883 | ec10 c5fb | 1104 2448 | 83ec 1048 | 8904 2448 | c744 2408 
  0x00000220e8cfd320: 0000 0000 | 41c7 8744 | 0400 0005 | 0000 00f0 | 8344 24c0 | 0049 3baf | 4804 0000 | 0f87 0e00 
  0x00000220e8cfd340: 0000 4183 | bf40 0400 | 0000 0f84 | 2000 0000 | 498b cf4c | 8be4 4883 | ec20 4883 | e4f0 48b8 
  0x00000220e8cfd360: 6010 544e | fc7f 0000 | ffd0 498b | e44d 33e4 | 41c7 8744 | 0400 0008 | 0000 0049 | c787 a003 
  0x00000220e8cfd380: 0000 0000 | 0000 49c7 | 87b0 0300 | 0000 0000 | 0049 c787 | a803 0000 | 0000 0000 | c5f8 774d 
  0x00000220e8cfd3a0: 8b9f 3004 | 0000 41c7 | 8300 0100 | 0000 0000 | 0049 bbda | a5cf e820 | 0200 004c | 3b5d 180f 
  0x00000220e8cfd3c0: 8524 0300 | 0048 8b04 | 2448 83c4 | 1048 85c0 | 0f84 fe02 | 0000 a803 | 0f85 0800 | 0000 488b 
  0x00000220e8cfd3e0: 00e9 ee02 | 0000 a801 | 0f85 0900 | 0000 488b | 40fe e9dd | 0200 0048 | 8b40 ff41 | 807f 3800 
  0x00000220e8cfd400: 0f84 ce02 | 0000 4883 | f800 0f84 | c402 0000 | 4d8b 5f28 | 4983 fb00 | 0f84 1400 | 0000 4983 
  0x00000220e8cfd420: eb08 4d89 | 5f28 4d03 | 5f30 4989 | 03e9 a202 | 0000 4881 | ec50 0100 | 0048 8904 | 2448 894c 
  0x00000220e8cfd440: 2408 4889 | 5424 1048 | 8974 2418 | 4889 7c24 | 204c 8944 | 2428 4c89 | 4c24 304c | 8954 2438 
  0x00000220e8cfd460: 4c89 5c24 | 40c5 fb11 | 4424 50c5 | fb11 4c24 | 58c5 fb11 | 5424 60c5 | fb11 5c24 | 68c5 fb11 
  0x00000220e8cfd480: 6424 70c5 | fb11 6c24 | 78c5 fb11 | b424 8000 | 0000 c5fb | 11bc 2488 | 0000 00c5 | 7b11 8424 
  0x00000220e8cfd4a0: 9000 0000 | c57b 118c | 2498 0000 | 00c5 7b11 | 9424 a000 | 0000 c57b | 119c 24a8 | 0000 00c5 
  0x00000220e8cfd4c0: 7b11 a424 | b000 0000 | c57b 11ac | 24b8 0000 | 00c5 7b11 | b424 c000 | 0000 c57b | 11bc 24c8 
  0x00000220e8cfd4e0: 0000 0062 | e1ff 0811 | 4424 1a62 | e1ff 0811 | 4c24 1b62 | e1ff 0811 | 5424 1c62 | e1ff 0811 
  0x00000220e8cfd500: 5c24 1d62 | e1ff 0811 | 6424 1e62 | e1ff 0811 | 6c24 1f62 | e1ff 0811 | 7424 2062 | e1ff 0811 
  0x00000220e8cfd520: 7c24 2162 | 61ff 0811 | 4424 2262 | 61ff 0811 | 4c24 2362 | 61ff 0811 | 5424 2462 | 61ff 0811 
  0x00000220e8cfd540: 5c24 2562 | 61ff 0811 | 6424 2662 | 61ff 0811 | 6c24 2762 | 61ff 0811 | 7424 2862 | 61ff 0811 
  0x00000220e8cfd560: 7c24 2949 | 8bd7 488b | c848 83ec | 2040 f6c4 | 0f0f 8419 | 0000 0048 | 83ec 0848 | b8b0 7947 
  0x00000220e8cfd580: 4efc 7f00 | 00ff d048 | 83c4 08e9 | 0c00 0000 | 48b8 b079 | 474e fc7f | 0000 ffd0 | 4883 c420 
  0x00000220e8cfd5a0: 6261 ff08 | 107c 2429 | 6261 ff08 | 1074 2428 | 6261 ff08 | 106c 2427 | 6261 ff08 | 1064 2426 
  0x00000220e8cfd5c0: 6261 ff08 | 105c 2425 | 6261 ff08 | 1054 2424 | 6261 ff08 | 104c 2423 | 6261 ff08 | 1044 2422 
  0x00000220e8cfd5e0: 62e1 ff08 | 107c 2421 | 62e1 ff08 | 1074 2420 | 62e1 ff08 | 106c 241f | 62e1 ff08 | 1064 241e 
  0x00000220e8cfd600: 62e1 ff08 | 105c 241d | 62e1 ff08 | 1054 241c | 62e1 ff08 | 104c 241b | 62e1 ff08 | 1044 241a 
  0x00000220e8cfd620: c57b 10bc | 24c8 0000 | 00c5 7b10 | b424 c000 | 0000 c57b | 10ac 24b8 | 0000 00c5 | 7b10 a424 
  0x00000220e8cfd640: b000 0000 | c57b 109c | 24a8 0000 | 00c5 7b10 | 9424 a000 | 0000 c57b | 108c 2498 | 0000 00c5 
  0x00000220e8cfd660: 7b10 8424 | 9000 0000 | c5fb 10bc | 2488 0000 | 00c5 fb10 | b424 8000 | 0000 c5fb | 106c 2478 
  0x00000220e8cfd680: c5fb 1064 | 2470 c5fb | 105c 2468 | c5fb 1054 | 2460 c5fb | 104c 2458 | c5fb 1044 | 2450 4c8b 
  0x00000220e8cfd6a0: 5c24 404c | 8b54 2438 | 4c8b 4c24 | 304c 8b44 | 2428 488b | 7c24 2048 | 8b74 2418 | 488b 5424 
  0x00000220e8cfd6c0: 1048 8b4c | 2408 488b | 0424 4881 | c450 0100 | 00c5 f877 | 4889 4510 | 4883 ec10 | 4889 0424 
  0x00000220e8cfd6e0: 48c7 4424 | 0800 0000 | 0041 83bf | c804 0000 | 020f 85bf | 0000 0048 | 81ec 8000 | 0000 4889 
  0x00000220e8cfd700: 4424 7848 | 894c 2470 | 4889 5424 | 6848 895c | 2460 4889 | 6c24 5048 | 8974 2448 | 4889 7c24 
  0x00000220e8cfd720: 404c 8944 | 2438 4c89 | 4c24 304c | 8954 2428 | 4c89 5c24 | 204c 8964 | 2418 4c89 | 6c24 104c 
  0x00000220e8cfd740: 8974 2408 | 4c89 3c24 | 4c8b e448 | 83ec 2048 | 83e4 f048 | b850 b38a | 4efc 7f00 | 00ff d049 
  0x00000220e8cfd760: 8be4 4c8b | 3c24 4c8b | 7424 084c | 8b6c 2410 | 4c8b 6424 | 184c 8b5c | 2420 4c8b | 5424 284c 
  0x00000220e8cfd780: 8b4c 2430 | 4c8b 4424 | 3848 8b7c | 2440 488b | 7424 4848 | 8b6c 2450 | 488b 5c24 | 6048 8b54 
  0x00000220e8cfd7a0: 2468 488b | 4c24 7048 | 8b44 2478 | 4881 c480 | 0000 004d | 33e4 488b | 5de8 4c8b | 6b08 4d8d 
  0x00000220e8cfd7c0: 6d38 4983 | 7f08 000f | 84bb 0000 | 00e8 0500 | 0000 e996 | 0000 0048 | 8d44 2408 | 4c89 6dc0 
  0x00000220e8cfd7e0: 498b cfc5 | f877 4989 | afb0 0300 | 0049 8987 | a003 0000 | 4883 ec20 | 40f6 c40f | 0f84 1900 
  0x00000220e8cfd800: 0000 4883 | ec08 48b8 | d0d2 524e | fc7f 0000 | ffd0 4883 | c408 e90c | 0000 0048 | b8d0 d252 
  0x00000220e8cfd820: 4efc 7f00 | 00ff d048 | 83c4 2049 | c787 a003 | 0000 0000 | 0000 49c7 | 87b0 0300 | 0000 0000 
  0x00000220e8cfd840: 0049 c787 | a803 0000 | 0000 0000 | c5f8 7749 | 837f 0800 | 0f84 0500 | 0000 e961 | 36ff ff4c 
  0x00000220e8cfd860: 8b6d c04c | 8b75 c84e | 8d74 f500 | c348 b920 | 8eb7 4efc | 7f00 0048 | 83e4 f048 | b880 b378 
  0x00000220e8cfd880: 4efc 7f00 | 00ff d0f4 | 448b 5b28 | 41f6 c320 | 0f84 7901 | 0000 488d | 55a8 4c8b | 5a08 4d85 
  0x00000220e8cfd8a0: db0f 85bb | 0000 00e8 | 0500 0000 | e996 0000 | 0048 8d44 | 2408 4c89 | 6dc0 498b | cfc5 f877 
  0x00000220e8cfd8c0: 4989 afb0 | 0300 0049 | 8987 a003 | 0000 4883 | ec20 40f6 | c40f 0f84 | 1900 0000 | 4883 ec08 
  0x00000220e8cfd8e0: 48b8 00d2 | 524e fc7f | 0000 ffd0 | 4883 c408 | e90c 0000 | 0048 b800 | d252 4efc | 7f00 00ff 
  0x00000220e8cfd900: d048 83c4 | 2049 c787 | a003 0000 | 0000 0000 | 49c7 87b0 | 0300 0000 | 0000 0049 | c787 a803 
  0x00000220e8cfd920: 0000 0000 | 0000 c5f8 | 7749 837f | 0800 0f84 | 0500 0000 | e987 35ff | ff4c 8b6d | c04c 8b75 
  0x00000220e8cfd940: c84e 8d74 | f500 c348 | b920 8eb7 | 4efc 7f00 | 0048 83e4 | f048 b880 | b378 4efc | 7f00 00ff 
  0x00000220e8cfd960: d0f4 4c89 | 6dc0 4c8b | 4a08 48c7 | 4208 0000 | 0000 458b | 8718 0600 | 004f 3b4c | 07f8 0f85 
  0x00000220e8cfd980: 4900 0000 | 4183 af18 | 0600 0008 | 4f3b 4c07 | f00f 842a | 0000 0049 | 8b01 a802 | 0f85 1200 
  0x00000220e8cfd9a0: 0000 4c8b | c049 83c8 | 01f0 4d0f | b101 0f84 | 0d00 0000 | 4183 8718 | 0600 0008 | e90c 0000 
  0x00000220e8cfd9c0: 0049 ff8f | 5005 0000 | e93e 0000 | 004c 894a | 0848 8bca | 4883 ec20 | 40f6 c40f | 0f84 1900 
  0x00000220e8cfd9e0: 0000 4883 | ec08 48b8 | c0a4 524e | fc7f 0000 | ffd0 4883 | c408 e90c | 0000 0048 | b8c0 a452 
  0x00000220e8cfda00: 4efc 7f00 | 00ff d048 | 83c4 204c | 8b6d c049 | ba91 31e1 | 4efc 7f00 | 0041 803a | 000f 843e 
  0x00000220e8cfda20: 0000 0048 | 8b55 e849 | 8bcf 4883 | ec20 40f6 | c40f 0f84 | 1900 0000 | 4883 ec08 | 48b8 807e 
  0x00000220e8cfda40: 8a4e fc7f | 0000 ffd0 | 4883 c408 | e90c 0000 | 0048 b880 | 7e8a 4efc | 7f00 00ff | d048 83c4 
  0x00000220e8cfda60: 2048 8b04 | 2448 83c4 | 10c5 fb10 | 0424 4883 | c410 4c8b | 5d18 41ff | d34c 8b5d | f8c9 5f49 
  0x00000220e8cfda80: 8be3 ffe7 | ba00 0000 | 00e8 0500 | 0000 e996 | 0000 0048 | 8d44 2408 | 4c89 6dc0 | 498b cfc5 
  0x00000220e8cfdaa0: f877 4989 | afb0 0300 | 0049 8987 | a003 0000 | 4883 ec20 | 40f6 c40f | 0f84 1900 | 0000 4883 
  0x00000220e8cfdac0: ec08 48b8 | 7098 524e | fc7f 0000 | ffd0 4883 | c408 e90c | 0000 0048 | b870 9852 | 4efc 7f00 
  0x00000220e8cfdae0: 00ff d048 | 83c4 2049 | c787 a003 | 0000 0000 | 0000 49c7 | 87b0 0300 | 0000 0000 | 0049 c787 
  0x00000220e8cfdb00: a803 0000 | 0000 0000 | c5f8 7749 | 837f 0800 | 0f84 0500 | 0000 e9a5 | 33ff ff4c | 8b6d c04c 
  0x00000220e8cfdb20: 8b75 c84e | 8d74 f500 | c348 8b5d | e8e9 26f5 | ffff 660f | 1f44 0000 
[/MachCode]

---------------  P R O C E S S  ---------------

Threads class SMR info:
_java_thread_list=0x00000220c1c5bd20, length=14, elements={
0x00000220d8f5f5d0, 0x00000220fdbc3590, 0x00000220fdbc42e0, 0x00000220fdbd0000,
0x00000220fdbd0ea0, 0x00000220fdbd1b20, 0x00000220fdbd4680, 0x00000220fdbd9b40,
0x00000220fdbdb990, 0x00000220c115fb10, 0x00000220c1210f30, 0x00000220c122bde0,
0x00000220c7eb8f20, 0x00000220c7eb95e0
}

Java Threads: ( => current thread )
=>0x00000220d8f5f5d0 JavaThread "main"                              [_thread_in_native, id=14628, stack(0x0000004235b00000,0x0000004235c00000) (1024K)]
  0x00000220fdbc3590 JavaThread "Reference Handler"          daemon [_thread_blocked, id=28368, stack(0x0000004236300000,0x0000004236400000) (1024K)]
  0x00000220fdbc42e0 JavaThread "Finalizer"                  daemon [_thread_blocked, id=7808, stack(0x0000004236400000,0x0000004236500000) (1024K)]
  0x00000220fdbd0000 JavaThread "Signal Dispatcher"          daemon [_thread_blocked, id=30304, stack(0x0000004236500000,0x0000004236600000) (1024K)]
  0x00000220fdbd0ea0 JavaThread "Attach Listener"            daemon [_thread_blocked, id=31720, stack(0x0000004236600000,0x0000004236700000) (1024K)]
  0x00000220fdbd1b20 JavaThread "Service Thread"             daemon [_thread_blocked, id=18788, stack(0x0000004236700000,0x0000004236800000) (1024K)]
  0x00000220fdbd4680 JavaThread "Monitor Deflation Thread"   daemon [_thread_blocked, id=29616, stack(0x0000004236800000,0x0000004236900000) (1024K)]
  0x00000220fdbd9b40 JavaThread "C2 CompilerThread0"         daemon [_thread_blocked, id=28280, stack(0x0000004236900000,0x0000004236a00000) (1024K)]
  0x00000220fdbdb990 JavaThread "C1 CompilerThread0"         daemon [_thread_blocked, id=31088, stack(0x0000004236a00000,0x0000004236b00000) (1024K)]
  0x00000220c115fb10 JavaThread "C1 CompilerThread1"         daemon [_thread_blocked, id=31124, stack(0x0000004236b00000,0x0000004236c00000) (1024K)]
  0x00000220c1210f30 JavaThread "Notification Thread"        daemon [_thread_blocked, id=26844, stack(0x0000004236c00000,0x0000004236d00000) (1024K)]
  0x00000220c122bde0 JavaThread "Common-Cleaner"             daemon [_thread_blocked, id=29424, stack(0x0000004236d00000,0x0000004236e00000) (1024K)]
  0x00000220c7eb8f20 JavaThread "C1 CompilerThread2"         daemon [_thread_blocked, id=29340, stack(0x0000004237700000,0x0000004237800000) (1024K)]
  0x00000220c7eb95e0 JavaThread "C1 CompilerThread3"         daemon [_thread_blocked, id=29052, stack(0x0000004237800000,0x0000004237900000) (1024K)]
Total: 14

Other Threads:
  0x00000220fdba8b90 VMThread "VM Thread"                           [id=28720, stack(0x0000004236200000,0x0000004236300000) (1024K)]
  0x00000220c1081640 WatcherThread "VM Periodic Task Thread"        [id=3516, stack(0x0000004236100000,0x0000004236200000) (1024K)]
  0x00000220d9004170 WorkerThread "GC Thread#0"                     [id=30972, stack(0x0000004235c00000,0x0000004235d00000) (1024K)]
  0x00000220d9018b80 ConcurrentGCThread "G1 Main Marker"            [id=30060, stack(0x0000004235d00000,0x0000004235e00000) (1024K)]
  0x00000220d901ab50 WorkerThread "G1 Conc#0"                       [id=30724, stack(0x0000004235e00000,0x0000004235f00000) (1024K)]
  0x00000220fdadd3f0 ConcurrentGCThread "G1 Refine#0"               [id=27068, stack(0x0000004235f00000,0x0000004236000000) (1024K)]
  0x00000220fdaddf70 ConcurrentGCThread "G1 Service"                [id=30768, stack(0x0000004236000000,0x0000004236100000) (1024K)]
Total: 7

Threads with active compile tasks:
Total: 0

VM state: not at safepoint (normal execution)

VM Mutex/Monitor currently owned by a thread: None

Heap address: 0x000000060e400000, size: 7964 MB, Compressed Oops mode: Zero based, Oop shift amount: 3

CDS archive(s) mapped at: [0x0000022080000000-0x0000022080d70000-0x0000022080d70000), size 14090240, SharedBaseAddress: 0x0000022080000000, ArchiveRelocationMode: 1.
Compressed class space mapped at: 0x0000022081000000-0x00000220c1000000, reserved size: 1073741824
Narrow klass base: 0x0000022080000000, Narrow klass shift: 0, Narrow klass range: 0x41000000

GC Precious Log:
 CardTable entry size: 512
 Card Set container configuration: InlinePtr #cards 4 size 8 Array Of Cards #cards 32 size 80 Howl #buckets 8 coarsen threshold 7372 Howl Bitmap #cards 1024 size 144 coarsen threshold 921 Card regions per heap region 1 cards per card region 8192
 CPUs: 32 total, 32 available
 Memory: 31849M
 Large Page Support: Disabled
 NUMA Support: Disabled
 Compressed Oops: Enabled (Zero based)
 Heap Region Size: 4M
 Heap Min Capacity: 8M
 Heap Initial Capacity: 500M
 Heap Max Capacity: 7964M
 Pre-touch: Disabled
 Parallel Workers: 23
 Concurrent Workers: 6
 Concurrent Refinement Workers: 23
 Periodic GC: Disabled

Heap:
 garbage-first heap   total reserved 8155136K, committed 512000K, used 8192K [0x000000060e400000, 0x0000000800000000)
  region size 4096K, 3 young (12288K), 0 survivors (0K)
 Metaspace       used 3518K, committed 3648K, reserved 1114112K
  class space    used 245K, committed 320K, reserved 1048576K

Heap Regions: E=young(eden), S=young(survivor), O=old, HS=humongous(starts), HC=humongous(continues), CS=collection set, F=free, TAMS=top-at-mark-start, PB=parsable bottom
|   0|0x000000060e400000, 0x000000060e400000, 0x000000060e800000|  0%| F|  |TAMS 0x000000060e400000| PB 0x000000060e400000| Untracked |  0
|   1|0x000000060e800000, 0x000000060e800000, 0x000000060ec00000|  0%| F|  |TAMS 0x000000060e800000| PB 0x000000060e800000| Untracked |  0
|   2|0x000000060ec00000, 0x000000060ec00000, 0x000000060f000000|  0%| F|  |TAMS 0x000000060ec00000| PB 0x000000060ec00000| Untracked |  0
|   3|0x000000060f000000, 0x000000060f000000, 0x000000060f400000|  0%| F|  |TAMS 0x000000060f000000| PB 0x000000060f000000| Untracked |  0
|   4|0x000000060f400000, 0x000000060f400000, 0x000000060f800000|  0%| F|  |TAMS 0x000000060f400000| PB 0x000000060f400000| Untracked |  0
|   5|0x000000060f800000, 0x000000060f800000, 0x000000060fc00000|  0%| F|  |TAMS 0x000000060f800000| PB 0x000000060f800000| Untracked |  0
|   6|0x000000060fc00000, 0x000000060fc00000, 0x0000000610000000|  0%| F|  |TAMS 0x000000060fc00000| PB 0x000000060fc00000| Untracked |  0
|   7|0x0000000610000000, 0x0000000610000000, 0x0000000610400000|  0%| F|  |TAMS 0x0000000610000000| PB 0x0000000610000000| Untracked |  0
|   8|0x0000000610400000, 0x0000000610400000, 0x0000000610800000|  0%| F|  |TAMS 0x0000000610400000| PB 0x0000000610400000| Untracked |  0
|   9|0x0000000610800000, 0x0000000610800000, 0x0000000610c00000|  0%| F|  |TAMS 0x0000000610800000| PB 0x0000000610800000| Untracked |  0
|  10|0x0000000610c00000, 0x0000000610c00000, 0x0000000611000000|  0%| F|  |TAMS 0x0000000610c00000| PB 0x0000000610c00000| Untracked |  0
|  11|0x0000000611000000, 0x0000000611000000, 0x0000000611400000|  0%| F|  |TAMS 0x0000000611000000| PB 0x0000000611000000| Untracked |  0
|  12|0x0000000611400000, 0x0000000611400000, 0x0000000611800000|  0%| F|  |TAMS 0x0000000611400000| PB 0x0000000611400000| Untracked |  0
|  13|0x0000000611800000, 0x0000000611800000, 0x0000000611c00000|  0%| F|  |TAMS 0x0000000611800000| PB 0x0000000611800000| Untracked |  0
|  14|0x0000000611c00000, 0x0000000611c00000, 0x0000000612000000|  0%| F|  |TAMS 0x0000000611c00000| PB 0x0000000611c00000| Untracked |  0
|  15|0x0000000612000000, 0x0000000612000000, 0x0000000612400000|  0%| F|  |TAMS 0x0000000612000000| PB 0x0000000612000000| Untracked |  0
|  16|0x0000000612400000, 0x0000000612400000, 0x0000000612800000|  0%| F|  |TAMS 0x0000000612400000| PB 0x0000000612400000| Untracked |  0
|  17|0x0000000612800000, 0x0000000612800000, 0x0000000612c00000|  0%| F|  |TAMS 0x0000000612800000| PB 0x0000000612800000| Untracked |  0
|  18|0x0000000612c00000, 0x0000000612c00000, 0x0000000613000000|  0%| F|  |TAMS 0x0000000612c00000| PB 0x0000000612c00000| Untracked |  0
|  19|0x0000000613000000, 0x0000000613000000, 0x0000000613400000|  0%| F|  |TAMS 0x0000000613000000| PB 0x0000000613000000| Untracked |  0
|  20|0x0000000613400000, 0x0000000613400000, 0x0000000613800000|  0%| F|  |TAMS 0x0000000613400000| PB 0x0000000613400000| Untracked |  0
|  21|0x0000000613800000, 0x0000000613800000, 0x0000000613c00000|  0%| F|  |TAMS 0x0000000613800000| PB 0x0000000613800000| Untracked |  0
|  22|0x0000000613c00000, 0x0000000613c00000, 0x0000000614000000|  0%| F|  |TAMS 0x0000000613c00000| PB 0x0000000613c00000| Untracked |  0
|  23|0x0000000614000000, 0x0000000614000000, 0x0000000614400000|  0%| F|  |TAMS 0x0000000614000000| PB 0x0000000614000000| Untracked |  0
|  24|0x0000000614400000, 0x0000000614400000, 0x0000000614800000|  0%| F|  |TAMS 0x0000000614400000| PB 0x0000000614400000| Untracked |  0
|  25|0x0000000614800000, 0x0000000614800000, 0x0000000614c00000|  0%| F|  |TAMS 0x0000000614800000| PB 0x0000000614800000| Untracked |  0
|  26|0x0000000614c00000, 0x0000000614c00000, 0x0000000615000000|  0%| F|  |TAMS 0x0000000614c00000| PB 0x0000000614c00000| Untracked |  0
|  27|0x0000000615000000, 0x0000000615000000, 0x0000000615400000|  0%| F|  |TAMS 0x0000000615000000| PB 0x0000000615000000| Untracked |  0
|  28|0x0000000615400000, 0x0000000615400000, 0x0000000615800000|  0%| F|  |TAMS 0x0000000615400000| PB 0x0000000615400000| Untracked |  0
|  29|0x0000000615800000, 0x0000000615800000, 0x0000000615c00000|  0%| F|  |TAMS 0x0000000615800000| PB 0x0000000615800000| Untracked |  0
|  30|0x0000000615c00000, 0x0000000615c00000, 0x0000000616000000|  0%| F|  |TAMS 0x0000000615c00000| PB 0x0000000615c00000| Untracked |  0
|  31|0x0000000616000000, 0x0000000616000000, 0x0000000616400000|  0%| F|  |TAMS 0x0000000616000000| PB 0x0000000616000000| Untracked |  0
|  32|0x0000000616400000, 0x0000000616400000, 0x0000000616800000|  0%| F|  |TAMS 0x0000000616400000| PB 0x0000000616400000| Untracked |  0
|  33|0x0000000616800000, 0x0000000616800000, 0x0000000616c00000|  0%| F|  |TAMS 0x0000000616800000| PB 0x0000000616800000| Untracked |  0
|  34|0x0000000616c00000, 0x0000000616c00000, 0x0000000617000000|  0%| F|  |TAMS 0x0000000616c00000| PB 0x0000000616c00000| Untracked |  0
|  35|0x0000000617000000, 0x0000000617000000, 0x0000000617400000|  0%| F|  |TAMS 0x0000000617000000| PB 0x0000000617000000| Untracked |  0
|  36|0x0000000617400000, 0x0000000617400000, 0x0000000617800000|  0%| F|  |TAMS 0x0000000617400000| PB 0x0000000617400000| Untracked |  0
|  37|0x0000000617800000, 0x0000000617800000, 0x0000000617c00000|  0%| F|  |TAMS 0x0000000617800000| PB 0x0000000617800000| Untracked |  0
|  38|0x0000000617c00000, 0x0000000617c00000, 0x0000000618000000|  0%| F|  |TAMS 0x0000000617c00000| PB 0x0000000617c00000| Untracked |  0
|  39|0x0000000618000000, 0x0000000618000000, 0x0000000618400000|  0%| F|  |TAMS 0x0000000618000000| PB 0x0000000618000000| Untracked |  0
|  40|0x0000000618400000, 0x0000000618400000, 0x0000000618800000|  0%| F|  |TAMS 0x0000000618400000| PB 0x0000000618400000| Untracked |  0
|  41|0x0000000618800000, 0x0000000618800000, 0x0000000618c00000|  0%| F|  |TAMS 0x0000000618800000| PB 0x0000000618800000| Untracked |  0
|  42|0x0000000618c00000, 0x0000000618c00000, 0x0000000619000000|  0%| F|  |TAMS 0x0000000618c00000| PB 0x0000000618c00000| Untracked |  0
|  43|0x0000000619000000, 0x0000000619000000, 0x0000000619400000|  0%| F|  |TAMS 0x0000000619000000| PB 0x0000000619000000| Untracked |  0
|  44|0x0000000619400000, 0x0000000619400000, 0x0000000619800000|  0%| F|  |TAMS 0x0000000619400000| PB 0x0000000619400000| Untracked |  0
|  45|0x0000000619800000, 0x0000000619800000, 0x0000000619c00000|  0%| F|  |TAMS 0x0000000619800000| PB 0x0000000619800000| Untracked |  0
|  46|0x0000000619c00000, 0x0000000619c00000, 0x000000061a000000|  0%| F|  |TAMS 0x0000000619c00000| PB 0x0000000619c00000| Untracked |  0
|  47|0x000000061a000000, 0x000000061a000000, 0x000000061a400000|  0%| F|  |TAMS 0x000000061a000000| PB 0x000000061a000000| Untracked |  0
|  48|0x000000061a400000, 0x000000061a400000, 0x000000061a800000|  0%| F|  |TAMS 0x000000061a400000| PB 0x000000061a400000| Untracked |  0
|  49|0x000000061a800000, 0x000000061a800000, 0x000000061ac00000|  0%| F|  |TAMS 0x000000061a800000| PB 0x000000061a800000| Untracked |  0
|  50|0x000000061ac00000, 0x000000061ac00000, 0x000000061b000000|  0%| F|  |TAMS 0x000000061ac00000| PB 0x000000061ac00000| Untracked |  0
|  51|0x000000061b000000, 0x000000061b000000, 0x000000061b400000|  0%| F|  |TAMS 0x000000061b000000| PB 0x000000061b000000| Untracked |  0
|  52|0x000000061b400000, 0x000000061b400000, 0x000000061b800000|  0%| F|  |TAMS 0x000000061b400000| PB 0x000000061b400000| Untracked |  0
|  53|0x000000061b800000, 0x000000061b800000, 0x000000061bc00000|  0%| F|  |TAMS 0x000000061b800000| PB 0x000000061b800000| Untracked |  0
|  54|0x000000061bc00000, 0x000000061bc00000, 0x000000061c000000|  0%| F|  |TAMS 0x000000061bc00000| PB 0x000000061bc00000| Untracked |  0
|  55|0x000000061c000000, 0x000000061c000000, 0x000000061c400000|  0%| F|  |TAMS 0x000000061c000000| PB 0x000000061c000000| Untracked |  0
|  56|0x000000061c400000, 0x000000061c400000, 0x000000061c800000|  0%| F|  |TAMS 0x000000061c400000| PB 0x000000061c400000| Untracked |  0
|  57|0x000000061c800000, 0x000000061c800000, 0x000000061cc00000|  0%| F|  |TAMS 0x000000061c800000| PB 0x000000061c800000| Untracked |  0
|  58|0x000000061cc00000, 0x000000061cc00000, 0x000000061d000000|  0%| F|  |TAMS 0x000000061cc00000| PB 0x000000061cc00000| Untracked |  0
|  59|0x000000061d000000, 0x000000061d000000, 0x000000061d400000|  0%| F|  |TAMS 0x000000061d000000| PB 0x000000061d000000| Untracked |  0
|  60|0x000000061d400000, 0x000000061d400000, 0x000000061d800000|  0%| F|  |TAMS 0x000000061d400000| PB 0x000000061d400000| Untracked |  0
|  61|0x000000061d800000, 0x000000061d800000, 0x000000061dc00000|  0%| F|  |TAMS 0x000000061d800000| PB 0x000000061d800000| Untracked |  0
|  62|0x000000061dc00000, 0x000000061dc00000, 0x000000061e000000|  0%| F|  |TAMS 0x000000061dc00000| PB 0x000000061dc00000| Untracked |  0
|  63|0x000000061e000000, 0x000000061e000000, 0x000000061e400000|  0%| F|  |TAMS 0x000000061e000000| PB 0x000000061e000000| Untracked |  0
|  64|0x000000061e400000, 0x000000061e400000, 0x000000061e800000|  0%| F|  |TAMS 0x000000061e400000| PB 0x000000061e400000| Untracked |  0
|  65|0x000000061e800000, 0x000000061e800000, 0x000000061ec00000|  0%| F|  |TAMS 0x000000061e800000| PB 0x000000061e800000| Untracked |  0
|  66|0x000000061ec00000, 0x000000061ec00000, 0x000000061f000000|  0%| F|  |TAMS 0x000000061ec00000| PB 0x000000061ec00000| Untracked |  0
|  67|0x000000061f000000, 0x000000061f000000, 0x000000061f400000|  0%| F|  |TAMS 0x000000061f000000| PB 0x000000061f000000| Untracked |  0
|  68|0x000000061f400000, 0x000000061f400000, 0x000000061f800000|  0%| F|  |TAMS 0x000000061f400000| PB 0x000000061f400000| Untracked |  0
|  69|0x000000061f800000, 0x000000061f800000, 0x000000061fc00000|  0%| F|  |TAMS 0x000000061f800000| PB 0x000000061f800000| Untracked |  0
|  70|0x000000061fc00000, 0x000000061fc00000, 0x0000000620000000|  0%| F|  |TAMS 0x000000061fc00000| PB 0x000000061fc00000| Untracked |  0
|  71|0x0000000620000000, 0x0000000620000000, 0x0000000620400000|  0%| F|  |TAMS 0x0000000620000000| PB 0x0000000620000000| Untracked |  0
|  72|0x0000000620400000, 0x0000000620400000, 0x0000000620800000|  0%| F|  |TAMS 0x0000000620400000| PB 0x0000000620400000| Untracked |  0
|  73|0x0000000620800000, 0x0000000620800000, 0x0000000620c00000|  0%| F|  |TAMS 0x0000000620800000| PB 0x0000000620800000| Untracked |  0
|  74|0x0000000620c00000, 0x0000000620c00000, 0x0000000621000000|  0%| F|  |TAMS 0x0000000620c00000| PB 0x0000000620c00000| Untracked |  0
|  75|0x0000000621000000, 0x0000000621000000, 0x0000000621400000|  0%| F|  |TAMS 0x0000000621000000| PB 0x0000000621000000| Untracked |  0
|  76|0x0000000621400000, 0x0000000621400000, 0x0000000621800000|  0%| F|  |TAMS 0x0000000621400000| PB 0x0000000621400000| Untracked |  0
|  77|0x0000000621800000, 0x0000000621800000, 0x0000000621c00000|  0%| F|  |TAMS 0x0000000621800000| PB 0x0000000621800000| Untracked |  0
|  78|0x0000000621c00000, 0x0000000621c00000, 0x0000000622000000|  0%| F|  |TAMS 0x0000000621c00000| PB 0x0000000621c00000| Untracked |  0
|  79|0x0000000622000000, 0x0000000622000000, 0x0000000622400000|  0%| F|  |TAMS 0x0000000622000000| PB 0x0000000622000000| Untracked |  0
|  80|0x0000000622400000, 0x0000000622400000, 0x0000000622800000|  0%| F|  |TAMS 0x0000000622400000| PB 0x0000000622400000| Untracked |  0
|  81|0x0000000622800000, 0x0000000622800000, 0x0000000622c00000|  0%| F|  |TAMS 0x0000000622800000| PB 0x0000000622800000| Untracked |  0
|  82|0x0000000622c00000, 0x0000000622c00000, 0x0000000623000000|  0%| F|  |TAMS 0x0000000622c00000| PB 0x0000000622c00000| Untracked |  0
|  83|0x0000000623000000, 0x0000000623000000, 0x0000000623400000|  0%| F|  |TAMS 0x0000000623000000| PB 0x0000000623000000| Untracked |  0
|  84|0x0000000623400000, 0x0000000623400000, 0x0000000623800000|  0%| F|  |TAMS 0x0000000623400000| PB 0x0000000623400000| Untracked |  0
|  85|0x0000000623800000, 0x0000000623800000, 0x0000000623c00000|  0%| F|  |TAMS 0x0000000623800000| PB 0x0000000623800000| Untracked |  0
|  86|0x0000000623c00000, 0x0000000623c00000, 0x0000000624000000|  0%| F|  |TAMS 0x0000000623c00000| PB 0x0000000623c00000| Untracked |  0
|  87|0x0000000624000000, 0x0000000624000000, 0x0000000624400000|  0%| F|  |TAMS 0x0000000624000000| PB 0x0000000624000000| Untracked |  0
|  88|0x0000000624400000, 0x0000000624400000, 0x0000000624800000|  0%| F|  |TAMS 0x0000000624400000| PB 0x0000000624400000| Untracked |  0
|  89|0x0000000624800000, 0x0000000624800000, 0x0000000624c00000|  0%| F|  |TAMS 0x0000000624800000| PB 0x0000000624800000| Untracked |  0
|  90|0x0000000624c00000, 0x0000000624c00000, 0x0000000625000000|  0%| F|  |TAMS 0x0000000624c00000| PB 0x0000000624c00000| Untracked |  0
|  91|0x0000000625000000, 0x0000000625000000, 0x0000000625400000|  0%| F|  |TAMS 0x0000000625000000| PB 0x0000000625000000| Untracked |  0
|  92|0x0000000625400000, 0x0000000625400000, 0x0000000625800000|  0%| F|  |TAMS 0x0000000625400000| PB 0x0000000625400000| Untracked |  0
|  93|0x0000000625800000, 0x0000000625800000, 0x0000000625c00000|  0%| F|  |TAMS 0x0000000625800000| PB 0x0000000625800000| Untracked |  0
|  94|0x0000000625c00000, 0x0000000625c00000, 0x0000000626000000|  0%| F|  |TAMS 0x0000000625c00000| PB 0x0000000625c00000| Untracked |  0
|  95|0x0000000626000000, 0x0000000626000000, 0x0000000626400000|  0%| F|  |TAMS 0x0000000626000000| PB 0x0000000626000000| Untracked |  0
|  96|0x0000000626400000, 0x0000000626400000, 0x0000000626800000|  0%| F|  |TAMS 0x0000000626400000| PB 0x0000000626400000| Untracked |  0
|  97|0x0000000626800000, 0x0000000626800000, 0x0000000626c00000|  0%| F|  |TAMS 0x0000000626800000| PB 0x0000000626800000| Untracked |  0
|  98|0x0000000626c00000, 0x0000000626c00000, 0x0000000627000000|  0%| F|  |TAMS 0x0000000626c00000| PB 0x0000000626c00000| Untracked |  0
|  99|0x0000000627000000, 0x0000000627000000, 0x0000000627400000|  0%| F|  |TAMS 0x0000000627000000| PB 0x0000000627000000| Untracked |  0
| 100|0x0000000627400000, 0x0000000627400000, 0x0000000627800000|  0%| F|  |TAMS 0x0000000627400000| PB 0x0000000627400000| Untracked |  0
| 101|0x0000000627800000, 0x0000000627800000, 0x0000000627c00000|  0%| F|  |TAMS 0x0000000627800000| PB 0x0000000627800000| Untracked |  0
| 102|0x0000000627c00000, 0x0000000627c00000, 0x0000000628000000|  0%| F|  |TAMS 0x0000000627c00000| PB 0x0000000627c00000| Untracked |  0
| 103|0x0000000628000000, 0x0000000628000000, 0x0000000628400000|  0%| F|  |TAMS 0x0000000628000000| PB 0x0000000628000000| Untracked |  0
| 104|0x0000000628400000, 0x0000000628400000, 0x0000000628800000|  0%| F|  |TAMS 0x0000000628400000| PB 0x0000000628400000| Untracked |  0
| 105|0x0000000628800000, 0x0000000628800000, 0x0000000628c00000|  0%| F|  |TAMS 0x0000000628800000| PB 0x0000000628800000| Untracked |  0
| 106|0x0000000628c00000, 0x0000000628c00000, 0x0000000629000000|  0%| F|  |TAMS 0x0000000628c00000| PB 0x0000000628c00000| Untracked |  0
| 107|0x0000000629000000, 0x0000000629000000, 0x0000000629400000|  0%| F|  |TAMS 0x0000000629000000| PB 0x0000000629000000| Untracked |  0
| 108|0x0000000629400000, 0x0000000629400000, 0x0000000629800000|  0%| F|  |TAMS 0x0000000629400000| PB 0x0000000629400000| Untracked |  0
| 109|0x0000000629800000, 0x0000000629800000, 0x0000000629c00000|  0%| F|  |TAMS 0x0000000629800000| PB 0x0000000629800000| Untracked |  0
| 110|0x0000000629c00000, 0x0000000629c00000, 0x000000062a000000|  0%| F|  |TAMS 0x0000000629c00000| PB 0x0000000629c00000| Untracked |  0
| 111|0x000000062a000000, 0x000000062a000000, 0x000000062a400000|  0%| F|  |TAMS 0x000000062a000000| PB 0x000000062a000000| Untracked |  0
| 112|0x000000062a400000, 0x000000062a400000, 0x000000062a800000|  0%| F|  |TAMS 0x000000062a400000| PB 0x000000062a400000| Untracked |  0
| 113|0x000000062a800000, 0x000000062a800000, 0x000000062ac00000|  0%| F|  |TAMS 0x000000062a800000| PB 0x000000062a800000| Untracked |  0
| 114|0x000000062ac00000, 0x000000062ac00000, 0x000000062b000000|  0%| F|  |TAMS 0x000000062ac00000| PB 0x000000062ac00000| Untracked |  0
| 115|0x000000062b000000, 0x000000062b000000, 0x000000062b400000|  0%| F|  |TAMS 0x000000062b000000| PB 0x000000062b000000| Untracked |  0
| 116|0x000000062b400000, 0x000000062b400000, 0x000000062b800000|  0%| F|  |TAMS 0x000000062b400000| PB 0x000000062b400000| Untracked |  0
| 117|0x000000062b800000, 0x000000062b800000, 0x000000062bc00000|  0%| F|  |TAMS 0x000000062b800000| PB 0x000000062b800000| Untracked |  0
| 118|0x000000062bc00000, 0x000000062bc00000, 0x000000062c000000|  0%| F|  |TAMS 0x000000062bc00000| PB 0x000000062bc00000| Untracked |  0
| 119|0x000000062c000000, 0x000000062c000000, 0x000000062c400000|  0%| F|  |TAMS 0x000000062c000000| PB 0x000000062c000000| Untracked |  0
| 120|0x000000062c400000, 0x000000062c400000, 0x000000062c800000|  0%| F|  |TAMS 0x000000062c400000| PB 0x000000062c400000| Untracked |  0
| 121|0x000000062c800000, 0x000000062c800000, 0x000000062cc00000|  0%| F|  |TAMS 0x000000062c800000| PB 0x000000062c800000| Untracked |  0
| 122|0x000000062cc00000, 0x000000062ce7b788, 0x000000062d000000| 62%| E|  |TAMS 0x000000062cc00000| PB 0x000000062cc00000| Complete |  0
| 123|0x000000062d000000, 0x000000062d400000, 0x000000062d400000|100%| E|CS|TAMS 0x000000062d000000| PB 0x000000062d000000| Complete |  0
| 124|0x000000062d400000, 0x000000062d800000, 0x000000062d800000|100%| E|CS|TAMS 0x000000062d400000| PB 0x000000062d400000| Complete |  0

Card table byte_map: [0x00000220f2b90000,0x00000220f3b20000] _byte_map_base: 0x00000220efb1e000

Marking Bits: (CMBitMap*) 0x00000220d9004880
 Bits: [0x00000220f3b20000, 0x00000220fb790000)

Polling page: 0x00000220d6d60000

Metaspace:

Usage:
  Non-class:      3.20 MB used.
      Class:    245.41 KB used.
       Both:      3.44 MB used.

Virtual space:
  Non-class space:       64.00 MB reserved,       3.25 MB (  5%) committed,  1 nodes.
      Class space:        1.00 GB reserved,     320.00 KB ( <1%) committed,  1 nodes.
             Both:        1.06 GB reserved,       3.56 MB ( <1%) committed. 

Chunk freelists:
   Non-Class:  10.27 MB
       Class:  15.60 MB
        Both:  25.86 MB

MaxMetaspaceSize: unlimited
CompressedClassSpaceSize: 1.00 GB
Initial GC threshold: 21.00 MB
Current GC threshold: 21.00 MB
CDS: on
 - commit_granule_bytes: 65536.
 - commit_granule_words: 8192.
 - virtual_space_node_default_size: 8388608.
 - enlarge_chunks_in_place: 1.
 - use_allocation_guard: 0.


Internal statistics:

num_allocs_failed_limit: 0.
num_arena_births: 92.
num_arena_deaths: 0.
num_vsnodes_births: 2.
num_vsnodes_deaths: 0.
num_space_committed: 57.
num_space_uncommitted: 0.
num_chunks_returned_to_freelist: 0.
num_chunks_taken_from_freelist: 183.
num_chunk_merges: 0.
num_chunk_splits: 119.
num_chunks_enlarged: 85.
num_inconsistent_stats: 0.

CodeHeap 'non-profiled nmethods': size=118912Kb used=226Kb max_used=226Kb free=118685Kb
 bounds [0x00000220e94c0000, 0x00000220e9730000, 0x00000220f08e0000]
CodeHeap 'profiled nmethods': size=118848Kb used=871Kb max_used=871Kb free=117976Kb
 bounds [0x00000220e18e0000, 0x00000220e1b50000, 0x00000220e8cf0000]
CodeHeap 'non-nmethods': size=8000Kb used=4013Kb max_used=4028Kb free=3986Kb
 bounds [0x00000220e8cf0000, 0x00000220e90f0000, 0x00000220e94c0000]
CodeCache: size=245760Kb, used=5110Kb, max_used=5125Kb, free=240647Kb
 total_blobs=1874, nmethods=796, adapters=981, full_count=0
Compilation: enabled, stopped_count=0, restarted_count=0

Compilation events (20 events):
Event: 0.317 Thread 0x00000220c7eb95e0 nmethod 785 0x00000220e19b7788 code [0x00000220e19b7920, 0x00000220e19b7dd8]
Event: 0.317 Thread 0x00000220fdbd9b40 nmethod 784 0x00000220e94f7488 code [0x00000220e94f75a0, 0x00000220e94f76f8]
Event: 0.318 Thread 0x00000220fdbd9b40  787       4       java.lang.Math::min (11 bytes)
Event: 0.318 Thread 0x00000220fdbd9b40 nmethod 787 0x00000220e94f7788 code [0x00000220e94f7880, 0x00000220e94f78f0]
Event: 0.318 Thread 0x00000220fdbd9b40  788       4       java.lang.StringLatin1::replace (198 bytes)
Event: 0.319 Thread 0x00000220c7eb95e0  789       3       java.lang.Math::max (12 bytes)
Event: 0.319 Thread 0x00000220c7eb95e0 nmethod 789 0x00000220e19b7e08 code [0x00000220e19b7f20, 0x00000220e19b8050]
Event: 0.319 Thread 0x00000220c115fb10  791       3       java.lang.String::indexOf (18 bytes)
Event: 0.319 Thread 0x00000220c7eb95e0  792       3       java.lang.String::indexOf (101 bytes)
Event: 0.319 Thread 0x00000220c7eb8f20  793       3       java.lang.Math::clamp (49 bytes)
Event: 0.320 Thread 0x00000220fdbdb990  794       3       java.lang.Math::min (12 bytes)
Event: 0.320 Thread 0x00000220fdbdb990 nmethod 794 0x00000220e19b8108 code [0x00000220e19b8220, 0x00000220e19b8350]
Event: 0.320 Thread 0x00000220c115fb10 nmethod 791 0x00000220e19b8408 code [0x00000220e19b8540, 0x00000220e19b8810]
Event: 0.320 Thread 0x00000220fdbdb990  795       3       sun.net.www.ParseUtil::encodePath (41 bytes)
Event: 0.320 Thread 0x00000220c115fb10  796       1       java.util.zip.ZipEntry::getSize (5 bytes)
Event: 0.320 Thread 0x00000220c7eb95e0 nmethod 792 0x00000220e19b8888 code [0x00000220e19b8a40, 0x00000220e19b8fd0]
Event: 0.320 Thread 0x00000220c115fb10 nmethod 796 0x00000220e94f8108 code [0x00000220e94f8220, 0x00000220e94f82e8]
Event: 0.320 Thread 0x00000220c7eb8f20 nmethod 793 0x00000220e19b9008 code [0x00000220e19b91e0, 0x00000220e19b9a20]
Event: 0.320 Thread 0x00000220fdbdb990 nmethod 795 0x00000220e19b9a88 code [0x00000220e19b9be0, 0x00000220e19b9e40]
Event: 0.322 Thread 0x00000220fdbd9b40 nmethod 788 0x00000220e94f8408 code [0x00000220e94f8540, 0x00000220e94f8ae0]

GC Heap History (0 events):
No events

Dll operation events (7 events):
Event: 0.007 Loaded shared library C:\Program Files\Java\jdk-23.0.1+11\bin\java.dll
Event: 0.022 Loaded shared library C:\Program Files\Java\jdk-23.0.1+11\bin\jsvml.dll
Event: 0.034 Loaded shared library C:\Program Files\Java\jdk-23.0.1+11\bin\net.dll
Event: 0.035 Loaded shared library C:\Program Files\Java\jdk-23.0.1+11\bin\nio.dll
Event: 0.037 Loaded shared library C:\Program Files\Java\jdk-23.0.1+11\bin\zip.dll
Event: 0.062 Loaded shared library C:\Program Files\Java\jdk-23.0.1+11\bin\jimage.dll
Event: 0.077 Loaded shared library C:\Users\necro\AppData\Local\Temp\lwjgl_necro\3.3.6+1\x64\lwjgl.dll

Deoptimization events (8 events):
Event: 0.048 Thread 0x00000220d8f5f5d0 Uncommon trap: trap_request=0xffffff45 fr.pc=0x00000220e94c71b4 relative=0x0000000000000274
Event: 0.048 Thread 0x00000220d8f5f5d0 Uncommon trap: reason=unstable_if action=reinterpret pc=0x00000220e94c71b4 method=jdk.internal.util.ArraysSupport.hashCodeOfUnsigned([BIII)I @ 1 c2
Event: 0.048 Thread 0x00000220d8f5f5d0 DEOPT PACKING pc=0x00000220e94c71b4 sp=0x0000004235bfb900
Event: 0.048 Thread 0x00000220d8f5f5d0 DEOPT UNPACKING pc=0x00000220e8d47982 sp=0x0000004235bfb7c0 mode 2
Event: 0.048 Thread 0x00000220d8f5f5d0 Uncommon trap: trap_request=0xffffff45 fr.pc=0x00000220e94c69f4 relative=0x0000000000000234
Event: 0.048 Thread 0x00000220d8f5f5d0 Uncommon trap: reason=unstable_if action=reinterpret pc=0x00000220e94c69f4 method=jdk.internal.util.ArraysSupport.hashCodeOfUnsigned([BIII)I @ 1 c2
Event: 0.048 Thread 0x00000220d8f5f5d0 DEOPT PACKING pc=0x00000220e94c69f4 sp=0x0000004235bfb930
Event: 0.048 Thread 0x00000220d8f5f5d0 DEOPT UNPACKING pc=0x00000220e8d47982 sp=0x0000004235bfb8d0 mode 2

Classes loaded (20 events):
Event: 0.106 Loading class java/lang/invoke/DirectMethodHandle$StaticAccessor
Event: 0.106 Loading class java/lang/invoke/DirectMethodHandle$StaticAccessor done
Event: 0.107 Loading class java/util/function/LongPredicate
Event: 0.107 Loading class java/util/function/LongPredicate done
Event: 0.108 Loading class java/lang/foreign/MemorySegment
Event: 0.108 Loading class java/lang/foreign/MemorySegment done
Event: 0.109 Loading class java/nio/InvalidMarkException
Event: 0.109 Loading class java/nio/InvalidMarkException done
Event: 0.110 Loading class java/nio/BufferUnderflowException
Event: 0.110 Loading class java/nio/BufferUnderflowException done
Event: 0.113 Loading class java/util/Formatter$FixedString
Event: 0.113 Loading class java/util/Formatter$FixedString done
Event: 0.119 Loading class java/lang/NoSuchFieldError
Event: 0.119 Loading class java/lang/NoSuchFieldError done
Event: 0.137 Loading class jdk/internal/reflect/MethodHandleIntegerFieldAccessorImpl
Event: 0.137 Loading class jdk/internal/reflect/MethodHandleIntegerFieldAccessorImpl done
Event: 0.313 Loading class jdk/internal/foreign/MemorySessionImpl
Event: 0.313 Loading class java/lang/foreign/MemorySegment$Scope
Event: 0.313 Loading class java/lang/foreign/MemorySegment$Scope done
Event: 0.313 Loading class jdk/internal/foreign/MemorySessionImpl done

Classes unloaded (0 events):
No events

Classes redefined (0 events):
No events

Internal exceptions (20 events):
Event: 0.057 Thread 0x00000220d8f5f5d0 Exception <a 'java/lang/NoSuchMethodError'{0x000000062d00e210}: 'void java.lang.System.load(java.lang.String, java.lang.Class)'> (0x000000062d00e210) 
thrown [s\src\hotspot\share\interpreter\linkResolver.cpp, line 796]
Event: 0.057 Thread 0x00000220d8f5f5d0 Exception <a 'java/lang/NoSuchMethodError'{0x000000062d00eee0}: 'void java.lang.invoke.DirectMethodHandle$Holder.invokeSpecial(java.lang.Object, java.lang.Object, java.lang.Object)'> (0x000000062d00eee0) 
thrown [s\src\hotspot\share\interpreter\linkResolver.cpp, line 796]
Event: 0.059 Thread 0x00000220d8f5f5d0 Exception <a 'java/lang/NoSuchMethodError'{0x000000062d021698}: 'java.lang.Object java.lang.invoke.DirectMethodHandle$Holder.invokeStatic(java.lang.Object, java.lang.Object, int)'> (0x000000062d021698) 
thrown [s\src\hotspot\share\interpreter\linkResolver.cpp, line 796]
Event: 0.059 Thread 0x00000220d8f5f5d0 Exception <a 'java/lang/NoSuchMethodError'{0x000000062d02cf40}: 'void java.lang.invoke.DelegatingMethodHandle$Holder.delegate(java.lang.Object, java.lang.Object, int, java.lang.Object)'> (0x000000062d02cf40) 
thrown [s\src\hotspot\share\interpreter\linkResolver.cpp, line 796]
Event: 0.059 Thread 0x00000220d8f5f5d0 Exception <a 'java/lang/NoSuchMethodError'{0x000000062d030f70}: 'int java.lang.invoke.DirectMethodHandle$Holder.invokeSpecial(java.lang.Object, java.lang.Object, java.lang.Object)'> (0x000000062d030f70) 
thrown [s\src\hotspot\share\interpreter\linkResolver.cpp, line 796]
Event: 0.061 Thread 0x00000220d8f5f5d0 Exception <a 'java/lang/NoSuchMethodError'{0x000000062d04bb00}: 'void java.lang.System.loadLibrary(java.lang.String, java.lang.Class)'> (0x000000062d04bb00) 
thrown [s\src\hotspot\share\interpreter\linkResolver.cpp, line 796]
Event: 0.079 Thread 0x00000220d8f5f5d0 Exception <a 'sun/nio/fs/WindowsException'{0x000000062d25aa58}> (0x000000062d25aa58) 
thrown [s\src\hotspot\share\prims\jni.cpp, line 520]
Event: 0.079 Thread 0x00000220d8f5f5d0 Exception <a 'sun/nio/fs/WindowsException'{0x000000062d25afa8}> (0x000000062d25afa8) 
thrown [s\src\hotspot\share\prims\jni.cpp, line 520]
Event: 0.107 Thread 0x00000220d8f5f5d0 Exception <a 'java/lang/NoSuchMethodError'{0x000000062d2e19f0}: 'int java.lang.invoke.DirectMethodHandle$Holder.invokeStaticInit(java.lang.Object, java.lang.Object, int, long)'> (0x000000062d2e19f0) 
thrown [s\src\hotspot\share\interpreter\linkResolver.cpp, line 796]
Event: 0.108 Thread 0x00000220d8f5f5d0 Exception <a 'java/lang/NoSuchMethodError'{0x000000062d2e6b28}: 'java.lang.Object java.lang.invoke.DirectMethodHandle$Holder.newInvokeSpecial(java.lang.Object, java.lang.Object, int)'> (0x000000062d2e6b28) 
thrown [s\src\hotspot\share\interpreter\linkResolver.cpp, line 796]
Event: 0.108 Thread 0x00000220d8f5f5d0 Exception <a 'java/lang/NoSuchMethodError'{0x000000062d2f5728}: 'int java.lang.invoke.DirectMethodHandle$Holder.invokeStaticInit(java.lang.Object, java.lang.Object, long, long)'> (0x000000062d2f5728) 
thrown [s\src\hotspot\share\interpreter\linkResolver.cpp, line 796]
Event: 0.109 Thread 0x00000220d8f5f5d0 Exception <a 'java/lang/NoSuchMethodError'{0x000000062d2fb1f8}: 'java.lang.Object java.lang.invoke.DirectMethodHandle$Holder.newInvokeSpecial(java.lang.Object, java.lang.Object, long)'> (0x000000062d2fb1f8) 
thrown [s\src\hotspot\share\interpreter\linkResolver.cpp, line 796]
Event: 0.109 Thread 0x00000220d8f5f5d0 Exception <a 'java/lang/NoSuchMethodError'{0x000000062d2ff3a0}: 'java.lang.Object java.lang.invoke.Invokers$Holder.linkToTargetMethod(java.lang.Object, long, java.lang.Object)'> (0x000000062d2ff3a0) 
thrown [s\src\hotspot\share\interpreter\linkResolver.cpp, line 796]
Event: 0.109 Thread 0x00000220d8f5f5d0 Exception <a 'java/lang/NoSuchMethodError'{0x000000062d3065f8}: 'int java.lang.invoke.DirectMethodHandle$Holder.invokeStaticInit(java.lang.Object, java.lang.Object, java.lang.Object, long)'> (0x000000062d3065f8) 
thrown [s\src\hotspot\share\interpreter\linkResolver.cpp, line 796]
Event: 0.119 Thread 0x00000220d8f5f5d0 Exception <a 'sun/nio/fs/WindowsException'{0x000000062d39b0a0}> (0x000000062d39b0a0) 
thrown [s\src\hotspot\share\prims\jni.cpp, line 520]
Event: 0.119 Thread 0x00000220d8f5f5d0 Exception <a 'sun/nio/fs/WindowsException'{0x000000062d39b400}> (0x000000062d39b400) 
thrown [s\src\hotspot\share\prims\jni.cpp, line 520]
Event: 0.137 Thread 0x00000220d8f5f5d0 Exception <a 'java/lang/NoSuchMethodError'{0x000000062d3ffc40}: 'int java.lang.invoke.Invokers$Holder.invokeExact_MT(java.lang.Object, java.lang.Object)'> (0x000000062d3ffc40) 
thrown [s\src\hotspot\share\interpreter\linkResolver.cpp, line 796]
Event: 0.228 Thread 0x00000220d8f5f5d0 Exception <a 'sun/nio/fs/WindowsException'{0x000000062cd76510}> (0x000000062cd76510) 
thrown [s\src\hotspot\share\prims\jni.cpp, line 520]
Event: 0.228 Thread 0x00000220d8f5f5d0 Exception <a 'sun/nio/fs/WindowsException'{0x000000062cd767e0}> (0x000000062cd767e0) 
thrown [s\src\hotspot\share\prims\jni.cpp, line 520]
Event: 0.309 Thread 0x00000220d8f5f5d0 Exception <a 'java/lang/NoSuchMethodError'{0x000000062cdedda8}: 'java.lang.Object java.lang.invoke.DirectMethodHandle$Holder.newInvokeSpecial(java.lang.Object, long)'> (0x000000062cdedda8) 
thrown [s\src\hotspot\share\interpreter\linkResolver.cpp, line 796]

VM Operations (4 events):
Event: 0.037 Executing VM operation: HandshakeAllThreads (Deoptimize)
Event: 0.037 Executing VM operation: HandshakeAllThreads (Deoptimize) done
Event: 0.319 Executing VM operation: HandshakeAllThreads (Deoptimize)
Event: 0.319 Executing VM operation: HandshakeAllThreads (Deoptimize) done

Memory protections (0 events):
No events

Nmethod flushes (0 events):
No events

Events (16 events):
Event: 0.014 Thread 0x00000220d8f5f5d0 Thread added: 0x00000220d8f5f5d0
Event: 0.021 Thread 0x00000220d8f5f5d0 Thread added: 0x00000220fdbc3590
Event: 0.021 Thread 0x00000220d8f5f5d0 Thread added: 0x00000220fdbc42e0
Event: 0.021 Thread 0x00000220d8f5f5d0 Thread added: 0x00000220fdbd0000
Event: 0.021 Thread 0x00000220d8f5f5d0 Thread added: 0x00000220fdbd0ea0
Event: 0.021 Thread 0x00000220d8f5f5d0 Thread added: 0x00000220fdbd1b20
Event: 0.021 Thread 0x00000220d8f5f5d0 Thread added: 0x00000220fdbd4680
Event: 0.021 Thread 0x00000220d8f5f5d0 Thread added: 0x00000220fdbd9b40
Event: 0.021 Thread 0x00000220d8f5f5d0 Thread added: 0x00000220fdbdb990
Event: 0.023 Thread 0x00000220fdbdb990 Thread added: 0x00000220c115fb10
Event: 0.030 Thread 0x00000220d8f5f5d0 Thread added: 0x00000220c1210f30
Event: 0.031 Thread 0x00000220d8f5f5d0 Thread added: 0x00000220c122bde0
Event: 0.064 Thread 0x00000220fdbd9b40 Thread added: 0x00000220c13fd900
Event: 0.226 Thread 0x00000220c13fd900 Thread exited: 0x00000220c13fd900
Event: 0.313 Thread 0x00000220fdbdb990 Thread added: 0x00000220c7eb8f20
Event: 0.313 Thread 0x00000220fdbdb990 Thread added: 0x00000220c7eb95e0


Dynamic libraries:
0x00007ff6a5710000 - 0x00007ff6a571e000 	C:\Program Files\Java\jdk-23.0.1+11\bin\javaw.exe
0x00007ffcf3800000 - 0x00007ffcf3a63000 	C:\WINDOWS\SYSTEM32\ntdll.dll
0x00007ffcf2b40000 - 0x00007ffcf2c07000 	C:\WINDOWS\System32\KERNEL32.DLL
0x00007ffcf0a00000 - 0x00007ffcf0dc9000 	C:\WINDOWS\System32\KERNELBASE.dll
0x00007ffcf0f10000 - 0x00007ffcf105c000 	C:\WINDOWS\System32\ucrtbase.dll
0x00007ffcd9bf0000 - 0x00007ffcd9c0e000 	C:\Program Files\Java\jdk-23.0.1+11\bin\VCRUNTIME140.dll
0x00007ffcd9cb0000 - 0x00007ffcd9cc7000 	C:\Program Files\Java\jdk-23.0.1+11\bin\jli.dll
0x00007ffcf28e0000 - 0x00007ffcf2aaa000 	C:\WINDOWS\System32\USER32.dll
0x00007ffcd6420000 - 0x00007ffcd66b0000 	C:\WINDOWS\WinSxS\amd64_microsoft.windows.common-controls_6595b64144ccf1df_6.0.26100.3323_none_3e088096e3344490\COMCTL32.dll
0x00007ffcf1240000 - 0x00007ffcf1267000 	C:\WINDOWS\System32\win32u.dll
0x00007ffcf2ff0000 - 0x00007ffcf3099000 	C:\WINDOWS\System32\msvcrt.dll
0x00007ffcf2df0000 - 0x00007ffcf2e1a000 	C:\WINDOWS\System32\GDI32.dll
0x00007ffcf0dd0000 - 0x00007ffcf0f01000 	C:\WINDOWS\System32\gdi32full.dll
0x00007ffcf1100000 - 0x00007ffcf11a3000 	C:\WINDOWS\System32\msvcp_win.dll
0x00007ffcf23e0000 - 0x00007ffcf240f000 	C:\WINDOWS\System32\IMM32.DLL
0x00007ffced840000 - 0x00007ffced84c000 	C:\Program Files\Java\jdk-23.0.1+11\bin\vcruntime140_1.dll
0x00007ffcd9090000 - 0x00007ffcd911d000 	C:\Program Files\Java\jdk-23.0.1+11\bin\msvcp140.dll
0x00007ffc4e150000 - 0x00007ffc4ef1d000 	C:\Program Files\Java\jdk-23.0.1+11\bin\server\jvm.dll
0x00007ffcf16e0000 - 0x00007ffcf1792000 	C:\WINDOWS\System32\ADVAPI32.dll
0x00007ffcf1620000 - 0x00007ffcf16c6000 	C:\WINDOWS\System32\sechost.dll
0x00007ffcf1fd0000 - 0x00007ffcf20e6000 	C:\WINDOWS\System32\RPCRT4.dll
0x00007ffcf21e0000 - 0x00007ffcf2254000 	C:\WINDOWS\System32\WS2_32.dll
0x00007ffcef6b0000 - 0x00007ffcef6fe000 	C:\WINDOWS\SYSTEM32\POWRPROF.dll
0x00007ffce9b60000 - 0x00007ffce9b6b000 	C:\WINDOWS\SYSTEM32\VERSION.dll
0x00007ffce41f0000 - 0x00007ffce4226000 	C:\WINDOWS\SYSTEM32\WINMM.dll
0x00007ffcef690000 - 0x00007ffcef6a4000 	C:\WINDOWS\SYSTEM32\UMPDC.dll
0x00007ffcef930000 - 0x00007ffcef94a000 	C:\WINDOWS\SYSTEM32\kernel.appcore.dll
0x00007ffcea1d0000 - 0x00007ffcea1da000 	C:\Program Files\Java\jdk-23.0.1+11\bin\jimage.dll
0x00007ffceed10000 - 0x00007ffceef51000 	C:\WINDOWS\SYSTEM32\DBGHELP.DLL
0x00007ffcf1c40000 - 0x00007ffcf1fc2000 	C:\WINDOWS\System32\combase.dll
0x00007ffcf25d0000 - 0x00007ffcf26a6000 	C:\WINDOWS\System32\OLEAUT32.dll
0x00007ffccef50000 - 0x00007ffccef89000 	C:\WINDOWS\SYSTEM32\dbgcore.DLL
0x00007ffcf1060000 - 0x00007ffcf10f9000 	C:\WINDOWS\System32\bcryptPrimitives.dll
0x00007ffce44f0000 - 0x00007ffce450e000 	C:\Program Files\Java\jdk-23.0.1+11\bin\java.dll
0x00007ffcf2430000 - 0x00007ffcf25c5000 	C:\WINDOWS\System32\ole32.dll
0x00007ffcf30a0000 - 0x00007ffcf37b5000 	C:\WINDOWS\System32\SHELL32.dll
0x00007ffcf13f0000 - 0x00007ffcf1558000 	C:\WINDOWS\System32\wintypes.dll
0x00007ffcee3d0000 - 0x00007ffceec15000 	C:\WINDOWS\SYSTEM32\windows.storage.dll
0x00007ffcf2f00000 - 0x00007ffcf2feb000 	C:\WINDOWS\System32\SHCORE.dll
0x00007ffcf2d90000 - 0x00007ffcf2ded000 	C:\WINDOWS\System32\shlwapi.dll
0x00007ffcf0910000 - 0x00007ffcf093f000 	C:\WINDOWS\SYSTEM32\profapi.dll
0x00007ffcd2f70000 - 0x00007ffcd3047000 	C:\Program Files\Java\jdk-23.0.1+11\bin\jsvml.dll
0x00007ffce44e0000 - 0x00007ffce44f0000 	C:\Program Files\Java\jdk-23.0.1+11\bin\net.dll
0x00007ffcefe50000 - 0x00007ffcefeba000 	C:\WINDOWS\system32\mswsock.dll
0x00007ffce4420000 - 0x00007ffce4436000 	C:\Program Files\Java\jdk-23.0.1+11\bin\nio.dll
0x00007ffcda6f0000 - 0x00007ffcda707000 	C:\Program Files\Java\jdk-23.0.1+11\bin\zip.dll
0x00007ffcd94d0000 - 0x00007ffcd954e000 	C:\Users\necro\AppData\Local\Temp\lwjgl_necro\3.3.6+1\x64\lwjgl.dll
0x00007ffcd9360000 - 0x00007ffcd93e9000 	C:\Users\necro\AppData\Local\Temp\lwjgl_necro\3.3.6+1\x64\glfw.dll
0x00007ffccf660000 - 0x00007ffccf6ab000 	C:\WINDOWS\SYSTEM32\dinput8.dll
0x00007ffceb620000 - 0x00007ffceb632000 	C:\WINDOWS\SYSTEM32\xinput1_4.dll
0x00007ffcf0690000 - 0x00007ffcf06ef000 	C:\WINDOWS\SYSTEM32\cfgmgr32.dll
0x00007ffcf0660000 - 0x00007ffcf068d000 	C:\WINDOWS\SYSTEM32\DEVOBJ.dll
0x00007ffcedd50000 - 0x00007ffcedd85000 	C:\WINDOWS\SYSTEM32\dwmapi.dll
0x00007ffcd3200000 - 0x00007ffcd33df000 	C:\WINDOWS\SYSTEM32\inputhost.dll
0x00007ffced570000 - 0x00007ffced696000 	C:\WINDOWS\SYSTEM32\CoreMessaging.dll
0x00007ffceda40000 - 0x00007ffcedaee000 	C:\WINDOWS\system32\uxtheme.dll
0x00007ffcf2260000 - 0x00007ffcf23bb000 	C:\WINDOWS\System32\MSCTF.dll
0x00007ffcf0110000 - 0x00007ffcf011c000 	C:\WINDOWS\SYSTEM32\CRYPTBASE.DLL
0x00007ffcd91d0000 - 0x00007ffcd9355000 	C:\WINDOWS\SYSTEM32\vulkan-1.dll
0x00007ffcedbf0000 - 0x00007ffcedd1e000 	C:\WINDOWS\system32\dxgi.dll
0x00007ffcedb90000 - 0x00007ffcedbed000 	C:\WINDOWS\SYSTEM32\directxdatabasehelper.dll
0x00007ffcd3b00000 - 0x00007ffcd3b1a000 	C:\WINDOWS\SYSTEM32\windows.staterepositorycore.dll
0x00007ffcedb40000 - 0x00007ffcedb87000 	C:\WINDOWS\SYSTEM32\dxcore.dll
0x00007ffc35810000 - 0x00007ffc3b27e000 	C:\WINDOWS\System32\DriverStore\FileRepository\u0402338.inf_amd64_d4de815aa579b06a\B402197\amdvlk64.dll
0x00007ffcf17b0000 - 0x00007ffcf1c36000 	C:\WINDOWS\System32\SETUPAPI.dll
0x00007ffc89780000 - 0x00007ffc8bf6e000 	C:\WINDOWS\System32\DriverStore\FileRepository\nv_dispi.inf_amd64_9d15b9aa9e1c885b\nvoglv64.dll
0x00007ffced9f0000 - 0x00007ffceda06000 	C:\WINDOWS\SYSTEM32\WTSAPI32.dll
0x00007ffcf0210000 - 0x00007ffcf0223000 	C:\WINDOWS\SYSTEM32\msasn1.dll
0x00007ffce9ab0000 - 0x00007ffce9aeb000 	C:\WINDOWS\SYSTEM32\cryptnet.dll
0x00007ffcf1270000 - 0x00007ffcf13e7000 	C:\WINDOWS\System32\CRYPT32.dll
0x00007ffcf01b0000 - 0x00007ffcf020d000 	C:\WINDOWS\SYSTEM32\wldp.dll
0x00007ffce9930000 - 0x00007ffce9aab000 	C:\WINDOWS\SYSTEM32\drvstore.dll
0x00007ffcf11b0000 - 0x00007ffcf122f000 	C:\WINDOWS\System32\WINTRUST.dll
0x00007ffcefa50000 - 0x00007ffcefa85000 	C:\WINDOWS\SYSTEM32\ntmarta.dll
0x00007ffcf21a0000 - 0x00007ffcf21c0000 	C:\WINDOWS\System32\imagehlp.dll
0x00007ffcf00f0000 - 0x00007ffcf010c000 	C:\WINDOWS\SYSTEM32\CRYPTSP.dll
0x00007ffcef890000 - 0x00007ffcef8ca000 	C:\WINDOWS\system32\rsaenh.dll
0x00007ffcf0330000 - 0x00007ffcf0356000 	C:\WINDOWS\SYSTEM32\bcrypt.dll
0x00007ffce4e50000 - 0x00007ffce85ea000 	C:\WINDOWS\System32\DriverStore\FileRepository\nv_dispi.inf_amd64_9d15b9aa9e1c885b\nvgpucomp64.dll
0x00007ffcf20f0000 - 0x00007ffcf2198000 	C:\WINDOWS\System32\clbcatq.dll
0x00007ffcd7b60000 - 0x00007ffcd7b99000 	C:\WINDOWS\SYSTEM32\rometadata.dll
0x00007ffc33e50000 - 0x00007ffc35802000 	C:\VulkanSDK\1.3.275.0\Bin\VkLayer_khronos_validation.dll
0x00007ffc53b70000 - 0x00007ffc53bbe000 	C:\ProgramData\obs-studio-hook\graphics-hook64.dll
0x00007ffcd9190000 - 0x00007ffcd91c7000 	C:\WINDOWS\System32\DriverStore\FileRepository\u0402338.inf_amd64_d4de815aa579b06a\B402197\amdihk64.dll

dbghelp: loaded successfully - version: 4.0.5 - missing functions: none
symbol engine: initialized successfully - sym options: 0x614 - pdb path: .;C:\Program Files\Java\jdk-23.0.1+11\bin;C:\WINDOWS\SYSTEM32;C:\WINDOWS\WinSxS\amd64_microsoft.windows.common-controls_6595b64144ccf1df_6.0.26100.3323_none_3e088096e3344490;C:\Program Files\Java\jdk-23.0.1+11\bin\server;C:\Users\necro\AppData\Local\Temp\lwjgl_necro\3.3.6+1\x64;C:\WINDOWS\System32\DriverStore\FileRepository\u0402338.inf_amd64_d4de815aa579b06a\B402197;C:\WINDOWS\System32\DriverStore\FileRepository\nv_dispi.inf_amd64_9d15b9aa9e1c885b;C:\VulkanSDK\1.3.275.0\Bin;C:\ProgramData\obs-studio-hook

VM Arguments:
jvm_args: -Dfile.encoding=UTF-8 -Dstdout.encoding=UTF-8 -Dstderr.encoding=UTF-8 -XX:+ShowCodeDetailsInExceptionMessages 
java_command: org.drakum.demo.App
java_class_path (initial): H:\bkp_new_picatrix1899\java\git\drakum\drakum-demo\bin\main;F:\Caches\.gradle\caches\modules-2\files-2.1\org.lwjgl\lwjgl-glfw\3.3.6\7119f7d0eeb1e5502ff0ca71d2b4d47317da015\lwjgl-glfw-3.3.6.jar;F:\Caches\.gradle\caches\modules-2\files-2.1\org.lwjgl\lwjgl-vulkan\3.3.6\a403e0931b03b138854bb2ba9c48dab646cba6d8\lwjgl-vulkan-3.3.6.jar;F:\Caches\.gradle\caches\modules-2\files-2.1\org.lwjgl\lwjgl\3.3.6\ce7721d30cfaf47feaed10213e0c43eb55c49d68\lwjgl-3.3.6.jar;F:\Caches\.gradle\caches\modules-2\files-2.1\org.joml\joml\1.10.8\fc0a71dad90a2cf41d82a76156a0e700af8e4f8d\joml-1.10.8.jar;F:\Caches\.gradle\caches\modules-2\files-2.1\it.unimi.dsi\fastutil\8.5.15\1e885b40c9563ab0d3899b871fd0b30e958705dc\fastutil-8.5.15.jar;F:\Caches\.gradle\caches\modules-2\files-2.1\org.jetbrains.kotlin\kotlin-stdlib-jdk8\1.8.20\73576ddf378c5b4f1f6b449fe6b119b8183fc078\kotlin-stdlib-jdk8-1.8.20.jar;F:\Caches\.gradle\caches\modules-2\files-2.1\org.jetbrains.kotlin\kotlin-stdlib-jdk7\1.8.20\3aa51faf20aae8b31e1a4bc54f8370673d7b7df4\kotlin-stdlib-jdk7-1.8.20.jar;F:\Caches\.gradle\caches\modules-2\files-2.1\org.jetbrains.kotlin\kotlin-stdlib\1.8.20\e72fc5e03ec6c064c678a6bd0d955c88d55b0c4a\kotlin-stdlib-1.8.20.jar;F:\Caches\.gradle\caches\modules-2\files-2.1\org.jetbrains.kotlin\kotlin-stdlib-common\1.8.20\5eddaaf234c8c49d03eebeb6a14feb7f90faca71\kotlin-stdlib-common-1.8.20.jar;F:\Caches\.gradle\caches\modules-2\files-2.1\org.jetbrains\annotations\13.0\919f0dfe192fb4e063e7dacadee7f8bb9a2672a9\annotations-13.0.jar;F:\Caches\.gradle\caches\modules-2\files-2.1\org.lwjgl\lwjgl-glfw\3.3.6\99ef08056feb9627f90425a4d2a22cd9fae8e39b\lwjgl-glfw-3.3.6-natives-windows.jar;F:\Caches\.gradle\caches\modules-2\files-2.1\org.lwjgl\lwjgl\3.3.6\9a29b6a22fc5184604b8cb434ee5d5ecc4bfcbee\lwjgl-3.3.6-natives-windows.jar
Launcher Type: SUN_STANDARD

[Global flags]
     intx CICompilerCount                          = 15                                        {product} {ergonomic}
     uint ConcGCThreads                            = 6                                         {product} {ergonomic}
     uint G1ConcRefinementThreads                  = 23                                        {product} {ergonomic}
   size_t G1HeapRegionSize                         = 4194304                                   {product} {ergonomic}
   size_t InitialHeapSize                          = 524288000                                 {product} {ergonomic}
   size_t MarkStackSize                            = 4194304                                   {product} {ergonomic}
   size_t MarkStackSizeMax                         = 536870912                                 {product} {ergonomic}
   size_t MaxHeapSize                              = 8350859264                                {product} {ergonomic}
   size_t MaxNewSize                               = 5007998976                                {product} {ergonomic}
   size_t MinHeapDeltaBytes                        = 4194304                                   {product} {ergonomic}
   size_t MinHeapSize                              = 8388608                                   {product} {ergonomic}
    uintx NonNMethodCodeHeapSize                   = 8192000                                {pd product} {ergonomic}
    uintx NonProfiledCodeHeapSize                  = 121765888                              {pd product} {ergonomic}
    uintx ProfiledCodeHeapSize                     = 121700352                              {pd product} {ergonomic}
    uintx ReservedCodeCacheSize                    = 251658240                              {pd product} {ergonomic}
     bool SegmentedCodeCache                       = true                                      {product} {ergonomic}
     bool ShowCodeDetailsInExceptionMessages       = true                                   {manageable} {command line}
   size_t SoftMaxHeapSize                          = 8350859264                             {manageable} {ergonomic}
     bool UseCompressedOops                        = true                           {product lp64_product} {ergonomic}
     bool UseG1GC                                  = true                                      {product} {ergonomic}
     bool UseLargePagesIndividualAllocation        = false                                  {pd product} {ergonomic}

Logging:
Log output configuration:
 #0: stdout all=warning uptime,level,tags foldmultilines=false
 #1: stderr all=off uptime,level,tags foldmultilines=false

Environment Variables:
JAVA_HOME=C:\Program Files\Java\jdk-23.0.1+11
PATH=C:/Program Files/Java/jdk-23.0.1+11/bin/server;C:/Program Files/Java/jdk-23.0.1+11/bin;C:\Program Files (x86)\Razer Chroma SDK\bin;C:\Program Files\Razer Chroma SDK\bin;C:\VulkanSDK\1.3.275.0\Bin;C:\Windows\system32;C:\Windows;C:\Windows\System32\Wbem;C:\Windows\System32\WindowsPowerShell\v1.0\;C:\Windows\System32\OpenSSH\;C:\Program Files\Microsoft SQL Server\150\Tools\Binn\;C:\Program Files\Microsoft SQL Server\Client SDK\ODBC\170\Tools\Binn\;C:\Program Files\dotnet\;C:\Program Files (x86)\Windows Kits\10\Windows Performance Toolkit\;C:\Windows\system32\config\systemprofile\AppData\Local\Microsoft\WindowsApps;C:\Program Files (x86)\Razer\ChromaBroadcast\bin;C:\Program Files\Razer\ChromaBroadcast\bin;C:\Users\necro\AppData\Local\Microsoft\WindowsApps;C:\Users\necro\AppData\Local\Programs\Microsoft VS Code\bin;C:\Users\necro\.dotnet\tools;C:\Program Files\Gradle\gradle-8.7\bin;C:\Program Files\Git\cmd;;C:\WINDOWS\system32;C:\WINDOWS;C:\WINDOWS\System32\Wbem;C:\WINDOWS\System32\WindowsPowerShell\v1.0\;C:\WINDOWS\System32\OpenSSH\;C:\Program Files (x86)\NVIDIA Corporation\PhysX\Common;C:\Users\necro\AppData\Local\Microsoft\WindowsApps;C:\Users\necro\AppData\Local\Programs\Microsoft VS Code\bin;C:\Users\necro\.dotnet\tools;C:\Program Files\Java\jdk-23.0.1+11\bin;C:\Program Files\Gradle\gradle-8.7\bin;C:\Program Files\JetBrains\IntelliJ IDEA Community Edition 2024.2.0.1\bin;;;C:\Users\necro\Desktop;
USERNAME=necro
OS=Windows_NT
PROCESSOR_IDENTIFIER=AMD64 Family 25 Model 97 Stepping 2, AuthenticAMD
TMP=C:\Users\necro\AppData\Local\Temp
TEMP=C:\Users\necro\AppData\Local\Temp




Periodic native trim disabled

---------------  S Y S T E M  ---------------

OS:
 Windows 11 , 64 bit Build 26100 (10.0.26100.3323)
OS uptime: 0 days 1:54 hours

CPU: total 32 (initial active 32) (32 cores per cpu, 2 threads per core) family 25 model 97 stepping 2 microcode 0xa601209, cx8, cmov, fxsr, ht, mmx, 3dnowpref, sse, sse2, sse3, ssse3, sse4a, sse4.1, sse4.2, popcnt, lzcnt, tsc, tscinvbit, avx, avx2, aes, erms, clmul, bmi1, bmi2, adx, avx512f, avx512dq, avx512cd, avx512bw, avx512vl, sha, fma, vzeroupper, avx512_vpopcntdq, avx512_vpclmulqdq, avx512_vaes, avx512_vnni, clflush, clflushopt, avx512_vbmi2, avx512_vbmi, rdtscp, rdpid, fsrm, gfni, avx512_bitalg, f16c, pku, cet_ss, avx512_ifma
Processor Information for the first 32 processors :
  Max Mhz: 4201, Current Mhz: 4201, Mhz Limit: 4201

Memory: 4k page, system-wide physical 31849M (17367M free)
TotalPageFile size 33897M (AvailPageFile size 13035M)
current process WorkingSet (physical memory assigned to process): 220M, peak: 222M
current process commit charge ("private bytes"): 847M, peak: 847M

vm_info: OpenJDK 64-Bit Server VM (23.0.1+11) for windows-amd64 JRE (23.0.1+11), built on 2024-10-15T00:00:00Z with MS VC++ 17.7 (VS2022)

END.
