#
# A fatal error has been detected by the Java Runtime Environment:
#
#  EXCEPTION_ACCESS_VIOLATION (0xc0000005) at pc=0x00007ffecfaa0dea, pid=25420, tid=27984
#
# JRE version: OpenJDK Runtime Environment Temurin-23.0.1+11 (23.0.1+11) (build 23.0.1+11)
# Java VM: OpenJDK 64-Bit Server VM Temurin-23.0.1+11 (23.0.1+11, mixed mode, sharing, tiered, compressed oops, compressed class ptrs, g1 gc, windows-amd64)
# Problematic frame:
# C  [vulkan-1.dll+0x20dea]
#
# No core dump will be written. Minidumps are not enabled by default on client versions of Windows
#
# If you would like to submit a bug report, please visit:
#   https://github.com/adoptium/adoptium-support/issues
# The crash happened outside the Java Virtual Machine in native code.
# See problematic frame for where to report the bug.
#

---------------  S U M M A R Y ------------

Command Line: -Dfile.encoding=UTF-8 -Dstdout.encoding=UTF-8 -Dstderr.encoding=UTF-8 -XX:+ShowCodeDetailsInExceptionMessages org.drakum.demo.App

Host: AMD Ryzen 9 7950X3D 16-Core Processor          , 32 cores, 31G,  Windows 11 , 64 bit Build 26100 (10.0.26100.3323)
Time: Thu Mar 20 23:18:21 2025 Mitteleuropäische Zeit elapsed time: 1.966020 seconds (0d 0h 0m 1s)

---------------  T H R E A D  ---------------

Current thread (0x000001fd62ec0e80):  JavaThread "main"             [_thread_in_native, id=27984, stack(0x0000005996900000,0x0000005996a00000) (1024K)]

Stack: [0x0000005996900000,0x0000005996a00000],  sp=0x00000059969ff440,  free space=1021k
Native frames: (J=compiled Java code, j=interpreted, Vv=VM code, C=native code)
C  [vulkan-1.dll+0x20dea]  (no source info available)
C  0x000001fd7516d307  (no source info available)

The last pc belongs to native method entry point (kind = native) (printed below).
Java frames: (J=compiled Java code, j=interpreted, Vv=VM code)
j  org.lwjgl.system.JNI.callPJPV(JJJJ)V+0
j  org.lwjgl.vulkan.EXTDebugUtils.nvkDestroyDebugUtilsMessengerEXT(Lorg/lwjgl/vulkan/VkInstance;JJ)V+29
j  org.lwjgl.vulkan.EXTDebugUtils.vkDestroyDebugUtilsMessengerEXT(Lorg/lwjgl/vulkan/VkInstance;JLorg/lwjgl/vulkan/VkAllocationCallbacks;)V+6
j  org.drakum.demo.App.main([Ljava/lang/String;)V+384
v  ~StubRoutines::call_stub 0x000001fd75160fcd

siginfo: EXCEPTION_ACCESS_VIOLATION (0xc0000005), reading address 0x0000000000000000


Registers:
RAX=0x0000000000000000, RBX=0x0000000000000000, RCX=0x000001fd62d70100, RDX=0x0000000000000000
RSP=0x00000059969ff440, RBP=0x00000059969ff520, RSI=0xfd5b260000000001, RDI=0x0000000000000000
R8 =0x000001fd62d70100, R9 =0x000000599659a000, R10=0x000001fd7516d2d8, R11=0x000000062c7d8d20
R12=0x0000000000000000, R13=0x000001fd4d4d8f00, R14=0x00000059969ff578, R15=0x000001fd62ec0e80
RIP=0x00007ffecfaa0dea, EFLAGS=0x0000000000010206


Register to memory mapping:

RAX=0x0 is null
RBX=0x0 is null
RCX=0x000001fd62d70100 points into unknown readable memory: 0x00007ffecfbcf8c0 | c0 f8 bc cf fe 7f 00 00
RDX=0x0 is null
RSP=0x00000059969ff440 is pointing into the stack for thread: 0x000001fd62ec0e80
RBP=0x00000059969ff520 is pointing into the stack for thread: 0x000001fd62ec0e80
RSI=0xfd5b260000000001 is an unknown value
RDI=0x0 is null
R8 =0x000001fd62d70100 points into unknown readable memory: 0x00007ffecfbcf8c0 | c0 f8 bc cf fe 7f 00 00
R9 =0x000000599659a000 points into unknown readable memory: 0x0000000000000000 | 00 00 00 00 00 00 00 00
R10=0x000001fd7516d2d8 is at code_begin+1016 in an Interpreter codelet
native method entry point (kind = native)  [0x000001fd7516cee0, 0x000001fd7516db38]  3160 bytes
R11=0x000000062c7d8d20 is an oop: java.lang.Class 
{0x000000062c7d8d20} - klass: 'java/lang/Class'
 - ---- fields (total size 14 words):
 - private volatile transient 'classRedefinedCount' 'I' @12  0 (0x00000000)
 - injected 'klass' 'J' @16  2186356546952 (0x000001fd0d015d88)
 - injected 'array_klass' 'J' @24  0 (0x0000000000000000)
 - injected 'oop_size' 'I' @32  14 (0x0000000e)
 - injected 'static_oop_field_count' 'I' @36  0 (0x00000000)
 - private volatile transient 'cachedConstructor' 'Ljava/lang/reflect/Constructor;' @40  null (0x00000000)
 - private transient 'name' 'Ljava/lang/String;' @44  "org.lwjgl.system.JNI"{0x000000062c7d8da0} (0xc58fb1b4)
 - private transient 'module' 'Ljava/lang/Module;' @48  a 'java/lang/Module'{0x000000062c868390} (0xc590d072)
 - private final 'classLoader' 'Ljava/lang/ClassLoader;' @52  a 'jdk/internal/loader/ClassLoaders$AppClassLoader'{0x000000062c8681d0} (0xc590d03a)
 - private transient 'classData' 'Ljava/lang/Object;' @56  null (0x00000000)
 - private transient 'packageName' 'Ljava/lang/String;' @60  "org.lwjgl.system"{0x000000062ca45bb8} (0xc5948b77)
 - private final 'componentType' 'Ljava/lang/Class;' @64  null (0x00000000)
 - private volatile transient 'reflectionData' 'Ljava/lang/ref/SoftReference;' @68  null (0x00000000)
 - private volatile transient 'genericInfo' 'Lsun/reflect/generics/repository/ClassRepository;' @72  null (0x00000000)
 - private volatile transient 'enumConstants' '[Ljava/lang/Object;' @76  null (0x00000000)
 - private volatile transient 'enumConstantDirectory' 'Ljava/util/Map;' @80  null (0x00000000)
 - private volatile transient 'annotationData' 'Ljava/lang/Class$AnnotationData;' @84  null (0x00000000)
 - private volatile transient 'annotationType' 'Lsun/reflect/annotation/AnnotationType;' @88  null (0x00000000)
 - transient 'classValueMap' 'Ljava/lang/ClassValue$ClassValueMap;' @92  null (0x00000000)
 - injected 'protection_domain' 'Ljava/lang/Object;' @96  a 'java/security/ProtectionDomain'{0x000000062ca492a8} (0xc5949255)
 - injected 'signers_name' 'Ljava/lang/Object;' @100  null (0x00000000)
 - injected 'source_file' 'Ljava/lang/Object;' @104  null (0x00000000)
 - signature: Lorg/lwjgl/system/JNI;
 - ---- static fields (0):
R12=0x0 is null
R13={method} {0x000001fd4d4d8f08} 'callPJPV' '(JJJJ)V' in 'org/lwjgl/system/JNI'
R14=0x00000059969ff578 is pointing into the stack for thread: 0x000001fd62ec0e80
R15=0x000001fd62ec0e80 is a thread

Top of Stack: (sp=0x00000059969ff440)
0x00000059969ff440:   0000000000000000 fd5b260000000001
0x00000059969ff450:   0000000000000118 000001fd07eddca0
0x00000059969ff460:   00000000000017d2 000001fd7516d307
0x00000059969ff470:   000001fd4d4d8f00 0000000000000118
0x00000059969ff480:   000001fd62ec0e80 000001fd75168700
0x00000059969ff490:   0000000000000000 00007ffecfa86a00
0x00000059969ff4a0:   00000000000017d2 000001fd7516cff3
0x00000059969ff4b0:   000001fd4d4d8f00 0000000000000118
0x00000059969ff4c0:   fffffffffffffff7 000001fd4d567bc0
0x00000059969ff4d0:   000001fd7516cf9b fffffffffffffff7
0x00000059969ff4e0:   000001fd4d4d8f00 000000000000000b
0x00000059969ff4f0:   000001fd4d4f2f28 0000000000000000
0x00000059969ff500:   000000062c7d8d20 000001fd4d4d8f00
0x00000059969ff510:   0000000000000000 00000059969ff540
0x00000059969ff520:   00000059969ff5c8 000001fd75168700
0x00000059969ff530:   000000062c7d8d20 000001fd7516a5d7
0x00000059969ff540:   00007ffecfa86a00 0000000000000000
0x00000059969ff550:   0000000000000000 0000000000000000
0x00000059969ff560:   fd5b260000000001 0000000000000000
0x00000059969ff570:   000001fd514e5040 0000000000000000
0x00000059969ff580:   fffffffffffffff7 000001fd4d57c52d
0x00000059969ff590:   0000000000000008 000001fd4d57ced8
0x00000059969ff5a0:   0000000000000000 000000062c1c05f0
0x00000059969ff5b0:   000001fd4d57c570 ffffffffffffffef
0x00000059969ff5c0:   00000059969ff5e8 00000059969ff658
0x00000059969ff5d0:   000001fd75168700 00007ffecfa86a00
0x00000059969ff5e0:   0000000000000000 0000000000000000
0x00000059969ff5f0:   0000000000000000 fd5b260000000001
0x00000059969ff600:   0000000000000000 000000062c1772f8
0x00000059969ff610:   fffffffffffffff7 000001fd4d57c616
0x00000059969ff620:   0000000000000005 000001fd4d57ced8
0x00000059969ff630:   000001fd4d585468 000000062c1c05f0 

Instructions: (pc=0x00007ffecfaa0dea)
0x00007ffecfaa0cea:   30 8b 8c 24 88 00 00 00 89 4c 24 28 48 8b 8c 24
0x00007ffecfaa0cfa:   80 00 00 00 48 89 4c 24 20 49 8b 8a 68 13 00 00
0x00007ffecfaa0d0a:   ff 15 10 e3 13 00 48 8b 5c 24 60 48 8b 74 24 68
0x00007ffecfaa0d1a:   48 83 c4 50 5f c3 cc cc cc cc cc cc cc cc cc cc
0x00007ffecfaa0d2a:   cc cc cc cc cc cc cc cc cc cc cc cc cc cc cc cc
0x00007ffecfaa0d3a:   cc cc cc cc cc cc 48 89 5c 24 08 48 89 74 24 10
0x00007ffecfaa0d4a:   57 48 83 ec 20 49 8b f8 48 8b f2 e8 86 d2 fe ff
0x00007ffecfaa0d5a:   48 8d 0d 5f eb 12 00 48 8b d8 ff 15 7e 94 13 00
0x00007ffecfaa0d6a:   4c 8b 0b 4c 8b c7 48 8b 8b 68 13 00 00 48 8b d6
0x00007ffecfaa0d7a:   49 8b 81 38 02 00 00 ff 15 99 e2 13 00 48 8d 0d
0x00007ffecfaa0d8a:   32 eb 12 00 48 8b 5c 24 30 48 8b 74 24 38 48 83
0x00007ffecfaa0d9a:   c4 20 5f 48 ff 25 3c 94 13 00 cc cc cc cc cc cc
0x00007ffecfaa0daa:   cc cc cc cc cc cc cc cc cc cc cc cc cc cc cc cc
0x00007ffecfaa0dba:   cc cc cc cc cc cc 48 89 5c 24 08 48 89 74 24 10
0x00007ffecfaa0dca:   57 48 83 ec 20 49 8b f8 48 8b f2 e8 06 d2 fe ff
0x00007ffecfaa0dda:   48 8d 0d df ea 12 00 48 8b d8 ff 15 fe 93 13 00
0x00007ffecfaa0dea:   4c 8b 0b 4c 8b c7 48 8b 8b 68 13 00 00 48 8b d6
0x00007ffecfaa0dfa:   49 8b 81 68 02 00 00 ff 15 19 e2 13 00 48 8d 0d
0x00007ffecfaa0e0a:   b2 ea 12 00 48 8b 5c 24 30 48 8b 74 24 38 48 83
0x00007ffecfaa0e1a:   c4 20 5f 48 ff 25 bc 93 13 00 cc cc cc cc cc cc
0x00007ffecfaa0e2a:   cc cc cc cc cc cc cc cc cc cc cc cc cc cc cc cc
0x00007ffecfaa0e3a:   cc cc cc cc cc cc 32 c0 4d 85 c0 74 72 4d 85 c9
0x00007ffecfaa0e4a:   74 6d 45 33 d2 45 89 11 45 89 10 f6 c1 01 74 09
0x00007ffecfaa0e5a:   41 c7 00 10 00 00 00 eb 28 f6 c1 06 74 09 41 c7
0x00007ffecfaa0e6a:   00 00 01 00 00 eb 20 f6 c1 08 74 09 41 c7 00 00
0x00007ffecfaa0e7a:   10 00 00 eb 12 f6 c1 10 74 0d 41 c7 00 01 00 00
0x00007ffecfaa0e8a:   00 41 83 09 01 b0 01 f6 c1 04 74 07 41 83 09 04
0x00007ffecfaa0e9a:   b0 01 c3 84 c0 75 16 41 8b 01 84 d2 74 09 83 c8
0x00007ffecfaa0eaa:   02 41 89 01 b0 01 c3 83 c8 01 41 89 01 b0 01 c3
0x00007ffecfaa0eba:   cc cc cc cc cc cc cc cc cc cc cc cc cc cc cc cc
0x00007ffecfaa0eca:   cc cc cc cc cc cc cc cc cc cc cc cc cc cc cc cc
0x00007ffecfaa0eda:   cc cc cc cc cc cc 48 83 ec 28 4d 85 c0 75 07 32 


Stack slot to memory mapping:

stack at sp + 0 slots: 0x0 is null
stack at sp + 1 slots: 0xfd5b260000000001 is an unknown value
stack at sp + 2 slots: 0x0000000000000118 is an unknown value
stack at sp + 3 slots: 0x000001fd07eddca0 points into unknown readable memory: 0x000001fd0b9d45c0 | c0 45 9d 0b fd 01 00 00
stack at sp + 4 slots: 0x00000000000017d2 is an unknown value
stack at sp + 5 slots: 0x000001fd7516d307 is at code_begin+1063 in an Interpreter codelet
native method entry point (kind = native)  [0x000001fd7516cee0, 0x000001fd7516db38]  3160 bytes
stack at sp + 6 slots: {method} {0x000001fd4d4d8f08} 'callPJPV' '(JJJJ)V' in 'org/lwjgl/system/JNI'
stack at sp + 7 slots: 0x0000000000000118 is an unknown value

Lock stack of current Java thread (top to bottom):

native method entry point (kind = native)  [0x000001fd7516cee0, 0x000001fd7516db38]  3160 bytes
[MachCode]
  0x000001fd7516cee0: 488b 4b08 | 0fb7 492e | 584c 8d74 | ccf8 6800 | 0000 0068 | 0000 0000 | 5055 488b | ec41 5568 
  0x000001fd7516cf00: 0000 0000 | 4c8b 6b08 | 4d8d 6d38 | 5348 8b53 | 0848 8b52 | 0848 8b52 | 1848 8b52 | 7048 8b12 
  0x000001fd7516cf20: 5248 8b53 | 1048 85d2 | 0f84 0700 | 0000 4881 | c210 0100 | 0052 488b | 5308 488b | 5208 488b 
  0x000001fd7516cf40: 5210 5249 | 8bc6 482b | c548 c1e8 | 0350 6800 | 0000 0068 | f7ff ffff | 41c6 8771 | 0400 0001 
  0x000001fd7516cf60: 488b 4310 | 4885 c074 | 208b 88cc | 0000 0083 | c102 8988 | cc00 0000 | 2388 e000 | 0000 0f84 
  0x000001fd7516cf80: 000b 0000 | e9cf 0000 | 0048 8b43 | 1848 85c0 | 0f85 b000 | 0000 e805 | 0000 00e9 | 9900 0000 
  0x000001fd7516cfa0: 488b d348 | 8d44 2408 | 4c89 6dc0 | 498b cfc5 | f877 4989 | afb0 0300 | 0049 8987 | a003 0000 
  0x000001fd7516cfc0: 4883 ec20 | 40f6 c40f | 0f84 1900 | 0000 4883 | ec08 48b8 | 608d 7c4b | fe7f 0000 | ffd0 4883 
  0x000001fd7516cfe0: c408 e90c | 0000 0048 | b860 8d7c | 4bfe 7f00 | 00ff d048 | 83c4 2049 | c787 a003 | 0000 0000 
  0x000001fd7516d000: 0000 49c7 | 87b0 0300 | 0000 0000 | 0049 c787 | a803 0000 | 0000 0000 | c5f8 7749 | 837f 0800 
  0x000001fd7516d020: 0f84 0500 | 0000 e995 | 3eff ff4c | 8b6d c04c | 8b75 c84e | 8d74 f500 | c348 8b43 | 1848 85c0 
  0x000001fd7516d040: 0f84 1200 | 0000 8b48 | 0883 c102 | 8948 0823 | 481c 0f84 | 2c0a 0000 | 493b a7e8 | 0400 000f 
  0x000001fd7516d060: 8748 0000 | 0089 8424 | 00f0 ffff | 8984 2400 | e0ff ff89 | 8424 00d0 | ffff 8984 | 2400 c0ff 
  0x000001fd7516d080: ff89 8424 | 00b0 ffff | 8984 2400 | a0ff ff89 | 8424 0090 | ffff 8984 | 2400 80ff | ff49 3ba7 
  0x000001fd7516d0a0: e004 0000 | 7607 4989 | a7e8 0400 | 0041 c687 | 7104 0000 | 0049 ba91 | 310b 4cfe | 7f00 0041 
  0x000001fd7516d0c0: 803a 000f | 843e 0000 | 0048 8b55 | e849 8bcf | 4883 ec20 | 40f6 c40f | 0f84 1900 | 0000 4883 
  0x000001fd7516d0e0: ec08 48b8 | 807e b44b | fe7f 0000 | ffd0 4883 | c408 e90c | 0000 0048 | b880 7eb4 | 4bfe 7f00 
  0x000001fd7516d100: 00ff d048 | 83c4 2048 | 8b5d e84c | 8b5b 0845 | 0fb7 5b2e | 41c1 e303 | 492b e348 | 83ec 2048 
  0x000001fd7516d120: 83e4 f04c | 8b5b 604d | 85db 0f85 | ab00 0000 | e805 0000 | 00e9 9900 | 0000 488b | d348 8d44 
  0x000001fd7516d140: 2408 4c89 | 6dc0 498b | cfc5 f877 | 4989 afb0 | 0300 0049 | 8987 a003 | 0000 4883 | ec20 40f6 
  0x000001fd7516d160: c40f 0f84 | 1900 0000 | 4883 ec08 | 48b8 c0b4 | 7c4b fe7f | 0000 ffd0 | 4883 c408 | e90c 0000 
  0x000001fd7516d180: 0048 b8c0 | b47c 4bfe | 7f00 00ff | d048 83c4 | 2049 c787 | a003 0000 | 0000 0000 | 49c7 87b0 
  0x000001fd7516d1a0: 0300 0000 | 0000 0049 | c787 a803 | 0000 0000 | 0000 c5f8 | 7749 837f | 0800 0f84 | 0500 0000 
  0x000001fd7516d1c0: e9fb 3cff | ff4c 8b6d | c04c 8b75 | c84e 8d74 | f500 c348 | 8b5d e84c | 8b5b 6041 | ffd3 488b 
  0x000001fd7516d1e0: 5de8 4889 | 4518 448b | 5b28 41f6 | c308 0f84 | 1b00 0000 | 4c8b 5b08 | 4d8b 5b08 | 4d8b 5b18 
  0x000001fd7516d200: 4d8b 5b70 | 4d8b 1b4c | 895d 1048 | 8d55 1048 | 8b43 5849 | bae0 cbb4 | 4bfe 7f00 | 0049 3bc2 
  0x000001fd7516d220: 0f85 ab00 | 0000 e805 | 0000 00e9 | 9900 0000 | 488b d348 | 8d44 2408 | 4c89 6dc0 | 498b cfc5 
  0x000001fd7516d240: f877 4989 | afb0 0300 | 0049 8987 | a003 0000 | 4883 ec20 | 40f6 c40f | 0f84 1900 | 0000 4883 
  0x000001fd7516d260: ec08 48b8 | c0b4 7c4b | fe7f 0000 | ffd0 4883 | c408 e90c | 0000 0048 | b8c0 b47c | 4bfe 7f00 
  0x000001fd7516d280: 00ff d048 | 83c4 2049 | c787 a003 | 0000 0000 | 0000 49c7 | 87b0 0300 | 0000 0000 | 0049 c787 
  0x000001fd7516d2a0: a803 0000 | 0000 0000 | c5f8 7749 | 837f 0800 | 0f84 0500 | 0000 e905 | 3cff ff4c | 8b6d c04c 
  0x000001fd7516d2c0: 8b75 c84e | 8d74 f500 | c348 8b5d | e848 8b43 | 5849 8d8f | c003 0000 | c5f8 7749 | 89af b003 
  0x000001fd7516d2e0: 0000 49ba | d8d2 1675 | fd01 0000 | 4d89 97a8 | 0300 0049 | 89a7 a003 | 0000 41c7 | 8744 0400 
  0x000001fd7516d300: 0004 0000 | 00ff d0c5 | f877 4883 | ec10 c5fb | 1104 2448 | 83ec 1048 | 8904 2448 | c744 2408 
  0x000001fd7516d320: 0000 0000 | 41c7 8744 | 0400 0005 | 0000 00f0 | 8344 24c0 | 0049 3baf | 4804 0000 | 0f87 0e00 
  0x000001fd7516d340: 0000 4183 | bf40 0400 | 0000 0f84 | 2000 0000 | 498b cf4c | 8be4 4883 | ec20 4883 | e4f0 48b8 
  0x000001fd7516d360: 6010 7e4b | fe7f 0000 | ffd0 498b | e44d 33e4 | 41c7 8744 | 0400 0008 | 0000 0049 | c787 a003 
  0x000001fd7516d380: 0000 0000 | 0000 49c7 | 87b0 0300 | 0000 0000 | 0049 c787 | a803 0000 | 0000 0000 | c5f8 774d 
  0x000001fd7516d3a0: 8b9f 3004 | 0000 41c7 | 8300 0100 | 0000 0000 | 0049 bbda | a516 75fd | 0100 004c | 3b5d 180f 
  0x000001fd7516d3c0: 8524 0300 | 0048 8b04 | 2448 83c4 | 1048 85c0 | 0f84 fe02 | 0000 a803 | 0f85 0800 | 0000 488b 
  0x000001fd7516d3e0: 00e9 ee02 | 0000 a801 | 0f85 0900 | 0000 488b | 40fe e9dd | 0200 0048 | 8b40 ff41 | 807f 3800 
  0x000001fd7516d400: 0f84 ce02 | 0000 4883 | f800 0f84 | c402 0000 | 4d8b 5f28 | 4983 fb00 | 0f84 1400 | 0000 4983 
  0x000001fd7516d420: eb08 4d89 | 5f28 4d03 | 5f30 4989 | 03e9 a202 | 0000 4881 | ec50 0100 | 0048 8904 | 2448 894c 
  0x000001fd7516d440: 2408 4889 | 5424 1048 | 8974 2418 | 4889 7c24 | 204c 8944 | 2428 4c89 | 4c24 304c | 8954 2438 
  0x000001fd7516d460: 4c89 5c24 | 40c5 fb11 | 4424 50c5 | fb11 4c24 | 58c5 fb11 | 5424 60c5 | fb11 5c24 | 68c5 fb11 
  0x000001fd7516d480: 6424 70c5 | fb11 6c24 | 78c5 fb11 | b424 8000 | 0000 c5fb | 11bc 2488 | 0000 00c5 | 7b11 8424 
  0x000001fd7516d4a0: 9000 0000 | c57b 118c | 2498 0000 | 00c5 7b11 | 9424 a000 | 0000 c57b | 119c 24a8 | 0000 00c5 
  0x000001fd7516d4c0: 7b11 a424 | b000 0000 | c57b 11ac | 24b8 0000 | 00c5 7b11 | b424 c000 | 0000 c57b | 11bc 24c8 
  0x000001fd7516d4e0: 0000 0062 | e1ff 0811 | 4424 1a62 | e1ff 0811 | 4c24 1b62 | e1ff 0811 | 5424 1c62 | e1ff 0811 
  0x000001fd7516d500: 5c24 1d62 | e1ff 0811 | 6424 1e62 | e1ff 0811 | 6c24 1f62 | e1ff 0811 | 7424 2062 | e1ff 0811 
  0x000001fd7516d520: 7c24 2162 | 61ff 0811 | 4424 2262 | 61ff 0811 | 4c24 2362 | 61ff 0811 | 5424 2462 | 61ff 0811 
  0x000001fd7516d540: 5c24 2562 | 61ff 0811 | 6424 2662 | 61ff 0811 | 6c24 2762 | 61ff 0811 | 7424 2862 | 61ff 0811 
  0x000001fd7516d560: 7c24 2949 | 8bd7 488b | c848 83ec | 2040 f6c4 | 0f0f 8419 | 0000 0048 | 83ec 0848 | b8b0 7971 
  0x000001fd7516d580: 4bfe 7f00 | 00ff d048 | 83c4 08e9 | 0c00 0000 | 48b8 b079 | 714b fe7f | 0000 ffd0 | 4883 c420 
  0x000001fd7516d5a0: 6261 ff08 | 107c 2429 | 6261 ff08 | 1074 2428 | 6261 ff08 | 106c 2427 | 6261 ff08 | 1064 2426 
  0x000001fd7516d5c0: 6261 ff08 | 105c 2425 | 6261 ff08 | 1054 2424 | 6261 ff08 | 104c 2423 | 6261 ff08 | 1044 2422 
  0x000001fd7516d5e0: 62e1 ff08 | 107c 2421 | 62e1 ff08 | 1074 2420 | 62e1 ff08 | 106c 241f | 62e1 ff08 | 1064 241e 
  0x000001fd7516d600: 62e1 ff08 | 105c 241d | 62e1 ff08 | 1054 241c | 62e1 ff08 | 104c 241b | 62e1 ff08 | 1044 241a 
  0x000001fd7516d620: c57b 10bc | 24c8 0000 | 00c5 7b10 | b424 c000 | 0000 c57b | 10ac 24b8 | 0000 00c5 | 7b10 a424 
  0x000001fd7516d640: b000 0000 | c57b 109c | 24a8 0000 | 00c5 7b10 | 9424 a000 | 0000 c57b | 108c 2498 | 0000 00c5 
  0x000001fd7516d660: 7b10 8424 | 9000 0000 | c5fb 10bc | 2488 0000 | 00c5 fb10 | b424 8000 | 0000 c5fb | 106c 2478 
  0x000001fd7516d680: c5fb 1064 | 2470 c5fb | 105c 2468 | c5fb 1054 | 2460 c5fb | 104c 2458 | c5fb 1044 | 2450 4c8b 
  0x000001fd7516d6a0: 5c24 404c | 8b54 2438 | 4c8b 4c24 | 304c 8b44 | 2428 488b | 7c24 2048 | 8b74 2418 | 488b 5424 
  0x000001fd7516d6c0: 1048 8b4c | 2408 488b | 0424 4881 | c450 0100 | 00c5 f877 | 4889 4510 | 4883 ec10 | 4889 0424 
  0x000001fd7516d6e0: 48c7 4424 | 0800 0000 | 0041 83bf | c804 0000 | 020f 85bf | 0000 0048 | 81ec 8000 | 0000 4889 
  0x000001fd7516d700: 4424 7848 | 894c 2470 | 4889 5424 | 6848 895c | 2460 4889 | 6c24 5048 | 8974 2448 | 4889 7c24 
  0x000001fd7516d720: 404c 8944 | 2438 4c89 | 4c24 304c | 8954 2428 | 4c89 5c24 | 204c 8964 | 2418 4c89 | 6c24 104c 
  0x000001fd7516d740: 8974 2408 | 4c89 3c24 | 4c8b e448 | 83ec 2048 | 83e4 f048 | b850 b3b4 | 4bfe 7f00 | 00ff d049 
  0x000001fd7516d760: 8be4 4c8b | 3c24 4c8b | 7424 084c | 8b6c 2410 | 4c8b 6424 | 184c 8b5c | 2420 4c8b | 5424 284c 
  0x000001fd7516d780: 8b4c 2430 | 4c8b 4424 | 3848 8b7c | 2440 488b | 7424 4848 | 8b6c 2450 | 488b 5c24 | 6048 8b54 
  0x000001fd7516d7a0: 2468 488b | 4c24 7048 | 8b44 2478 | 4881 c480 | 0000 004d | 33e4 488b | 5de8 4c8b | 6b08 4d8d 
  0x000001fd7516d7c0: 6d38 4983 | 7f08 000f | 84bb 0000 | 00e8 0500 | 0000 e996 | 0000 0048 | 8d44 2408 | 4c89 6dc0 
  0x000001fd7516d7e0: 498b cfc5 | f877 4989 | afb0 0300 | 0049 8987 | a003 0000 | 4883 ec20 | 40f6 c40f | 0f84 1900 
  0x000001fd7516d800: 0000 4883 | ec08 48b8 | d0d2 7c4b | fe7f 0000 | ffd0 4883 | c408 e90c | 0000 0048 | b8d0 d27c 
  0x000001fd7516d820: 4bfe 7f00 | 00ff d048 | 83c4 2049 | c787 a003 | 0000 0000 | 0000 49c7 | 87b0 0300 | 0000 0000 
  0x000001fd7516d840: 0049 c787 | a803 0000 | 0000 0000 | c5f8 7749 | 837f 0800 | 0f84 0500 | 0000 e961 | 36ff ff4c 
  0x000001fd7516d860: 8b6d c04c | 8b75 c84e | 8d74 f500 | c348 b920 | 8ee1 4bfe | 7f00 0048 | 83e4 f048 | b880 b3a2 
  0x000001fd7516d880: 4bfe 7f00 | 00ff d0f4 | 448b 5b28 | 41f6 c320 | 0f84 7901 | 0000 488d | 55a8 4c8b | 5a08 4d85 
  0x000001fd7516d8a0: db0f 85bb | 0000 00e8 | 0500 0000 | e996 0000 | 0048 8d44 | 2408 4c89 | 6dc0 498b | cfc5 f877 
  0x000001fd7516d8c0: 4989 afb0 | 0300 0049 | 8987 a003 | 0000 4883 | ec20 40f6 | c40f 0f84 | 1900 0000 | 4883 ec08 
  0x000001fd7516d8e0: 48b8 00d2 | 7c4b fe7f | 0000 ffd0 | 4883 c408 | e90c 0000 | 0048 b800 | d27c 4bfe | 7f00 00ff 
  0x000001fd7516d900: d048 83c4 | 2049 c787 | a003 0000 | 0000 0000 | 49c7 87b0 | 0300 0000 | 0000 0049 | c787 a803 
  0x000001fd7516d920: 0000 0000 | 0000 c5f8 | 7749 837f | 0800 0f84 | 0500 0000 | e987 35ff | ff4c 8b6d | c04c 8b75 
  0x000001fd7516d940: c84e 8d74 | f500 c348 | b920 8ee1 | 4bfe 7f00 | 0048 83e4 | f048 b880 | b3a2 4bfe | 7f00 00ff 
  0x000001fd7516d960: d0f4 4c89 | 6dc0 4c8b | 4a08 48c7 | 4208 0000 | 0000 458b | 8718 0600 | 004f 3b4c | 07f8 0f85 
  0x000001fd7516d980: 4900 0000 | 4183 af18 | 0600 0008 | 4f3b 4c07 | f00f 842a | 0000 0049 | 8b01 a802 | 0f85 1200 
  0x000001fd7516d9a0: 0000 4c8b | c049 83c8 | 01f0 4d0f | b101 0f84 | 0d00 0000 | 4183 8718 | 0600 0008 | e90c 0000 
  0x000001fd7516d9c0: 0049 ff8f | 5005 0000 | e93e 0000 | 004c 894a | 0848 8bca | 4883 ec20 | 40f6 c40f | 0f84 1900 
  0x000001fd7516d9e0: 0000 4883 | ec08 48b8 | c0a4 7c4b | fe7f 0000 | ffd0 4883 | c408 e90c | 0000 0048 | b8c0 a47c 
  0x000001fd7516da00: 4bfe 7f00 | 00ff d048 | 83c4 204c | 8b6d c049 | ba91 310b | 4cfe 7f00 | 0041 803a | 000f 843e 
  0x000001fd7516da20: 0000 0048 | 8b55 e849 | 8bcf 4883 | ec20 40f6 | c40f 0f84 | 1900 0000 | 4883 ec08 | 48b8 807e 
  0x000001fd7516da40: b44b fe7f | 0000 ffd0 | 4883 c408 | e90c 0000 | 0048 b880 | 7eb4 4bfe | 7f00 00ff | d048 83c4 
  0x000001fd7516da60: 2048 8b04 | 2448 83c4 | 10c5 fb10 | 0424 4883 | c410 4c8b | 5d18 41ff | d34c 8b5d | f8c9 5f49 
  0x000001fd7516da80: 8be3 ffe7 | ba00 0000 | 00e8 0500 | 0000 e996 | 0000 0048 | 8d44 2408 | 4c89 6dc0 | 498b cfc5 
  0x000001fd7516daa0: f877 4989 | afb0 0300 | 0049 8987 | a003 0000 | 4883 ec20 | 40f6 c40f | 0f84 1900 | 0000 4883 
  0x000001fd7516dac0: ec08 48b8 | 7098 7c4b | fe7f 0000 | ffd0 4883 | c408 e90c | 0000 0048 | b870 987c | 4bfe 7f00 
  0x000001fd7516dae0: 00ff d048 | 83c4 2049 | c787 a003 | 0000 0000 | 0000 49c7 | 87b0 0300 | 0000 0000 | 0049 c787 
  0x000001fd7516db00: a803 0000 | 0000 0000 | c5f8 7749 | 837f 0800 | 0f84 0500 | 0000 e9a5 | 33ff ff4c | 8b6d c04c 
  0x000001fd7516db20: 8b75 c84e | 8d74 f500 | c348 8b5d | e8e9 26f5 | ffff 660f | 1f44 0000 
[/MachCode]

---------------  P R O C E S S  ---------------

Threads class SMR info:
_java_thread_list=0x000001fd538999d0, length=13, elements={
0x000001fd62ec0e80, 0x000001fd07fbc9f0, 0x000001fd07fbd800, 0x000001fd07fc2a20,
0x000001fd07fc3700, 0x000001fd07fcc320, 0x000001fd07fcf820, 0x000001fd0b912f90,
0x000001fd07fd5f80, 0x000001fd07fd36a0, 0x000001fd0bab5f30, 0x000001fd0babadd0,
0x000001fd07fd4b10
}

Java Threads: ( => current thread )
=>0x000001fd62ec0e80 JavaThread "main"                              [_thread_in_native, id=27984, stack(0x0000005996900000,0x0000005996a00000) (1024K)]
  0x000001fd07fbc9f0 JavaThread "Reference Handler"          daemon [_thread_blocked, id=17696, stack(0x0000005997100000,0x0000005997200000) (1024K)]
  0x000001fd07fbd800 JavaThread "Finalizer"                  daemon [_thread_blocked, id=7964, stack(0x0000005997200000,0x0000005997300000) (1024K)]
  0x000001fd07fc2a20 JavaThread "Signal Dispatcher"          daemon [_thread_blocked, id=5068, stack(0x0000005997300000,0x0000005997400000) (1024K)]
  0x000001fd07fc3700 JavaThread "Attach Listener"            daemon [_thread_blocked, id=28544, stack(0x0000005997400000,0x0000005997500000) (1024K)]
  0x000001fd07fcc320 JavaThread "Service Thread"             daemon [_thread_blocked, id=15068, stack(0x0000005997500000,0x0000005997600000) (1024K)]
  0x000001fd07fcf820 JavaThread "Monitor Deflation Thread"   daemon [_thread_blocked, id=27324, stack(0x0000005997600000,0x0000005997700000) (1024K)]
  0x000001fd0b912f90 JavaThread "C2 CompilerThread0"         daemon [_thread_blocked, id=28740, stack(0x0000005997700000,0x0000005997800000) (1024K)]
  0x000001fd07fd5f80 JavaThread "C1 CompilerThread0"         daemon [_thread_blocked, id=29036, stack(0x0000005997800000,0x0000005997900000) (1024K)]
  0x000001fd07fd36a0 JavaThread "C1 CompilerThread1"         daemon [_thread_blocked, id=29840, stack(0x0000005997900000,0x0000005997a00000) (1024K)]
  0x000001fd0bab5f30 JavaThread "Notification Thread"        daemon [_thread_blocked, id=29388, stack(0x0000005997a00000,0x0000005997b00000) (1024K)]
  0x000001fd0babadd0 JavaThread "Common-Cleaner"             daemon [_thread_blocked, id=30264, stack(0x0000005997b00000,0x0000005997c00000) (1024K)]
  0x000001fd07fd4b10 JavaThread "C1 CompilerThread2"         daemon [_thread_blocked, id=9888, stack(0x0000005997c00000,0x0000005997d00000) (1024K)]
Total: 13

Other Threads:
  0x000001fd07fa1440 VMThread "VM Thread"                           [id=26060, stack(0x0000005997000000,0x0000005997100000) (1024K)]
  0x000001fd0b8e14d0 WatcherThread "VM Periodic Task Thread"        [id=28320, stack(0x0000005996f00000,0x0000005997000000) (1024K)]
  0x000001fd65475fd0 WorkerThread "GC Thread#0"                     [id=27244, stack(0x0000005996a00000,0x0000005996b00000) (1024K)]
  0x000001fd654839e0 ConcurrentGCThread "G1 Main Marker"            [id=26492, stack(0x0000005996b00000,0x0000005996c00000) (1024K)]
  0x000001fd07e22d00 WorkerThread "G1 Conc#0"                       [id=27332, stack(0x0000005996c00000,0x0000005996d00000) (1024K)]
  0x000001fd07ee07b0 ConcurrentGCThread "G1 Refine#0"               [id=26724, stack(0x0000005996d00000,0x0000005996e00000) (1024K)]
  0x000001fd07ee1240 ConcurrentGCThread "G1 Service"                [id=12972, stack(0x0000005996e00000,0x0000005996f00000) (1024K)]
Total: 7

Threads with active compile tasks:
Total: 0

VM state: not at safepoint (normal execution)

VM Mutex/Monitor currently owned by a thread: None

Heap address: 0x000000060d800000, size: 7976 MB, Compressed Oops mode: Zero based, Oop shift amount: 3

CDS archive(s) mapped at: [0x000001fd0c000000-0x000001fd0cd70000-0x000001fd0cd70000), size 14090240, SharedBaseAddress: 0x000001fd0c000000, ArchiveRelocationMode: 1.
Compressed class space mapped at: 0x000001fd0d000000-0x000001fd4d000000, reserved size: 1073741824
Narrow klass base: 0x000001fd0c000000, Narrow klass shift: 0, Narrow klass range: 0x41000000

GC Precious Log:
 CardTable entry size: 512
 Card Set container configuration: InlinePtr #cards 4 size 8 Array Of Cards #cards 32 size 80 Howl #buckets 8 coarsen threshold 7372 Howl Bitmap #cards 1024 size 144 coarsen threshold 921 Card regions per heap region 1 cards per card region 8192
 CPUs: 32 total, 32 available
 Memory: 31897M
 Large Page Support: Disabled
 NUMA Support: Disabled
 Compressed Oops: Enabled (Zero based)
 Heap Region Size: 4M
 Heap Min Capacity: 8M
 Heap Initial Capacity: 500M
 Heap Max Capacity: 7976M
 Pre-touch: Disabled
 Parallel Workers: 23
 Concurrent Workers: 6
 Concurrent Refinement Workers: 23
 Periodic GC: Disabled

Heap:
 garbage-first heap   total reserved 8167424K, committed 512000K, used 8192K [0x000000060d800000, 0x0000000800000000)
  region size 4096K, 3 young (12288K), 0 survivors (0K)
 Metaspace       used 3363K, committed 3584K, reserved 1114112K
  class space    used 235K, committed 320K, reserved 1048576K

Heap Regions: E=young(eden), S=young(survivor), O=old, HS=humongous(starts), HC=humongous(continues), CS=collection set, F=free, TAMS=top-at-mark-start, PB=parsable bottom
|   0|0x000000060d800000, 0x000000060d800000, 0x000000060dc00000|  0%| F|  |TAMS 0x000000060d800000| PB 0x000000060d800000| Untracked |  0
|   1|0x000000060dc00000, 0x000000060dc00000, 0x000000060e000000|  0%| F|  |TAMS 0x000000060dc00000| PB 0x000000060dc00000| Untracked |  0
|   2|0x000000060e000000, 0x000000060e000000, 0x000000060e400000|  0%| F|  |TAMS 0x000000060e000000| PB 0x000000060e000000| Untracked |  0
|   3|0x000000060e400000, 0x000000060e400000, 0x000000060e800000|  0%| F|  |TAMS 0x000000060e400000| PB 0x000000060e400000| Untracked |  0
|   4|0x000000060e800000, 0x000000060e800000, 0x000000060ec00000|  0%| F|  |TAMS 0x000000060e800000| PB 0x000000060e800000| Untracked |  0
|   5|0x000000060ec00000, 0x000000060ec00000, 0x000000060f000000|  0%| F|  |TAMS 0x000000060ec00000| PB 0x000000060ec00000| Untracked |  0
|   6|0x000000060f000000, 0x000000060f000000, 0x000000060f400000|  0%| F|  |TAMS 0x000000060f000000| PB 0x000000060f000000| Untracked |  0
|   7|0x000000060f400000, 0x000000060f400000, 0x000000060f800000|  0%| F|  |TAMS 0x000000060f400000| PB 0x000000060f400000| Untracked |  0
|   8|0x000000060f800000, 0x000000060f800000, 0x000000060fc00000|  0%| F|  |TAMS 0x000000060f800000| PB 0x000000060f800000| Untracked |  0
|   9|0x000000060fc00000, 0x000000060fc00000, 0x0000000610000000|  0%| F|  |TAMS 0x000000060fc00000| PB 0x000000060fc00000| Untracked |  0
|  10|0x0000000610000000, 0x0000000610000000, 0x0000000610400000|  0%| F|  |TAMS 0x0000000610000000| PB 0x0000000610000000| Untracked |  0
|  11|0x0000000610400000, 0x0000000610400000, 0x0000000610800000|  0%| F|  |TAMS 0x0000000610400000| PB 0x0000000610400000| Untracked |  0
|  12|0x0000000610800000, 0x0000000610800000, 0x0000000610c00000|  0%| F|  |TAMS 0x0000000610800000| PB 0x0000000610800000| Untracked |  0
|  13|0x0000000610c00000, 0x0000000610c00000, 0x0000000611000000|  0%| F|  |TAMS 0x0000000610c00000| PB 0x0000000610c00000| Untracked |  0
|  14|0x0000000611000000, 0x0000000611000000, 0x0000000611400000|  0%| F|  |TAMS 0x0000000611000000| PB 0x0000000611000000| Untracked |  0
|  15|0x0000000611400000, 0x0000000611400000, 0x0000000611800000|  0%| F|  |TAMS 0x0000000611400000| PB 0x0000000611400000| Untracked |  0
|  16|0x0000000611800000, 0x0000000611800000, 0x0000000611c00000|  0%| F|  |TAMS 0x0000000611800000| PB 0x0000000611800000| Untracked |  0
|  17|0x0000000611c00000, 0x0000000611c00000, 0x0000000612000000|  0%| F|  |TAMS 0x0000000611c00000| PB 0x0000000611c00000| Untracked |  0
|  18|0x0000000612000000, 0x0000000612000000, 0x0000000612400000|  0%| F|  |TAMS 0x0000000612000000| PB 0x0000000612000000| Untracked |  0
|  19|0x0000000612400000, 0x0000000612400000, 0x0000000612800000|  0%| F|  |TAMS 0x0000000612400000| PB 0x0000000612400000| Untracked |  0
|  20|0x0000000612800000, 0x0000000612800000, 0x0000000612c00000|  0%| F|  |TAMS 0x0000000612800000| PB 0x0000000612800000| Untracked |  0
|  21|0x0000000612c00000, 0x0000000612c00000, 0x0000000613000000|  0%| F|  |TAMS 0x0000000612c00000| PB 0x0000000612c00000| Untracked |  0
|  22|0x0000000613000000, 0x0000000613000000, 0x0000000613400000|  0%| F|  |TAMS 0x0000000613000000| PB 0x0000000613000000| Untracked |  0
|  23|0x0000000613400000, 0x0000000613400000, 0x0000000613800000|  0%| F|  |TAMS 0x0000000613400000| PB 0x0000000613400000| Untracked |  0
|  24|0x0000000613800000, 0x0000000613800000, 0x0000000613c00000|  0%| F|  |TAMS 0x0000000613800000| PB 0x0000000613800000| Untracked |  0
|  25|0x0000000613c00000, 0x0000000613c00000, 0x0000000614000000|  0%| F|  |TAMS 0x0000000613c00000| PB 0x0000000613c00000| Untracked |  0
|  26|0x0000000614000000, 0x0000000614000000, 0x0000000614400000|  0%| F|  |TAMS 0x0000000614000000| PB 0x0000000614000000| Untracked |  0
|  27|0x0000000614400000, 0x0000000614400000, 0x0000000614800000|  0%| F|  |TAMS 0x0000000614400000| PB 0x0000000614400000| Untracked |  0
|  28|0x0000000614800000, 0x0000000614800000, 0x0000000614c00000|  0%| F|  |TAMS 0x0000000614800000| PB 0x0000000614800000| Untracked |  0
|  29|0x0000000614c00000, 0x0000000614c00000, 0x0000000615000000|  0%| F|  |TAMS 0x0000000614c00000| PB 0x0000000614c00000| Untracked |  0
|  30|0x0000000615000000, 0x0000000615000000, 0x0000000615400000|  0%| F|  |TAMS 0x0000000615000000| PB 0x0000000615000000| Untracked |  0
|  31|0x0000000615400000, 0x0000000615400000, 0x0000000615800000|  0%| F|  |TAMS 0x0000000615400000| PB 0x0000000615400000| Untracked |  0
|  32|0x0000000615800000, 0x0000000615800000, 0x0000000615c00000|  0%| F|  |TAMS 0x0000000615800000| PB 0x0000000615800000| Untracked |  0
|  33|0x0000000615c00000, 0x0000000615c00000, 0x0000000616000000|  0%| F|  |TAMS 0x0000000615c00000| PB 0x0000000615c00000| Untracked |  0
|  34|0x0000000616000000, 0x0000000616000000, 0x0000000616400000|  0%| F|  |TAMS 0x0000000616000000| PB 0x0000000616000000| Untracked |  0
|  35|0x0000000616400000, 0x0000000616400000, 0x0000000616800000|  0%| F|  |TAMS 0x0000000616400000| PB 0x0000000616400000| Untracked |  0
|  36|0x0000000616800000, 0x0000000616800000, 0x0000000616c00000|  0%| F|  |TAMS 0x0000000616800000| PB 0x0000000616800000| Untracked |  0
|  37|0x0000000616c00000, 0x0000000616c00000, 0x0000000617000000|  0%| F|  |TAMS 0x0000000616c00000| PB 0x0000000616c00000| Untracked |  0
|  38|0x0000000617000000, 0x0000000617000000, 0x0000000617400000|  0%| F|  |TAMS 0x0000000617000000| PB 0x0000000617000000| Untracked |  0
|  39|0x0000000617400000, 0x0000000617400000, 0x0000000617800000|  0%| F|  |TAMS 0x0000000617400000| PB 0x0000000617400000| Untracked |  0
|  40|0x0000000617800000, 0x0000000617800000, 0x0000000617c00000|  0%| F|  |TAMS 0x0000000617800000| PB 0x0000000617800000| Untracked |  0
|  41|0x0000000617c00000, 0x0000000617c00000, 0x0000000618000000|  0%| F|  |TAMS 0x0000000617c00000| PB 0x0000000617c00000| Untracked |  0
|  42|0x0000000618000000, 0x0000000618000000, 0x0000000618400000|  0%| F|  |TAMS 0x0000000618000000| PB 0x0000000618000000| Untracked |  0
|  43|0x0000000618400000, 0x0000000618400000, 0x0000000618800000|  0%| F|  |TAMS 0x0000000618400000| PB 0x0000000618400000| Untracked |  0
|  44|0x0000000618800000, 0x0000000618800000, 0x0000000618c00000|  0%| F|  |TAMS 0x0000000618800000| PB 0x0000000618800000| Untracked |  0
|  45|0x0000000618c00000, 0x0000000618c00000, 0x0000000619000000|  0%| F|  |TAMS 0x0000000618c00000| PB 0x0000000618c00000| Untracked |  0
|  46|0x0000000619000000, 0x0000000619000000, 0x0000000619400000|  0%| F|  |TAMS 0x0000000619000000| PB 0x0000000619000000| Untracked |  0
|  47|0x0000000619400000, 0x0000000619400000, 0x0000000619800000|  0%| F|  |TAMS 0x0000000619400000| PB 0x0000000619400000| Untracked |  0
|  48|0x0000000619800000, 0x0000000619800000, 0x0000000619c00000|  0%| F|  |TAMS 0x0000000619800000| PB 0x0000000619800000| Untracked |  0
|  49|0x0000000619c00000, 0x0000000619c00000, 0x000000061a000000|  0%| F|  |TAMS 0x0000000619c00000| PB 0x0000000619c00000| Untracked |  0
|  50|0x000000061a000000, 0x000000061a000000, 0x000000061a400000|  0%| F|  |TAMS 0x000000061a000000| PB 0x000000061a000000| Untracked |  0
|  51|0x000000061a400000, 0x000000061a400000, 0x000000061a800000|  0%| F|  |TAMS 0x000000061a400000| PB 0x000000061a400000| Untracked |  0
|  52|0x000000061a800000, 0x000000061a800000, 0x000000061ac00000|  0%| F|  |TAMS 0x000000061a800000| PB 0x000000061a800000| Untracked |  0
|  53|0x000000061ac00000, 0x000000061ac00000, 0x000000061b000000|  0%| F|  |TAMS 0x000000061ac00000| PB 0x000000061ac00000| Untracked |  0
|  54|0x000000061b000000, 0x000000061b000000, 0x000000061b400000|  0%| F|  |TAMS 0x000000061b000000| PB 0x000000061b000000| Untracked |  0
|  55|0x000000061b400000, 0x000000061b400000, 0x000000061b800000|  0%| F|  |TAMS 0x000000061b400000| PB 0x000000061b400000| Untracked |  0
|  56|0x000000061b800000, 0x000000061b800000, 0x000000061bc00000|  0%| F|  |TAMS 0x000000061b800000| PB 0x000000061b800000| Untracked |  0
|  57|0x000000061bc00000, 0x000000061bc00000, 0x000000061c000000|  0%| F|  |TAMS 0x000000061bc00000| PB 0x000000061bc00000| Untracked |  0
|  58|0x000000061c000000, 0x000000061c000000, 0x000000061c400000|  0%| F|  |TAMS 0x000000061c000000| PB 0x000000061c000000| Untracked |  0
|  59|0x000000061c400000, 0x000000061c400000, 0x000000061c800000|  0%| F|  |TAMS 0x000000061c400000| PB 0x000000061c400000| Untracked |  0
|  60|0x000000061c800000, 0x000000061c800000, 0x000000061cc00000|  0%| F|  |TAMS 0x000000061c800000| PB 0x000000061c800000| Untracked |  0
|  61|0x000000061cc00000, 0x000000061cc00000, 0x000000061d000000|  0%| F|  |TAMS 0x000000061cc00000| PB 0x000000061cc00000| Untracked |  0
|  62|0x000000061d000000, 0x000000061d000000, 0x000000061d400000|  0%| F|  |TAMS 0x000000061d000000| PB 0x000000061d000000| Untracked |  0
|  63|0x000000061d400000, 0x000000061d400000, 0x000000061d800000|  0%| F|  |TAMS 0x000000061d400000| PB 0x000000061d400000| Untracked |  0
|  64|0x000000061d800000, 0x000000061d800000, 0x000000061dc00000|  0%| F|  |TAMS 0x000000061d800000| PB 0x000000061d800000| Untracked |  0
|  65|0x000000061dc00000, 0x000000061dc00000, 0x000000061e000000|  0%| F|  |TAMS 0x000000061dc00000| PB 0x000000061dc00000| Untracked |  0
|  66|0x000000061e000000, 0x000000061e000000, 0x000000061e400000|  0%| F|  |TAMS 0x000000061e000000| PB 0x000000061e000000| Untracked |  0
|  67|0x000000061e400000, 0x000000061e400000, 0x000000061e800000|  0%| F|  |TAMS 0x000000061e400000| PB 0x000000061e400000| Untracked |  0
|  68|0x000000061e800000, 0x000000061e800000, 0x000000061ec00000|  0%| F|  |TAMS 0x000000061e800000| PB 0x000000061e800000| Untracked |  0
|  69|0x000000061ec00000, 0x000000061ec00000, 0x000000061f000000|  0%| F|  |TAMS 0x000000061ec00000| PB 0x000000061ec00000| Untracked |  0
|  70|0x000000061f000000, 0x000000061f000000, 0x000000061f400000|  0%| F|  |TAMS 0x000000061f000000| PB 0x000000061f000000| Untracked |  0
|  71|0x000000061f400000, 0x000000061f400000, 0x000000061f800000|  0%| F|  |TAMS 0x000000061f400000| PB 0x000000061f400000| Untracked |  0
|  72|0x000000061f800000, 0x000000061f800000, 0x000000061fc00000|  0%| F|  |TAMS 0x000000061f800000| PB 0x000000061f800000| Untracked |  0
|  73|0x000000061fc00000, 0x000000061fc00000, 0x0000000620000000|  0%| F|  |TAMS 0x000000061fc00000| PB 0x000000061fc00000| Untracked |  0
|  74|0x0000000620000000, 0x0000000620000000, 0x0000000620400000|  0%| F|  |TAMS 0x0000000620000000| PB 0x0000000620000000| Untracked |  0
|  75|0x0000000620400000, 0x0000000620400000, 0x0000000620800000|  0%| F|  |TAMS 0x0000000620400000| PB 0x0000000620400000| Untracked |  0
|  76|0x0000000620800000, 0x0000000620800000, 0x0000000620c00000|  0%| F|  |TAMS 0x0000000620800000| PB 0x0000000620800000| Untracked |  0
|  77|0x0000000620c00000, 0x0000000620c00000, 0x0000000621000000|  0%| F|  |TAMS 0x0000000620c00000| PB 0x0000000620c00000| Untracked |  0
|  78|0x0000000621000000, 0x0000000621000000, 0x0000000621400000|  0%| F|  |TAMS 0x0000000621000000| PB 0x0000000621000000| Untracked |  0
|  79|0x0000000621400000, 0x0000000621400000, 0x0000000621800000|  0%| F|  |TAMS 0x0000000621400000| PB 0x0000000621400000| Untracked |  0
|  80|0x0000000621800000, 0x0000000621800000, 0x0000000621c00000|  0%| F|  |TAMS 0x0000000621800000| PB 0x0000000621800000| Untracked |  0
|  81|0x0000000621c00000, 0x0000000621c00000, 0x0000000622000000|  0%| F|  |TAMS 0x0000000621c00000| PB 0x0000000621c00000| Untracked |  0
|  82|0x0000000622000000, 0x0000000622000000, 0x0000000622400000|  0%| F|  |TAMS 0x0000000622000000| PB 0x0000000622000000| Untracked |  0
|  83|0x0000000622400000, 0x0000000622400000, 0x0000000622800000|  0%| F|  |TAMS 0x0000000622400000| PB 0x0000000622400000| Untracked |  0
|  84|0x0000000622800000, 0x0000000622800000, 0x0000000622c00000|  0%| F|  |TAMS 0x0000000622800000| PB 0x0000000622800000| Untracked |  0
|  85|0x0000000622c00000, 0x0000000622c00000, 0x0000000623000000|  0%| F|  |TAMS 0x0000000622c00000| PB 0x0000000622c00000| Untracked |  0
|  86|0x0000000623000000, 0x0000000623000000, 0x0000000623400000|  0%| F|  |TAMS 0x0000000623000000| PB 0x0000000623000000| Untracked |  0
|  87|0x0000000623400000, 0x0000000623400000, 0x0000000623800000|  0%| F|  |TAMS 0x0000000623400000| PB 0x0000000623400000| Untracked |  0
|  88|0x0000000623800000, 0x0000000623800000, 0x0000000623c00000|  0%| F|  |TAMS 0x0000000623800000| PB 0x0000000623800000| Untracked |  0
|  89|0x0000000623c00000, 0x0000000623c00000, 0x0000000624000000|  0%| F|  |TAMS 0x0000000623c00000| PB 0x0000000623c00000| Untracked |  0
|  90|0x0000000624000000, 0x0000000624000000, 0x0000000624400000|  0%| F|  |TAMS 0x0000000624000000| PB 0x0000000624000000| Untracked |  0
|  91|0x0000000624400000, 0x0000000624400000, 0x0000000624800000|  0%| F|  |TAMS 0x0000000624400000| PB 0x0000000624400000| Untracked |  0
|  92|0x0000000624800000, 0x0000000624800000, 0x0000000624c00000|  0%| F|  |TAMS 0x0000000624800000| PB 0x0000000624800000| Untracked |  0
|  93|0x0000000624c00000, 0x0000000624c00000, 0x0000000625000000|  0%| F|  |TAMS 0x0000000624c00000| PB 0x0000000624c00000| Untracked |  0
|  94|0x0000000625000000, 0x0000000625000000, 0x0000000625400000|  0%| F|  |TAMS 0x0000000625000000| PB 0x0000000625000000| Untracked |  0
|  95|0x0000000625400000, 0x0000000625400000, 0x0000000625800000|  0%| F|  |TAMS 0x0000000625400000| PB 0x0000000625400000| Untracked |  0
|  96|0x0000000625800000, 0x0000000625800000, 0x0000000625c00000|  0%| F|  |TAMS 0x0000000625800000| PB 0x0000000625800000| Untracked |  0
|  97|0x0000000625c00000, 0x0000000625c00000, 0x0000000626000000|  0%| F|  |TAMS 0x0000000625c00000| PB 0x0000000625c00000| Untracked |  0
|  98|0x0000000626000000, 0x0000000626000000, 0x0000000626400000|  0%| F|  |TAMS 0x0000000626000000| PB 0x0000000626000000| Untracked |  0
|  99|0x0000000626400000, 0x0000000626400000, 0x0000000626800000|  0%| F|  |TAMS 0x0000000626400000| PB 0x0000000626400000| Untracked |  0
| 100|0x0000000626800000, 0x0000000626800000, 0x0000000626c00000|  0%| F|  |TAMS 0x0000000626800000| PB 0x0000000626800000| Untracked |  0
| 101|0x0000000626c00000, 0x0000000626c00000, 0x0000000627000000|  0%| F|  |TAMS 0x0000000626c00000| PB 0x0000000626c00000| Untracked |  0
| 102|0x0000000627000000, 0x0000000627000000, 0x0000000627400000|  0%| F|  |TAMS 0x0000000627000000| PB 0x0000000627000000| Untracked |  0
| 103|0x0000000627400000, 0x0000000627400000, 0x0000000627800000|  0%| F|  |TAMS 0x0000000627400000| PB 0x0000000627400000| Untracked |  0
| 104|0x0000000627800000, 0x0000000627800000, 0x0000000627c00000|  0%| F|  |TAMS 0x0000000627800000| PB 0x0000000627800000| Untracked |  0
| 105|0x0000000627c00000, 0x0000000627c00000, 0x0000000628000000|  0%| F|  |TAMS 0x0000000627c00000| PB 0x0000000627c00000| Untracked |  0
| 106|0x0000000628000000, 0x0000000628000000, 0x0000000628400000|  0%| F|  |TAMS 0x0000000628000000| PB 0x0000000628000000| Untracked |  0
| 107|0x0000000628400000, 0x0000000628400000, 0x0000000628800000|  0%| F|  |TAMS 0x0000000628400000| PB 0x0000000628400000| Untracked |  0
| 108|0x0000000628800000, 0x0000000628800000, 0x0000000628c00000|  0%| F|  |TAMS 0x0000000628800000| PB 0x0000000628800000| Untracked |  0
| 109|0x0000000628c00000, 0x0000000628c00000, 0x0000000629000000|  0%| F|  |TAMS 0x0000000628c00000| PB 0x0000000628c00000| Untracked |  0
| 110|0x0000000629000000, 0x0000000629000000, 0x0000000629400000|  0%| F|  |TAMS 0x0000000629000000| PB 0x0000000629000000| Untracked |  0
| 111|0x0000000629400000, 0x0000000629400000, 0x0000000629800000|  0%| F|  |TAMS 0x0000000629400000| PB 0x0000000629400000| Untracked |  0
| 112|0x0000000629800000, 0x0000000629800000, 0x0000000629c00000|  0%| F|  |TAMS 0x0000000629800000| PB 0x0000000629800000| Untracked |  0
| 113|0x0000000629c00000, 0x0000000629c00000, 0x000000062a000000|  0%| F|  |TAMS 0x0000000629c00000| PB 0x0000000629c00000| Untracked |  0
| 114|0x000000062a000000, 0x000000062a000000, 0x000000062a400000|  0%| F|  |TAMS 0x000000062a000000| PB 0x000000062a000000| Untracked |  0
| 115|0x000000062a400000, 0x000000062a400000, 0x000000062a800000|  0%| F|  |TAMS 0x000000062a400000| PB 0x000000062a400000| Untracked |  0
| 116|0x000000062a800000, 0x000000062a800000, 0x000000062ac00000|  0%| F|  |TAMS 0x000000062a800000| PB 0x000000062a800000| Untracked |  0
| 117|0x000000062ac00000, 0x000000062ac00000, 0x000000062b000000|  0%| F|  |TAMS 0x000000062ac00000| PB 0x000000062ac00000| Untracked |  0
| 118|0x000000062b000000, 0x000000062b000000, 0x000000062b400000|  0%| F|  |TAMS 0x000000062b000000| PB 0x000000062b000000| Untracked |  0
| 119|0x000000062b400000, 0x000000062b400000, 0x000000062b800000|  0%| F|  |TAMS 0x000000062b400000| PB 0x000000062b400000| Untracked |  0
| 120|0x000000062b800000, 0x000000062b800000, 0x000000062bc00000|  0%| F|  |TAMS 0x000000062b800000| PB 0x000000062b800000| Untracked |  0
| 121|0x000000062bc00000, 0x000000062bc00000, 0x000000062c000000|  0%| F|  |TAMS 0x000000062bc00000| PB 0x000000062bc00000| Untracked |  0
| 122|0x000000062c000000, 0x000000062c36afd8, 0x000000062c400000| 85%| E|  |TAMS 0x000000062c000000| PB 0x000000062c000000| Complete |  0
| 123|0x000000062c400000, 0x000000062c800000, 0x000000062c800000|100%| E|CS|TAMS 0x000000062c400000| PB 0x000000062c400000| Complete |  0
| 124|0x000000062c800000, 0x000000062cc00000, 0x000000062cc00000|100%| E|CS|TAMS 0x000000062c800000| PB 0x000000062c800000| Complete |  0

Card table byte_map: [0x000001fd7f020000,0x000001fd7ffc0000] _byte_map_base: 0x000001fd7bfb4000

Marking Bits: (CMBitMap*) 0x000001fd654765f0
 Bits: [0x000001fd00000000, 0x000001fd07ca0000)

Polling page: 0x000001fd63190000

Metaspace:

Usage:
  Non-class:      3.05 MB used.
      Class:    235.98 KB used.
       Both:      3.28 MB used.

Virtual space:
  Non-class space:       64.00 MB reserved,       3.19 MB (  5%) committed,  1 nodes.
      Class space:        1.00 GB reserved,     320.00 KB ( <1%) committed,  1 nodes.
             Both:        1.06 GB reserved,       3.50 MB ( <1%) committed. 

Chunk freelists:
   Non-Class:  10.43 MB
       Class:  15.61 MB
        Both:  26.04 MB

MaxMetaspaceSize: unlimited
CompressedClassSpaceSize: 1.00 GB
Initial GC threshold: 21.00 MB
Current GC threshold: 21.00 MB
CDS: on
 - commit_granule_bytes: 65536.
 - commit_granule_words: 8192.
 - virtual_space_node_default_size: 8388608.
 - enlarge_chunks_in_place: 1.
 - use_allocation_guard: 0.


Internal statistics:

num_allocs_failed_limit: 0.
num_arena_births: 92.
num_arena_deaths: 0.
num_vsnodes_births: 2.
num_vsnodes_deaths: 0.
num_space_committed: 56.
num_space_uncommitted: 0.
num_chunks_returned_to_freelist: 0.
num_chunks_taken_from_freelist: 173.
num_chunk_merges: 0.
num_chunk_splits: 115.
num_chunks_enlarged: 82.
num_inconsistent_stats: 0.

CodeHeap 'non-profiled nmethods': size=118912Kb used=222Kb max_used=222Kb free=118689Kb
 bounds [0x000001fd75930000, 0x000001fd75ba0000, 0x000001fd7cd50000]
CodeHeap 'profiled nmethods': size=118848Kb used=924Kb max_used=924Kb free=117923Kb
 bounds [0x000001fd6dd50000, 0x000001fd6dfc0000, 0x000001fd75160000]
CodeHeap 'non-nmethods': size=8000Kb used=3449Kb max_used=4020Kb free=4550Kb
 bounds [0x000001fd75160000, 0x000001fd75560000, 0x000001fd75930000]
CodeCache: size=245760Kb, used=4595Kb, max_used=5166Kb, free=241162Kb
 total_blobs=1869, nmethods=793, adapters=980, full_count=0
Compilation: enabled, stopped_count=0, restarted_count=0

Compilation events (20 events):
Event: 1.941 Thread 0x000001fd07fd4b10  781       3       jdk.internal.org.objectweb.asm.SymbolTable::hash (15 bytes)
Event: 1.941 Thread 0x000001fd07fd5f80 nmethod 778 0x000001fd6de33008 code [0x000001fd6de33200, 0x000001fd6de33aa0]
Event: 1.941 Thread 0x000001fd07fd36a0 nmethod 780 0x000001fd6de33b08 code [0x000001fd6de33ce0, 0x000001fd6de343e8]
Event: 1.941 Thread 0x000001fd07fd36a0  786       3       java.lang.invoke.InvokerBytecodeGenerator::emitLoadInsn (21 bytes)
Event: 1.941 Thread 0x000001fd07fd4b10 nmethod 781 0x000001fd6de34488 code [0x000001fd6de345c0, 0x000001fd6de34740]
Event: 1.941 Thread 0x000001fd07fd5f80  787       3       java.lang.invoke.InvokerBytecodeGenerator::loadInsnOpcode (98 bytes)
Event: 1.941 Thread 0x000001fd07fd4b10  788       3       java.lang.invoke.InvokerBytecodeGenerator::emitPushArgument (150 bytes)
Event: 1.941 Thread 0x000001fd07fd36a0 nmethod 786 0x000001fd6de34788 code [0x000001fd6de348c0, 0x000001fd6de34b20]
Event: 1.941 Thread 0x000001fd07fd36a0  782       3       jdk.internal.org.objectweb.asm.SymbolTable$Entry::<init> (18 bytes)
Event: 1.941 Thread 0x000001fd07fd36a0 nmethod 782 0x000001fd6de34b88 code [0x000001fd6de34ca0, 0x000001fd6de34e18]
Event: 1.941 Thread 0x000001fd07fd36a0  783       3       jdk.internal.org.objectweb.asm.SymbolTable$Entry::<init> (20 bytes)
Event: 1.941 Thread 0x000001fd07fd36a0 nmethod 783 0x000001fd6de34e88 code [0x000001fd6de34fa0, 0x000001fd6de350f8]
Event: 1.941 Thread 0x000001fd07fd36a0  790       3       jdk.internal.org.objectweb.asm.Handler::getExceptionTableSize (10 bytes)
Event: 1.941 Thread 0x000001fd07fd5f80 nmethod 787 0x000001fd6de35188 code [0x000001fd6de35380, 0x000001fd6de35d18]
Event: 1.941 Thread 0x000001fd07fd5f80  789       1       jdk.internal.org.objectweb.asm.MethodWriter::hasAsmInstructions (5 bytes)
Event: 1.941 Thread 0x000001fd07fd4b10 nmethod 788 0x000001fd6de35d88 code [0x000001fd6de35fe0, 0x000001fd6de36ce8]
Event: 1.941 Thread 0x000001fd07fd5f80 nmethod 789 0x000001fd75967588 code [0x000001fd759676a0, 0x000001fd75967770]
Event: 1.941 Thread 0x000001fd07fd36a0 nmethod 790 0x000001fd6de36d88 code [0x000001fd6de36ea0, 0x000001fd6de37098]
Event: 1.941 Thread 0x000001fd07fd5f80  793       1       java.util.concurrent.locks.AbstractOwnableSynchronizer::setExclusiveOwnerThread (6 bytes)
Event: 1.941 Thread 0x000001fd07fd5f80 nmethod 793 0x000001fd75967888 code [0x000001fd759679a0, 0x000001fd75967ab8]

GC Heap History (0 events):
No events

Dll operation events (7 events):
Event: 0.006 Loaded shared library C:\Program Files\Java\jdk-23.0.1+11\bin\java.dll
Event: 0.021 Loaded shared library C:\Program Files\Java\jdk-23.0.1+11\bin\jsvml.dll
Event: 0.033 Loaded shared library C:\Program Files\Java\jdk-23.0.1+11\bin\net.dll
Event: 0.034 Loaded shared library C:\Program Files\Java\jdk-23.0.1+11\bin\nio.dll
Event: 0.036 Loaded shared library C:\Program Files\Java\jdk-23.0.1+11\bin\zip.dll
Event: 0.061 Loaded shared library C:\Program Files\Java\jdk-23.0.1+11\bin\jimage.dll
Event: 0.076 Loaded shared library C:\Users\necro\AppData\Local\Temp\lwjgl_necro\3.3.6+1\x64\lwjgl.dll

Deoptimization events (14 events):
Event: 0.046 Thread 0x000001fd62ec0e80 Uncommon trap: trap_request=0xffffff45 fr.pc=0x000001fd75936e34 relative=0x0000000000000274
Event: 0.046 Thread 0x000001fd62ec0e80 Uncommon trap: reason=unstable_if action=reinterpret pc=0x000001fd75936e34 method=jdk.internal.util.ArraysSupport.hashCodeOfUnsigned([BIII)I @ 1 c2
Event: 0.046 Thread 0x000001fd62ec0e80 DEOPT PACKING pc=0x000001fd75936e34 sp=0x00000059969fb870
Event: 0.046 Thread 0x000001fd62ec0e80 DEOPT UNPACKING pc=0x000001fd751b7982 sp=0x00000059969fb730 mode 2
Event: 0.046 Thread 0x000001fd62ec0e80 Uncommon trap: trap_request=0xffffff45 fr.pc=0x000001fd759369f4 relative=0x0000000000000234
Event: 0.046 Thread 0x000001fd62ec0e80 Uncommon trap: reason=unstable_if action=reinterpret pc=0x000001fd759369f4 method=jdk.internal.util.ArraysSupport.hashCodeOfUnsigned([BIII)I @ 1 c2
Event: 0.046 Thread 0x000001fd62ec0e80 DEOPT PACKING pc=0x000001fd759369f4 sp=0x00000059969fb8a0
Event: 0.046 Thread 0x000001fd62ec0e80 DEOPT UNPACKING pc=0x000001fd751b7982 sp=0x00000059969fb840 mode 2
Event: 0.621 Thread 0x000001fd62ec0e80 DEOPT PACKING pc=0x000001fd6de1c2a3 sp=0x00000059969ff510
Event: 0.621 Thread 0x000001fd62ec0e80 DEOPT UNPACKING pc=0x000001fd751b84c2 sp=0x00000059969feb40 mode 0
Event: 1.918 Thread 0x000001fd62ec0e80 Uncommon trap: trap_request=0xffffff45 fr.pc=0x000001fd75962640 relative=0x0000000000000120
Event: 1.918 Thread 0x000001fd62ec0e80 Uncommon trap: reason=unstable_if action=reinterpret pc=0x000001fd75962640 method=org.lwjgl.glfw.GLFW.glfwWindowShouldClose(J)Z @ 20 c2
Event: 1.918 Thread 0x000001fd62ec0e80 DEOPT PACKING pc=0x000001fd75962640 sp=0x00000059969ff6e0
Event: 1.918 Thread 0x000001fd62ec0e80 DEOPT UNPACKING pc=0x000001fd751b7982 sp=0x00000059969ff5d8 mode 2

Classes loaded (20 events):
Event: 0.104 Loading class java/lang/invoke/DirectMethodHandle$StaticAccessor
Event: 0.104 Loading class java/lang/invoke/DirectMethodHandle$StaticAccessor done
Event: 0.105 Loading class java/util/function/LongPredicate
Event: 0.105 Loading class java/util/function/LongPredicate done
Event: 0.106 Loading class java/lang/foreign/MemorySegment
Event: 0.106 Loading class java/lang/foreign/MemorySegment done
Event: 0.108 Loading class java/nio/InvalidMarkException
Event: 0.108 Loading class java/nio/InvalidMarkException done
Event: 0.108 Loading class java/nio/BufferUnderflowException
Event: 0.108 Loading class java/nio/BufferUnderflowException done
Event: 0.111 Loading class java/util/Formatter$FixedString
Event: 0.111 Loading class java/util/Formatter$FixedString done
Event: 0.117 Loading class java/lang/NoSuchFieldError
Event: 0.117 Loading class java/lang/NoSuchFieldError done
Event: 0.134 Loading class jdk/internal/reflect/MethodHandleIntegerFieldAccessorImpl
Event: 0.134 Loading class jdk/internal/reflect/MethodHandleIntegerFieldAccessorImpl done
Event: 0.291 Loading class jdk/internal/foreign/MemorySessionImpl
Event: 0.291 Loading class java/lang/foreign/MemorySegment$Scope
Event: 0.291 Loading class java/lang/foreign/MemorySegment$Scope done
Event: 0.291 Loading class jdk/internal/foreign/MemorySessionImpl done

Classes unloaded (0 events):
No events

Classes redefined (0 events):
No events

Internal exceptions (20 events):
Event: 0.056 Thread 0x000001fd62ec0e80 Exception <a 'java/lang/NoSuchMethodError'{0x000000062c405f28}: 'void java.lang.System.load(java.lang.String, java.lang.Class)'> (0x000000062c405f28) 
thrown [s\src\hotspot\share\interpreter\linkResolver.cpp, line 796]
Event: 0.056 Thread 0x000001fd62ec0e80 Exception <a 'java/lang/NoSuchMethodError'{0x000000062c406bf8}: 'void java.lang.invoke.DirectMethodHandle$Holder.invokeSpecial(java.lang.Object, java.lang.Object, java.lang.Object)'> (0x000000062c406bf8) 
thrown [s\src\hotspot\share\interpreter\linkResolver.cpp, line 796]
Event: 0.057 Thread 0x000001fd62ec0e80 Exception <a 'java/lang/NoSuchMethodError'{0x000000062c4193b0}: 'java.lang.Object java.lang.invoke.DirectMethodHandle$Holder.invokeStatic(java.lang.Object, java.lang.Object, int)'> (0x000000062c4193b0) 
thrown [s\src\hotspot\share\interpreter\linkResolver.cpp, line 796]
Event: 0.058 Thread 0x000001fd62ec0e80 Exception <a 'java/lang/NoSuchMethodError'{0x000000062c424c58}: 'void java.lang.invoke.DelegatingMethodHandle$Holder.delegate(java.lang.Object, java.lang.Object, int, java.lang.Object)'> (0x000000062c424c58) 
thrown [s\src\hotspot\share\interpreter\linkResolver.cpp, line 796]
Event: 0.058 Thread 0x000001fd62ec0e80 Exception <a 'java/lang/NoSuchMethodError'{0x000000062c428c88}: 'int java.lang.invoke.DirectMethodHandle$Holder.invokeSpecial(java.lang.Object, java.lang.Object, java.lang.Object)'> (0x000000062c428c88) 
thrown [s\src\hotspot\share\interpreter\linkResolver.cpp, line 796]
Event: 0.060 Thread 0x000001fd62ec0e80 Exception <a 'java/lang/NoSuchMethodError'{0x000000062c443818}: 'void java.lang.System.loadLibrary(java.lang.String, java.lang.Class)'> (0x000000062c443818) 
thrown [s\src\hotspot\share\interpreter\linkResolver.cpp, line 796]
Event: 0.078 Thread 0x000001fd62ec0e80 Exception <a 'sun/nio/fs/WindowsException'{0x000000062c652ed8}> (0x000000062c652ed8) 
thrown [s\src\hotspot\share\prims\jni.cpp, line 520]
Event: 0.079 Thread 0x000001fd62ec0e80 Exception <a 'sun/nio/fs/WindowsException'{0x000000062c653428}> (0x000000062c653428) 
thrown [s\src\hotspot\share\prims\jni.cpp, line 520]
Event: 0.106 Thread 0x000001fd62ec0e80 Exception <a 'java/lang/NoSuchMethodError'{0x000000062c6d9e40}: 'int java.lang.invoke.DirectMethodHandle$Holder.invokeStaticInit(java.lang.Object, java.lang.Object, int, long)'> (0x000000062c6d9e40) 
thrown [s\src\hotspot\share\interpreter\linkResolver.cpp, line 796]
Event: 0.106 Thread 0x000001fd62ec0e80 Exception <a 'java/lang/NoSuchMethodError'{0x000000062c6def78}: 'java.lang.Object java.lang.invoke.DirectMethodHandle$Holder.newInvokeSpecial(java.lang.Object, java.lang.Object, int)'> (0x000000062c6def78) 
thrown [s\src\hotspot\share\interpreter\linkResolver.cpp, line 796]
Event: 0.107 Thread 0x000001fd62ec0e80 Exception <a 'java/lang/NoSuchMethodError'{0x000000062c6edd90}: 'int java.lang.invoke.DirectMethodHandle$Holder.invokeStaticInit(java.lang.Object, java.lang.Object, long, long)'> (0x000000062c6edd90) 
thrown [s\src\hotspot\share\interpreter\linkResolver.cpp, line 796]
Event: 0.107 Thread 0x000001fd62ec0e80 Exception <a 'java/lang/NoSuchMethodError'{0x000000062c6f3860}: 'java.lang.Object java.lang.invoke.DirectMethodHandle$Holder.newInvokeSpecial(java.lang.Object, java.lang.Object, long)'> (0x000000062c6f3860) 
thrown [s\src\hotspot\share\interpreter\linkResolver.cpp, line 796]
Event: 0.107 Thread 0x000001fd62ec0e80 Exception <a 'java/lang/NoSuchMethodError'{0x000000062c6f7a08}: 'java.lang.Object java.lang.invoke.Invokers$Holder.linkToTargetMethod(java.lang.Object, long, java.lang.Object)'> (0x000000062c6f7a08) 
thrown [s\src\hotspot\share\interpreter\linkResolver.cpp, line 796]
Event: 0.107 Thread 0x000001fd62ec0e80 Exception <a 'java/lang/NoSuchMethodError'{0x000000062c6fec60}: 'int java.lang.invoke.DirectMethodHandle$Holder.invokeStaticInit(java.lang.Object, java.lang.Object, java.lang.Object, long)'> (0x000000062c6fec60) 
thrown [s\src\hotspot\share\interpreter\linkResolver.cpp, line 796]
Event: 0.116 Thread 0x000001fd62ec0e80 Exception <a 'sun/nio/fs/WindowsException'{0x000000062c792510}> (0x000000062c792510) 
thrown [s\src\hotspot\share\prims\jni.cpp, line 520]
Event: 0.117 Thread 0x000001fd62ec0e80 Exception <a 'sun/nio/fs/WindowsException'{0x000000062c792870}> (0x000000062c792870) 
thrown [s\src\hotspot\share\prims\jni.cpp, line 520]
Event: 0.134 Thread 0x000001fd62ec0e80 Exception <a 'java/lang/NoSuchMethodError'{0x000000062c7f6cb0}: 'int java.lang.invoke.Invokers$Holder.invokeExact_MT(java.lang.Object, java.lang.Object)'> (0x000000062c7f6cb0) 
thrown [s\src\hotspot\share\interpreter\linkResolver.cpp, line 796]
Event: 0.213 Thread 0x000001fd62ec0e80 Exception <a 'sun/nio/fs/WindowsException'{0x000000062c1691e0}> (0x000000062c1691e0) 
thrown [s\src\hotspot\share\prims\jni.cpp, line 520]
Event: 0.214 Thread 0x000001fd62ec0e80 Exception <a 'sun/nio/fs/WindowsException'{0x000000062c1694b0}> (0x000000062c1694b0) 
thrown [s\src\hotspot\share\prims\jni.cpp, line 520]
Event: 0.287 Thread 0x000001fd62ec0e80 Exception <a 'java/lang/NoSuchMethodError'{0x000000062c18ed40}: 'java.lang.Object java.lang.invoke.DirectMethodHandle$Holder.newInvokeSpecial(java.lang.Object, long)'> (0x000000062c18ed40) 
thrown [s\src\hotspot\share\interpreter\linkResolver.cpp, line 796]

VM Operations (2 events):
Event: 0.036 Executing VM operation: HandshakeAllThreads (Deoptimize)
Event: 0.036 Executing VM operation: HandshakeAllThreads (Deoptimize) done

Memory protections (0 events):
No events

Nmethod flushes (0 events):
No events

Events (17 events):
Event: 0.013 Thread 0x000001fd62ec0e80 Thread added: 0x000001fd62ec0e80
Event: 0.020 Thread 0x000001fd62ec0e80 Thread added: 0x000001fd07fbc9f0
Event: 0.020 Thread 0x000001fd62ec0e80 Thread added: 0x000001fd07fbd800
Event: 0.020 Thread 0x000001fd62ec0e80 Thread added: 0x000001fd07fc2a20
Event: 0.020 Thread 0x000001fd62ec0e80 Thread added: 0x000001fd07fc3700
Event: 0.020 Thread 0x000001fd62ec0e80 Thread added: 0x000001fd07fcc320
Event: 0.020 Thread 0x000001fd62ec0e80 Thread added: 0x000001fd07fcf820
Event: 0.020 Thread 0x000001fd62ec0e80 Thread added: 0x000001fd0b912f90
Event: 0.020 Thread 0x000001fd62ec0e80 Thread added: 0x000001fd07fd5f80
Event: 0.022 Thread 0x000001fd07fd5f80 Thread added: 0x000001fd07fd36a0
Event: 0.029 Thread 0x000001fd62ec0e80 Thread added: 0x000001fd0bab5f30
Event: 0.030 Thread 0x000001fd62ec0e80 Thread added: 0x000001fd0babadd0
Event: 0.063 Thread 0x000001fd0b912f90 Thread added: 0x000001fd07fd2900
Event: 0.287 Thread 0x000001fd07fd2900 Thread exited: 0x000001fd07fd2900
Event: 0.292 Thread 0x000001fd07fd5f80 Thread added: 0x000001fd07fd4b10
Event: 0.292 Thread 0x000001fd07fd5f80 Thread added: 0x000001fd07fd3d70
Event: 1.936 Thread 0x000001fd07fd3d70 Thread exited: 0x000001fd07fd3d70


Dynamic libraries:
0x00007ff77f2f0000 - 0x00007ff77f2fe000 	C:\Program Files\Java\jdk-23.0.1+11\bin\javaw.exe
0x00007ffefe860000 - 0x00007ffefeac3000 	C:\WINDOWS\SYSTEM32\ntdll.dll
0x00007ffefdc80000 - 0x00007ffefdd47000 	C:\WINDOWS\System32\KERNEL32.DLL
0x00007ffefba60000 - 0x00007ffefbe29000 	C:\WINDOWS\System32\KERNELBASE.dll
0x00007ffefc150000 - 0x00007ffefc29c000 	C:\WINDOWS\System32\ucrtbase.dll
0x00007ffee75d0000 - 0x00007ffee75e7000 	C:\Program Files\Java\jdk-23.0.1+11\bin\jli.dll
0x00007ffef66b0000 - 0x00007ffef66ce000 	C:\Program Files\Java\jdk-23.0.1+11\bin\VCRUNTIME140.dll
0x00007ffefd1f0000 - 0x00007ffefd3ba000 	C:\WINDOWS\System32\USER32.dll
0x00007ffefc120000 - 0x00007ffefc147000 	C:\WINDOWS\System32\win32u.dll
0x00007ffee52b0000 - 0x00007ffee5540000 	C:\WINDOWS\WinSxS\amd64_microsoft.windows.common-controls_6595b64144ccf1df_6.0.26100.3323_none_3e088096e3344490\COMCTL32.dll
0x00007ffefdc50000 - 0x00007ffefdc7a000 	C:\WINDOWS\System32\GDI32.dll
0x00007ffefe550000 - 0x00007ffefe5f9000 	C:\WINDOWS\System32\msvcrt.dll
0x00007ffefc4b0000 - 0x00007ffefc5e1000 	C:\WINDOWS\System32\gdi32full.dll
0x00007ffefc400000 - 0x00007ffefc4a3000 	C:\WINDOWS\System32\msvcp_win.dll
0x00007ffefd870000 - 0x00007ffefd89f000 	C:\WINDOWS\System32\IMM32.DLL
0x00007ffef5240000 - 0x00007ffef524c000 	C:\Program Files\Java\jdk-23.0.1+11\bin\vcruntime140_1.dll
0x00007ffecfdc0000 - 0x00007ffecfe4d000 	C:\Program Files\Java\jdk-23.0.1+11\bin\msvcp140.dll
0x00007ffe4b3f0000 - 0x00007ffe4c1bd000 	C:\Program Files\Java\jdk-23.0.1+11\bin\server\jvm.dll
0x00007ffefc680000 - 0x00007ffefc732000 	C:\WINDOWS\System32\ADVAPI32.dll
0x00007ffefd140000 - 0x00007ffefd1e6000 	C:\WINDOWS\System32\sechost.dll
0x00007ffefd3c0000 - 0x00007ffefd4d6000 	C:\WINDOWS\System32\RPCRT4.dll
0x00007ffefd7f0000 - 0x00007ffefd864000 	C:\WINDOWS\System32\WS2_32.dll
0x00007ffefa710000 - 0x00007ffefa75e000 	C:\WINDOWS\SYSTEM32\POWRPROF.dll
0x00007ffeebe40000 - 0x00007ffeebe76000 	C:\WINDOWS\SYSTEM32\WINMM.dll
0x00007ffef4bd0000 - 0x00007ffef4bdb000 	C:\WINDOWS\SYSTEM32\VERSION.dll
0x00007ffefa6f0000 - 0x00007ffefa704000 	C:\WINDOWS\SYSTEM32\UMPDC.dll
0x00007ffefa990000 - 0x00007ffefa9aa000 	C:\WINDOWS\SYSTEM32\kernel.appcore.dll
0x00007ffee8bb0000 - 0x00007ffee8bba000 	C:\Program Files\Java\jdk-23.0.1+11\bin\jimage.dll
0x00007ffef9d70000 - 0x00007ffef9fb1000 	C:\WINDOWS\SYSTEM32\DBGHELP.DLL
0x00007ffefd8c0000 - 0x00007ffefdc42000 	C:\WINDOWS\System32\combase.dll
0x00007ffefe6c0000 - 0x00007ffefe796000 	C:\WINDOWS\System32\OLEAUT32.dll
0x00007ffeded20000 - 0x00007ffeded59000 	C:\WINDOWS\SYSTEM32\dbgcore.DLL
0x00007ffefc2a0000 - 0x00007ffefc339000 	C:\WINDOWS\System32\bcryptPrimitives.dll
0x00007ffee8b90000 - 0x00007ffee8bae000 	C:\Program Files\Java\jdk-23.0.1+11\bin\java.dll
0x00007ffefd4e0000 - 0x00007ffefd675000 	C:\WINDOWS\System32\ole32.dll
0x00007ffefc9f0000 - 0x00007ffefd105000 	C:\WINDOWS\System32\SHELL32.dll
0x00007ffefbfb0000 - 0x00007ffefc118000 	C:\WINDOWS\System32\wintypes.dll
0x00007ffef9450000 - 0x00007ffef9c95000 	C:\WINDOWS\SYSTEM32\windows.storage.dll
0x00007ffefd700000 - 0x00007ffefd7eb000 	C:\WINDOWS\System32\SHCORE.dll
0x00007ffefe4f0000 - 0x00007ffefe54d000 	C:\WINDOWS\System32\shlwapi.dll
0x00007ffefb970000 - 0x00007ffefb99f000 	C:\WINDOWS\SYSTEM32\profapi.dll
0x00007ffee8760000 - 0x00007ffee8837000 	C:\Program Files\Java\jdk-23.0.1+11\bin\jsvml.dll
0x00007ffee8b80000 - 0x00007ffee8b90000 	C:\Program Files\Java\jdk-23.0.1+11\bin\net.dll
0x00007ffefaeb0000 - 0x00007ffefaf1a000 	C:\WINDOWS\system32\mswsock.dll
0x00007ffee8b60000 - 0x00007ffee8b76000 	C:\Program Files\Java\jdk-23.0.1+11\bin\nio.dll
0x00007ffee8b40000 - 0x00007ffee8b57000 	C:\Program Files\Java\jdk-23.0.1+11\bin\zip.dll
0x00007ffecfd40000 - 0x00007ffecfdbe000 	C:\Users\necro\AppData\Local\Temp\lwjgl_necro\3.3.6+1\x64\lwjgl.dll
0x00007ffecfcb0000 - 0x00007ffecfd39000 	C:\Users\necro\AppData\Local\Temp\lwjgl_necro\3.3.6+1\x64\glfw.dll
0x00007ffedf380000 - 0x00007ffedf3cb000 	C:\WINDOWS\SYSTEM32\dinput8.dll
0x00007ffee75b0000 - 0x00007ffee75c2000 	C:\WINDOWS\SYSTEM32\xinput1_4.dll
0x00007ffefb6f0000 - 0x00007ffefb74f000 	C:\WINDOWS\SYSTEM32\cfgmgr32.dll
0x00007ffefb6c0000 - 0x00007ffefb6ed000 	C:\WINDOWS\SYSTEM32\DEVOBJ.dll
0x00007ffef8db0000 - 0x00007ffef8de5000 	C:\WINDOWS\SYSTEM32\dwmapi.dll
0x00007ffee22e0000 - 0x00007ffee24bf000 	C:\WINDOWS\SYSTEM32\inputhost.dll
0x00007ffef85d0000 - 0x00007ffef86f6000 	C:\WINDOWS\SYSTEM32\CoreMessaging.dll
0x00007ffef8aa0000 - 0x00007ffef8b4e000 	C:\WINDOWS\system32\uxtheme.dll
0x00007ffefb170000 - 0x00007ffefb17c000 	C:\WINDOWS\SYSTEM32\CRYPTBASE.DLL
0x00007ffefc740000 - 0x00007ffefc89b000 	C:\WINDOWS\System32\MSCTF.dll
0x00007ffecfa80000 - 0x00007ffecfbe4000 	C:\WINDOWS\SYSTEM32\vulkan-1.dll
0x00007ffef8c50000 - 0x00007ffef8d7e000 	C:\WINDOWS\system32\dxgi.dll
0x00007ffef8bf0000 - 0x00007ffef8c4d000 	C:\WINDOWS\SYSTEM32\directxdatabasehelper.dll
0x00007ffee5da0000 - 0x00007ffee5dba000 	C:\WINDOWS\SYSTEM32\windows.staterepositorycore.dll
0x00007ffef8ba0000 - 0x00007ffef8be7000 	C:\WINDOWS\SYSTEM32\dxcore.dll
0x00007ffefb270000 - 0x00007ffefb283000 	C:\WINDOWS\SYSTEM32\msasn1.dll
0x00007ffef4b30000 - 0x00007ffef4b6b000 	C:\WINDOWS\SYSTEM32\cryptnet.dll
0x00007ffefbe30000 - 0x00007ffefbfa7000 	C:\WINDOWS\System32\CRYPT32.dll
0x00007ffefb210000 - 0x00007ffefb26d000 	C:\WINDOWS\SYSTEM32\wldp.dll
0x00007ffef4950000 - 0x00007ffef4acb000 	C:\WINDOWS\SYSTEM32\drvstore.dll
0x00007ffefc5f0000 - 0x00007ffefc66f000 	C:\WINDOWS\System32\WINTRUST.dll
0x00007ffefaab0000 - 0x00007ffefaae5000 	C:\WINDOWS\SYSTEM32\ntmarta.dll
0x00007ffefd110000 - 0x00007ffefd130000 	C:\WINDOWS\System32\imagehlp.dll
0x00007ffefb150000 - 0x00007ffefb16c000 	C:\WINDOWS\SYSTEM32\CRYPTSP.dll
0x00007ffefa8f0000 - 0x00007ffefa92a000 	C:\WINDOWS\system32\rsaenh.dll
0x00007ffefb390000 - 0x00007ffefb3b6000 	C:\WINDOWS\SYSTEM32\bcrypt.dll
0x00007ffefdd50000 - 0x00007ffefddf8000 	C:\WINDOWS\System32\clbcatq.dll
0x00007ffee5dc0000 - 0x00007ffee5df9000 	C:\WINDOWS\SYSTEM32\rometadata.dll
0x00007ffee42f0000 - 0x00007ffee433e000 	C:\ProgramData\obs-studio-hook\graphics-hook64.dll
0x00007ffee2bb0000 - 0x00007ffee2cf6000 	C:\WINDOWS\SYSTEM32\textinputframework.dll
0x00007ffef5440000 - 0x00007ffef5723000 	C:\WINDOWS\SYSTEM32\CoreUIComponents.dll

dbghelp: loaded successfully - version: 4.0.5 - missing functions: none
symbol engine: initialized successfully - sym options: 0x614 - pdb path: .;C:\Program Files\Java\jdk-23.0.1+11\bin;C:\WINDOWS\SYSTEM32;C:\WINDOWS\WinSxS\amd64_microsoft.windows.common-controls_6595b64144ccf1df_6.0.26100.3323_none_3e088096e3344490;C:\Program Files\Java\jdk-23.0.1+11\bin\server;C:\Users\necro\AppData\Local\Temp\lwjgl_necro\3.3.6+1\x64;C:\ProgramData\obs-studio-hook

VM Arguments:
jvm_args: -Dfile.encoding=UTF-8 -Dstdout.encoding=UTF-8 -Dstderr.encoding=UTF-8 -XX:+ShowCodeDetailsInExceptionMessages 
java_command: org.drakum.demo.App
java_class_path (initial): J:\java\git\drakum\drakum-demo\bin\main;F:\Caches\.gradle\caches\modules-2\files-2.1\org.lwjgl\lwjgl-glfw\3.3.6\7119f7d0eeb1e5502ff0ca71d2b4d47317da015\lwjgl-glfw-3.3.6.jar;F:\Caches\.gradle\caches\modules-2\files-2.1\org.lwjgl\lwjgl-vulkan\3.3.6\a403e0931b03b138854bb2ba9c48dab646cba6d8\lwjgl-vulkan-3.3.6.jar;F:\Caches\.gradle\caches\modules-2\files-2.1\org.lwjgl\lwjgl\3.3.6\ce7721d30cfaf47feaed10213e0c43eb55c49d68\lwjgl-3.3.6.jar;F:\Caches\.gradle\caches\modules-2\files-2.1\org.joml\joml\1.10.8\fc0a71dad90a2cf41d82a76156a0e700af8e4f8d\joml-1.10.8.jar;F:\Caches\.gradle\caches\modules-2\files-2.1\it.unimi.dsi\fastutil\8.5.15\1e885b40c9563ab0d3899b871fd0b30e958705dc\fastutil-8.5.15.jar;F:\Caches\.gradle\caches\modules-2\files-2.1\org.jetbrains.kotlin\kotlin-stdlib-jdk8\1.8.20\73576ddf378c5b4f1f6b449fe6b119b8183fc078\kotlin-stdlib-jdk8-1.8.20.jar;F:\Caches\.gradle\caches\modules-2\files-2.1\org.jetbrains.kotlin\kotlin-stdlib-jdk7\1.8.20\3aa51faf20aae8b31e1a4bc54f8370673d7b7df4\kotlin-stdlib-jdk7-1.8.20.jar;F:\Caches\.gradle\caches\modules-2\files-2.1\org.jetbrains.kotlin\kotlin-stdlib\1.8.20\e72fc5e03ec6c064c678a6bd0d955c88d55b0c4a\kotlin-stdlib-1.8.20.jar;F:\Caches\.gradle\caches\modules-2\files-2.1\org.jetbrains.kotlin\kotlin-stdlib-common\1.8.20\5eddaaf234c8c49d03eebeb6a14feb7f90faca71\kotlin-stdlib-common-1.8.20.jar;F:\Caches\.gradle\caches\modules-2\files-2.1\org.jetbrains\annotations\13.0\919f0dfe192fb4e063e7dacadee7f8bb9a2672a9\annotations-13.0.jar;F:\Caches\.gradle\caches\modules-2\files-2.1\org.lwjgl\lwjgl-glfw\3.3.6\99ef08056feb9627f90425a4d2a22cd9fae8e39b\lwjgl-glfw-3.3.6-natives-windows.jar;F:\Caches\.gradle\caches\modules-2\files-2.1\org.lwjgl\lwjgl\3.3.6\9a29b6a22fc5184604b8cb434ee5d5ecc4bfcbee\lwjgl-3.3.6-natives-windows.jar
Launcher Type: SUN_STANDARD

[Global flags]
     intx CICompilerCount                          = 15                                        {product} {ergonomic}
     uint ConcGCThreads                            = 6                                         {product} {ergonomic}
     uint G1ConcRefinementThreads                  = 23                                        {product} {ergonomic}
   size_t G1HeapRegionSize                         = 4194304                                   {product} {ergonomic}
   size_t InitialHeapSize                          = 524288000                                 {product} {ergonomic}
   size_t MarkStackSize                            = 4194304                                   {product} {ergonomic}
   size_t MarkStackSizeMax                         = 536870912                                 {product} {ergonomic}
   size_t MaxHeapSize                              = 8363442176                                {product} {ergonomic}
   size_t MaxNewSize                               = 5016387584                                {product} {ergonomic}
   size_t MinHeapDeltaBytes                        = 4194304                                   {product} {ergonomic}
   size_t MinHeapSize                              = 8388608                                   {product} {ergonomic}
    uintx NonNMethodCodeHeapSize                   = 8192000                                {pd product} {ergonomic}
    uintx NonProfiledCodeHeapSize                  = 121765888                              {pd product} {ergonomic}
    uintx ProfiledCodeHeapSize                     = 121700352                              {pd product} {ergonomic}
    uintx ReservedCodeCacheSize                    = 251658240                              {pd product} {ergonomic}
     bool SegmentedCodeCache                       = true                                      {product} {ergonomic}
     bool ShowCodeDetailsInExceptionMessages       = true                                   {manageable} {command line}
   size_t SoftMaxHeapSize                          = 8363442176                             {manageable} {ergonomic}
     bool UseCompressedOops                        = true                           {product lp64_product} {ergonomic}
     bool UseG1GC                                  = true                                      {product} {ergonomic}
     bool UseLargePagesIndividualAllocation        = false                                  {pd product} {ergonomic}

Logging:
Log output configuration:
 #0: stdout all=warning uptime,level,tags foldmultilines=false
 #1: stderr all=off uptime,level,tags foldmultilines=false

Environment Variables:
JAVA_HOME=C:\Program Files\Java\jdk-23.0.1+11
PATH=C:/Program Files/Java/jdk-23.0.1+11/bin/server;C:/Program Files/Java/jdk-23.0.1+11/bin;C:\Program Files (x86)\Razer Chroma SDK\bin;C:\Program Files\Razer Chroma SDK\bin;C:\VulkanSDK\1.3.275.0\Bin;C:\Windows\system32;C:\Windows;C:\Windows\System32\Wbem;C:\Windows\System32\WindowsPowerShell\v1.0\;C:\Windows\System32\OpenSSH\;C:\Program Files\Microsoft SQL Server\150\Tools\Binn\;C:\Program Files\Microsoft SQL Server\Client SDK\ODBC\170\Tools\Binn\;C:\Program Files\dotnet\;C:\Program Files (x86)\Windows Kits\10\Windows Performance Toolkit\;C:\Windows\system32\config\systemprofile\AppData\Local\Microsoft\WindowsApps;C:\Program Files (x86)\Razer\ChromaBroadcast\bin;C:\Program Files\Razer\ChromaBroadcast\bin;C:\Users\necro\AppData\Local\Microsoft\WindowsApps;C:\Users\necro\AppData\Local\Programs\Microsoft VS Code\bin;C:\Users\necro\.dotnet\tools;C:\Program Files\Gradle\gradle-8.7\bin;C:\Program Files\Git\cmd;;%SystemRoot%\system32;%SystemRoot%;%SystemRoot%\System32\Wbem;%SYSTEMROOT%\System32\WindowsPowerShell\v1.0\;%SYSTEMROOT%\System32\OpenSSH\;C:\Program Files\Java\jdk-23.0.1+11\bin;C:\Program Files\JetBrains\IntelliJ IDEA Community Edition 2024.2.0.1\bin;C:\Users\necro\Desktop;
USERNAME=necro
OS=Windows_NT
PROCESSOR_IDENTIFIER=AMD64 Family 25 Model 97 Stepping 2, AuthenticAMD
TMP=C:\Users\necro\AppData\Local\Temp
TEMP=C:\Users\necro\AppData\Local\Temp




Periodic native trim disabled

---------------  S Y S T E M  ---------------

OS:
 Windows 11 , 64 bit Build 26100 (10.0.26100.3323)
OS uptime: 0 days 2:27 hours

CPU: total 32 (initial active 32) (32 cores per cpu, 2 threads per core) family 25 model 97 stepping 2 microcode 0xa601203, cx8, cmov, fxsr, ht, mmx, 3dnowpref, sse, sse2, sse3, ssse3, sse4a, sse4.1, sse4.2, popcnt, lzcnt, tsc, tscinvbit, avx, avx2, aes, erms, clmul, bmi1, bmi2, adx, avx512f, avx512dq, avx512cd, avx512bw, avx512vl, sha, fma, vzeroupper, avx512_vpopcntdq, avx512_vpclmulqdq, avx512_vaes, avx512_vnni, clflush, clflushopt, avx512_vbmi2, avx512_vbmi, rdtscp, rdpid, fsrm, gfni, avx512_bitalg, f16c, pku, cet_ss, avx512_ifma
Processor Information for the first 32 processors :
  Max Mhz: 4201, Current Mhz: 4201, Mhz Limit: 4201

Memory: 4k page, system-wide physical 31897M (20868M free)
TotalPageFile size 51353M (AvailPageFile size 35610M)
current process WorkingSet (physical memory assigned to process): 75M, peak: 143M
current process commit charge ("private bytes"): 637M, peak: 770M

vm_info: OpenJDK 64-Bit Server VM (23.0.1+11) for windows-amd64 JRE (23.0.1+11), built on 2024-10-15T00:00:00Z with MS VC++ 17.7 (VS2022)

END.
